--------------- Build Started: 04/30/2023 18:13:02 Project: Ball, Configuration: ARM GCC 4.9-2015-q1-update Debug ---------------
cydsfit.exe -.appdatapath "C:\Users\Michael\AppData\Local\Cypress Semiconductor\PSoC Creator\3.3" -.fdsnotice -.fdswarpdepfile=warp_dependencies.txt -.fdselabdepfile=elab_dependencies.txt -.fdsbldfile=generated_files.txt -p "C:\Users\Michael\Dropbox (MIT)\College\Senior Year\6.115 - Microcomputer Project Laboratory\6.115 - Final Project\Software\PSoC Creator\Ball.cydsn\Ball.cyprj" -d CY8C5888LTI-LP097 -s "C:\Users\Michael\Dropbox (MIT)\College\Senior Year\6.115 - Microcomputer Project Laboratory\6.115 - Final Project\Software\PSoC Creator\Ball.cydsn\Generated_Source\PSoC5" -- -yv2 -q10 -ygs -o2 -v3 -.fftcfgtype=LE
Elaborating Design...
HDL Generation ...
Synthesis ...
Place and Route ...
Tech mapping ...
ADD: pft.M0040: information: The following 2 pin(s) will be assigned a location by the fitter: \USBUART:Dm(0)\, \USBUART:Dp(0)\
Analog Placement ...
Analog Routing ...
Analog Code Generation ...
Digital Placement ...
Digital Routing ...
Bitstream Generation ...
Static timing analysis ...
API Generation ...
Dependency Generation ...
Clean Temporary Files ...
arm-none-eabi-gcc.exe -mcpu=cortex-m3 -mthumb -Wno-main -I. -IGenerated_Source\PSoC5 -Wa,-alh=.\CortexM3\ARM_GCC_493\Debug/main.lst -g -D DEBUG -Wall -ffunction-sections -Og -ffat-lto-objects -c .\main.c -o .\CortexM3\ARM_GCC_493\Debug\main.o
.\main.c: In function 'main':
.\main.c:92:9: warning: implicit declaration of function 'sprintf' [-Wimplicit-function-declaration]
         sprintf(data_buf,"RC %s Time= %ld\r\n",(rc_timer_int_flag & RC_Timer_STATUS_CAPTURE)?"Capture":"Overflow", rc_timer_count);
         ^
.\main.c:92:9: warning: incompatible implicit declaration of built-in function 'sprintf'
.\main.c:100:13: warning: unused variable 'value' [-Wunused-variable]
         int value = RC_Count_2_Read();
             ^
.\main.c:60:9: warning: unused variable 'count_value' [-Wunused-variable]
     int count_value = 0;
         ^
.\main.c:57:9: warning: unused variable 'compare_value' [-Wunused-variable]
     int compare_value = 127;
         ^
arm-none-eabi-gcc.exe -mcpu=cortex-m3 -mthumb -Wno-main -I. -IGenerated_Source\PSoC5 -Wa,-alh=.\CortexM3\ARM_GCC_493\Debug/RC_Timer.lst -g -D DEBUG -Wall -ffunction-sections -Og -ffat-lto-objects -c .\Generated_Source\PSoC5\RC_Timer.c -o .\CortexM3\ARM_GCC_493\Debug\RC_Timer.o
arm-none-eabi-gcc.exe -mcpu=cortex-m3 -mthumb -Wno-main -I. -IGenerated_Source\PSoC5 -Wa,-alh=.\CortexM3\ARM_GCC_493\Debug/RC_Timer_PM.lst -g -D DEBUG -Wall -ffunction-sections -Og -ffat-lto-objects -c .\Generated_Source\PSoC5\RC_Timer_PM.c -o .\CortexM3\ARM_GCC_493\Debug\RC_Timer_PM.o
arm-none-eabi-ar.exe -rs .\CortexM3\ARM_GCC_493\Debug\Ball.a .\CortexM3\ARM_GCC_493\Debug\cyfitter_cfg.o .\CortexM3\ARM_GCC_493\Debug\Motor_A_PWM.o .\CortexM3\ARM_GCC_493\Debug\Motor_A_PWM_PM.o .\CortexM3\ARM_GCC_493\Debug\Clock_1.o .\CortexM3\ARM_GCC_493\Debug\Motor_A_Output_In1.o .\CortexM3\ARM_GCC_493\Debug\Motor_A_Output_In2.o .\CortexM3\ARM_GCC_493\Debug\CyBootAsmGnu.o .\CortexM3\ARM_GCC_493\Debug\CyDmac.o .\CortexM3\ARM_GCC_493\Debug\CyFlash.o .\CortexM3\ARM_GCC_493\Debug\CyLib.o .\CortexM3\ARM_GCC_493\Debug\cyPm.o .\CortexM3\ARM_GCC_493\Debug\CySpc.o .\CortexM3\ARM_GCC_493\Debug\cyutils.o .\CortexM3\ARM_GCC_493\Debug\USBUART.o .\CortexM3\ARM_GCC_493\Debug\USBUART_audio.o .\CortexM3\ARM_GCC_493\Debug\USBUART_boot.o .\CortexM3\ARM_GCC_493\Debug\USBUART_cdc.o .\CortexM3\ARM_GCC_493\Debug\USBUART_cls.o .\CortexM3\ARM_GCC_493\Debug\USBUART_descr.o .\CortexM3\ARM_GCC_493\Debug\USBUART_drv.o .\CortexM3\ARM_GCC_493\Debug\USBUART_episr.o .\CortexM3\ARM_GCC_493\Debug\USBUART_hid.o .\CortexM3\ARM_GCC_493\Debug\USBUART_pm.o .\CortexM3\ARM_GCC_493\Debug\USBUART_std.o .\CortexM3\ARM_GCC_493\Debug\USBUART_vnd.o .\CortexM3\ARM_GCC_493\Debug\USBUART_midi.o .\CortexM3\ARM_GCC_493\Debug\USBUART_msc.o .\CortexM3\ARM_GCC_493\Debug\USBUART_Dm.o .\CortexM3\ARM_GCC_493\Debug\USBUART_Dp.o .\CortexM3\ARM_GCC_493\Debug\RC_Count_1.o .\CortexM3\ARM_GCC_493\Debug\RC_Counter.o .\CortexM3\ARM_GCC_493\Debug\RC_Counter_PM.o .\CortexM3\ARM_GCC_493\Debug\RC_PWM.o .\CortexM3\ARM_GCC_493\Debug\RC_PWM_PM.o .\CortexM3\ARM_GCC_493\Debug\RC_Count_2.o .\CortexM3\ARM_GCC_493\Debug\RC_Timer.o .\CortexM3\ARM_GCC_493\Debug\RC_Timer_PM.o .\CortexM3\ARM_GCC_493\Debug\RC_Timer_Interrupt.o
arm-none-eabi-ar.exe: creating .\CortexM3\ARM_GCC_493\Debug\Ball.a
arm-none-eabi-gcc.exe -Wl,--start-group -o .\CortexM3\ARM_GCC_493\Debug\Ball.elf .\CortexM3\ARM_GCC_493\Debug\main.o .\CortexM3\ARM_GCC_493\Debug\cymetadata.o .\CortexM3\ARM_GCC_493\Debug\Cm3Start.o .\CortexM3\ARM_GCC_493\Debug\Ball.a "C:\Program Files (x86)\Cypress\PSoC Creator\3.3\PSoC Creator\psoc\content\cycomponentlibrary\CyComponentLibrary.cylib\CortexM3\ARM_GCC_493\Debug\CyComponentLibrary.a" -mcpu=cortex-m3 -mthumb -g -ffunction-sections -Og -ffat-lto-objects -L Generated_Source\PSoC5 -Wl,-Map,.\CortexM3\ARM_GCC_493\Debug/Ball.map -T Generated_Source\PSoC5\cm3gcc.ld -specs=nano.specs -Wl,--gc-sections -Wl,--end-group
cyelftool.exe -C "C:\Users\Michael\Dropbox (MIT)\College\Senior Year\6.115 - Microcomputer Project Laboratory\6.115 - Final Project\Software\PSoC Creator\Ball.cydsn\CortexM3\ARM_GCC_493\Debug\Ball.elf" --flash_row_size 256 --flash_size 262144
cyelftool.exe -S "C:\Users\Michael\Dropbox (MIT)\College\Senior Year\6.115 - Microcomputer Project Laboratory\6.115 - Final Project\Software\PSoC Creator\Ball.cydsn\CortexM3\ARM_GCC_493\Debug\Ball.elf"
Flash used: 10496 of 262144 bytes (4.0%).
SRAM used: 2869 of 65536 bytes (4.4%). Stack: 2048 bytes. Heap: 128 bytes.
--------------- Build Succeeded: 04/30/2023 18:13:09 ---------------
