ARM GAS  C:\Users\Michael\AppData\Local\Temp\ccS0ILQd.s 			page 1


   1              		.syntax unified
   2              		.cpu cortex-m3
   3              		.fpu softvfp
   4              		.eabi_attribute 20, 1
   5              		.eabi_attribute 21, 1
   6              		.eabi_attribute 23, 3
   7              		.eabi_attribute 24, 1
   8              		.eabi_attribute 25, 1
   9              		.eabi_attribute 26, 1
  10              		.eabi_attribute 30, 1
  11              		.eabi_attribute 34, 1
  12              		.eabi_attribute 18, 4
  13              		.thumb
  14              		.file	"dc_motor.c"
  15              		.text
  16              	.Ltext0:
  17              		.cfi_sections	.debug_frame
  18              		.section	.text.init_dc_motors,"ax",%progbits
  19              		.align	2
  20              		.global	init_dc_motors
  21              		.thumb
  22              		.thumb_func
  23              		.type	init_dc_motors, %function
  24              	init_dc_motors:
  25              	.LFB63:
  26              		.file 1 ".\\dc_motor.c"
   1:.\dc_motor.c  **** /* ========================================
   2:.\dc_motor.c  ****  *
   3:.\dc_motor.c  ****  * Copyright YOUR COMPANY, THE YEAR
   4:.\dc_motor.c  ****  * All Rights Reserved
   5:.\dc_motor.c  ****  * UNPUBLISHED, LICENSED SOFTWARE.
   6:.\dc_motor.c  ****  *
   7:.\dc_motor.c  ****  * CONFIDENTIAL AND PROPRIETARY INFORMATION
   8:.\dc_motor.c  ****  * WHICH IS THE PROPERTY OF your company.
   9:.\dc_motor.c  ****  *
  10:.\dc_motor.c  ****  * ========================================
  11:.\dc_motor.c  **** */
  12:.\dc_motor.c  **** #include "project.h"
  13:.\dc_motor.c  **** #include "dc_motor.h"
  14:.\dc_motor.c  **** 
  15:.\dc_motor.c  **** const int NUM_DC_MOTORS = 3;
  16:.\dc_motor.c  **** const float DC_MOTOR_POS_TOLERANCE = 0.1;
  17:.\dc_motor.c  **** 
  18:.\dc_motor.c  **** void init_dc_motors() {
  27              		.loc 1 18 0
  28              		.cfi_startproc
  29              		@ args = 0, pretend = 0, frame = 0
  30              		@ frame_needed = 0, uses_anonymous_args = 0
  31 0000 08B5     		push	{r3, lr}
  32              		.cfi_def_cfa_offset 8
  33              		.cfi_offset 3, -8
  34              		.cfi_offset 14, -4
  19:.\dc_motor.c  ****     Drive_DC_Motor_PWM_Start();
  35              		.loc 1 19 0
  36 0002 FFF7FEFF 		bl	Drive_DC_Motor_PWM_Start
  37              	.LVL0:
  20:.\dc_motor.c  ****     Drive_DC_Motor_Quad_Dec_Start();
ARM GAS  C:\Users\Michael\AppData\Local\Temp\ccS0ILQd.s 			page 2


  38              		.loc 1 20 0
  39 0006 FFF7FEFF 		bl	Drive_DC_Motor_Quad_Dec_Start
  40              	.LVL1:
  21:.\dc_motor.c  ****     Drive_DC_Motor_Quad_Dec_SetCounter(0);
  41              		.loc 1 21 0
  42 000a 0020     		movs	r0, #0
  43 000c FFF7FEFF 		bl	Drive_DC_Motor_Quad_Dec_SetCounter
  44              	.LVL2:
  22:.\dc_motor.c  ****     
  23:.\dc_motor.c  ****     Pendulum_DC_Motor_PWM_Start();
  45              		.loc 1 23 0
  46 0010 FFF7FEFF 		bl	Pendulum_DC_Motor_PWM_Start
  47              	.LVL3:
  24:.\dc_motor.c  ****     Pendulum_DC_Motor_Quad_Dec_Start();
  48              		.loc 1 24 0
  49 0014 FFF7FEFF 		bl	Pendulum_DC_Motor_Quad_Dec_Start
  50              	.LVL4:
  25:.\dc_motor.c  ****     Pendulum_DC_Motor_Quad_Dec_SetCounter(0);
  51              		.loc 1 25 0
  52 0018 0020     		movs	r0, #0
  53 001a FFF7FEFF 		bl	Pendulum_DC_Motor_Quad_Dec_SetCounter
  54              	.LVL5:
  26:.\dc_motor.c  ****     
  27:.\dc_motor.c  ****     Flywheel_DC_Motor_PWM_Start();
  55              		.loc 1 27 0
  56 001e FFF7FEFF 		bl	Flywheel_DC_Motor_PWM_Start
  57              	.LVL6:
  58 0022 08BD     		pop	{r3, pc}
  59              		.cfi_endproc
  60              	.LFE63:
  61              		.size	init_dc_motors, .-init_dc_motors
  62              		.section	.text.construct_dc_motor,"ax",%progbits
  63              		.align	2
  64              		.global	construct_dc_motor
  65              		.thumb
  66              		.thumb_func
  67              		.type	construct_dc_motor, %function
  68              	construct_dc_motor:
  69              	.LFB64:
  28:.\dc_motor.c  **** }
  29:.\dc_motor.c  **** 
  30:.\dc_motor.c  **** void construct_dc_motor(DC_MOTOR *dc_motor, uint8 id, int16 max_pwm, uint16 counts_per_rot, float m
  70              		.loc 1 30 0
  71              		.cfi_startproc
  72              		@ args = 8, pretend = 0, frame = 0
  73              		@ frame_needed = 0, uses_anonymous_args = 0
  74              		@ link register save eliminated.
  75              	.LVL7:
  31:.\dc_motor.c  ****     dc_motor->id = id;
  76              		.loc 1 31 0
  77 0000 0170     		strb	r1, [r0]
  32:.\dc_motor.c  ****     dc_motor->max_pwm = max_pwm;
  78              		.loc 1 32 0
  79 0002 8280     		strh	r2, [r0, #4]	@ movhi
  33:.\dc_motor.c  ****     dc_motor->pwm = 0;
  80              		.loc 1 33 0
  81 0004 0022     		movs	r2, #0
ARM GAS  C:\Users\Michael\AppData\Local\Temp\ccS0ILQd.s 			page 3


  82              	.LVL8:
  83 0006 4280     		strh	r2, [r0, #2]	@ movhi
  34:.\dc_motor.c  ****     dc_motor->counts_per_rot = counts_per_rot;
  84              		.loc 1 34 0
  85 0008 C380     		strh	r3, [r0, #6]	@ movhi
  35:.\dc_motor.c  ****     dc_motor->enc_count = 0;
  86              		.loc 1 35 0
  87 000a 0281     		strh	r2, [r0, #8]	@ movhi
  36:.\dc_motor.c  ****     dc_motor->max_pos = max_pos;
  88              		.loc 1 36 0
  89 000c 009B     		ldr	r3, [sp]	@ float
  90              	.LVL9:
  91 000e C360     		str	r3, [r0, #12]	@ float
  37:.\dc_motor.c  ****     dc_motor->min_pos = min_pos;
  92              		.loc 1 37 0
  93 0010 019B     		ldr	r3, [sp, #4]	@ float
  94 0012 0361     		str	r3, [r0, #16]	@ float
  38:.\dc_motor.c  ****     dc_motor->pos = 0;
  95              		.loc 1 38 0
  96 0014 0023     		movs	r3, #0
  97 0016 4361     		str	r3, [r0, #20]	@ float
  39:.\dc_motor.c  ****     dc_motor->vel = 0;
  98              		.loc 1 39 0
  99 0018 8361     		str	r3, [r0, #24]	@ float
 100 001a 7047     		bx	lr
 101              		.cfi_endproc
 102              	.LFE64:
 103              		.size	construct_dc_motor, .-construct_dc_motor
 104              		.section	.text.set_dc_motor_pwm,"ax",%progbits
 105              		.align	2
 106              		.global	set_dc_motor_pwm
 107              		.thumb
 108              		.thumb_func
 109              		.type	set_dc_motor_pwm, %function
 110              	set_dc_motor_pwm:
 111              	.LFB65:
  40:.\dc_motor.c  **** }
  41:.\dc_motor.c  **** 
  42:.\dc_motor.c  **** void set_dc_motor_pwm(DC_MOTOR *dc_motor, int16 pwm) {
 112              		.loc 1 42 0
 113              		.cfi_startproc
 114              		@ args = 0, pretend = 0, frame = 0
 115              		@ frame_needed = 0, uses_anonymous_args = 0
 116              	.LVL10:
 117 0000 10B5     		push	{r4, lr}
 118              		.cfi_def_cfa_offset 8
 119              		.cfi_offset 4, -8
 120              		.cfi_offset 14, -4
 121 0002 0446     		mov	r4, r0
  43:.\dc_motor.c  ****     if (abs(pwm) > dc_motor->max_pwm) {
 122              		.loc 1 43 0
 123 0004 81EAE170 		eor	r0, r1, r1, asr #31
 124              	.LVL11:
 125 0008 A0EBE170 		sub	r0, r0, r1, asr #31
 126 000c A388     		ldrh	r3, [r4, #4]
 127 000e 1AB2     		sxth	r2, r3
 128 0010 9042     		cmp	r0, r2
ARM GAS  C:\Users\Michael\AppData\Local\Temp\ccS0ILQd.s 			page 4


 129 0012 07DD     		ble	.L5
  44:.\dc_motor.c  ****         if (pwm < 0) 
 130              		.loc 1 44 0
 131 0014 0029     		cmp	r1, #0
 132 0016 01DA     		bge	.L6
  45:.\dc_motor.c  ****             dc_motor->pwm = -dc_motor->max_pwm;
 133              		.loc 1 45 0
 134 0018 5A42     		negs	r2, r3
 135 001a 6280     		strh	r2, [r4, #2]	@ movhi
 136              	.L6:
  46:.\dc_motor.c  ****         if (pwm > 0) 
 137              		.loc 1 46 0
 138 001c 0029     		cmp	r1, #0
 139 001e 02DD     		ble	.L7
  47:.\dc_motor.c  ****             dc_motor->pwm = dc_motor->max_pwm;
 140              		.loc 1 47 0
 141 0020 6380     		strh	r3, [r4, #2]	@ movhi
 142 0022 00E0     		b	.L7
 143              	.L5:
  48:.\dc_motor.c  ****     } else {
  49:.\dc_motor.c  ****         dc_motor->pwm = pwm;
 144              		.loc 1 49 0
 145 0024 6180     		strh	r1, [r4, #2]	@ movhi
 146              	.L7:
  50:.\dc_motor.c  ****     }
  51:.\dc_motor.c  ****     
  52:.\dc_motor.c  ****     if (dc_motor->id == DRIVE_DC_MOTOR) {
 147              		.loc 1 52 0
 148 0026 2378     		ldrb	r3, [r4]	@ zero_extendqisi2
 149 0028 EBB9     		cbnz	r3, .L8
  53:.\dc_motor.c  ****         if (pwm < 0) {
 150              		.loc 1 53 0
 151 002a 0029     		cmp	r1, #0
 152 002c 0BDA     		bge	.L9
  54:.\dc_motor.c  ****             Drive_DC_Motor_PWM_WriteCompare1(abs(dc_motor->pwm));
 153              		.loc 1 54 0
 154 002e B4F90200 		ldrsh	r0, [r4, #2]
 155 0032 0028     		cmp	r0, #0
 156 0034 B8BF     		it	lt
 157 0036 4042     		rsblt	r0, r0, #0
 158 0038 C0B2     		uxtb	r0, r0
 159 003a FFF7FEFF 		bl	Drive_DC_Motor_PWM_WriteCompare1
 160              	.LVL12:
  55:.\dc_motor.c  ****             Drive_DC_Motor_PWM_WriteCompare2(0);
 161              		.loc 1 55 0
 162 003e 0020     		movs	r0, #0
 163 0040 FFF7FEFF 		bl	Drive_DC_Motor_PWM_WriteCompare2
 164              	.LVL13:
 165 0044 10BD     		pop	{r4, pc}
 166              	.LVL14:
 167              	.L9:
  56:.\dc_motor.c  ****         } else if (pwm > 0) {
 168              		.loc 1 56 0
 169 0046 0029     		cmp	r1, #0
 170 0048 06DD     		ble	.L11
  57:.\dc_motor.c  ****             Drive_DC_Motor_PWM_WriteCompare1(0);
 171              		.loc 1 57 0
ARM GAS  C:\Users\Michael\AppData\Local\Temp\ccS0ILQd.s 			page 5


 172 004a 0020     		movs	r0, #0
 173 004c FFF7FEFF 		bl	Drive_DC_Motor_PWM_WriteCompare1
 174              	.LVL15:
  58:.\dc_motor.c  ****             Drive_DC_Motor_PWM_WriteCompare2(dc_motor->pwm);
 175              		.loc 1 58 0
 176 0050 A078     		ldrb	r0, [r4, #2]	@ zero_extendqisi2
 177 0052 FFF7FEFF 		bl	Drive_DC_Motor_PWM_WriteCompare2
 178              	.LVL16:
 179 0056 10BD     		pop	{r4, pc}
 180              	.LVL17:
 181              	.L11:
  59:.\dc_motor.c  ****         } else {
  60:.\dc_motor.c  ****             Drive_DC_Motor_PWM_WriteCompare1(0);
 182              		.loc 1 60 0
 183 0058 0020     		movs	r0, #0
 184 005a FFF7FEFF 		bl	Drive_DC_Motor_PWM_WriteCompare1
 185              	.LVL18:
  61:.\dc_motor.c  ****             Drive_DC_Motor_PWM_WriteCompare2(0);
 186              		.loc 1 61 0
 187 005e 0020     		movs	r0, #0
 188 0060 FFF7FEFF 		bl	Drive_DC_Motor_PWM_WriteCompare2
 189              	.LVL19:
 190 0064 10BD     		pop	{r4, pc}
 191              	.LVL20:
 192              	.L8:
  62:.\dc_motor.c  ****         }
  63:.\dc_motor.c  ****     } else if (dc_motor->id == PENDULUM_DC_MOTOR) {
 193              		.loc 1 63 0
 194 0066 012B     		cmp	r3, #1
 195 0068 1DD1     		bne	.L12
  64:.\dc_motor.c  ****         /*get_dc_motor_pos(dc_motor);
  65:.\dc_motor.c  ****         if (dc_motor->pos > dc_motor->max_pos || dc_motor->pos < dc_motor->min_pos) {
  66:.\dc_motor.c  ****             Pendulum_DC_Motor_PWM_WriteCompare1(0);
  67:.\dc_motor.c  ****             Pendulum_DC_Motor_PWM_WriteCompare2(0);
  68:.\dc_motor.c  ****         } else {*/
  69:.\dc_motor.c  ****             if (pwm < 0) {
 196              		.loc 1 69 0
 197 006a 0029     		cmp	r1, #0
 198 006c 0BDA     		bge	.L13
  70:.\dc_motor.c  ****                 Pendulum_DC_Motor_PWM_WriteCompare1(abs(dc_motor->pwm));
 199              		.loc 1 70 0
 200 006e B4F90200 		ldrsh	r0, [r4, #2]
 201 0072 0028     		cmp	r0, #0
 202 0074 B8BF     		it	lt
 203 0076 4042     		rsblt	r0, r0, #0
 204 0078 C0B2     		uxtb	r0, r0
 205 007a FFF7FEFF 		bl	Pendulum_DC_Motor_PWM_WriteCompare1
 206              	.LVL21:
  71:.\dc_motor.c  ****                 Pendulum_DC_Motor_PWM_WriteCompare2(0);
 207              		.loc 1 71 0
 208 007e 0020     		movs	r0, #0
 209 0080 FFF7FEFF 		bl	Pendulum_DC_Motor_PWM_WriteCompare2
 210              	.LVL22:
 211 0084 10BD     		pop	{r4, pc}
 212              	.LVL23:
 213              	.L13:
  72:.\dc_motor.c  ****             } else if (pwm > 0) {
ARM GAS  C:\Users\Michael\AppData\Local\Temp\ccS0ILQd.s 			page 6


 214              		.loc 1 72 0
 215 0086 0029     		cmp	r1, #0
 216 0088 06DD     		ble	.L14
  73:.\dc_motor.c  ****                 Pendulum_DC_Motor_PWM_WriteCompare1(0);
 217              		.loc 1 73 0
 218 008a 0020     		movs	r0, #0
 219 008c FFF7FEFF 		bl	Pendulum_DC_Motor_PWM_WriteCompare1
 220              	.LVL24:
  74:.\dc_motor.c  ****                 Pendulum_DC_Motor_PWM_WriteCompare2(dc_motor->pwm);
 221              		.loc 1 74 0
 222 0090 A078     		ldrb	r0, [r4, #2]	@ zero_extendqisi2
 223 0092 FFF7FEFF 		bl	Pendulum_DC_Motor_PWM_WriteCompare2
 224              	.LVL25:
 225 0096 10BD     		pop	{r4, pc}
 226              	.LVL26:
 227              	.L14:
  75:.\dc_motor.c  ****             } else {
  76:.\dc_motor.c  ****                 Pendulum_DC_Motor_PWM_WriteCompare1(0);
 228              		.loc 1 76 0
 229 0098 0020     		movs	r0, #0
 230 009a FFF7FEFF 		bl	Pendulum_DC_Motor_PWM_WriteCompare1
 231              	.LVL27:
  77:.\dc_motor.c  ****                 Pendulum_DC_Motor_PWM_WriteCompare2(0);
 232              		.loc 1 77 0
 233 009e 0020     		movs	r0, #0
 234 00a0 FFF7FEFF 		bl	Pendulum_DC_Motor_PWM_WriteCompare2
 235              	.LVL28:
 236 00a4 10BD     		pop	{r4, pc}
 237              	.LVL29:
 238              	.L12:
  78:.\dc_motor.c  ****             }
  79:.\dc_motor.c  ****         //}
  80:.\dc_motor.c  ****     } else if (dc_motor->id == FLYWHEEL_DC_MOTOR) {
 239              		.loc 1 80 0
 240 00a6 022B     		cmp	r3, #2
 241 00a8 1CD1     		bne	.L4
  81:.\dc_motor.c  ****         if (pwm < 0) {
 242              		.loc 1 81 0
 243 00aa 0029     		cmp	r1, #0
 244 00ac 0BDA     		bge	.L15
  82:.\dc_motor.c  ****             Flywheel_DC_Motor_PWM_WriteCompare1(abs(dc_motor->pwm));
 245              		.loc 1 82 0
 246 00ae B4F90200 		ldrsh	r0, [r4, #2]
 247 00b2 0028     		cmp	r0, #0
 248 00b4 B8BF     		it	lt
 249 00b6 4042     		rsblt	r0, r0, #0
 250 00b8 C0B2     		uxtb	r0, r0
 251 00ba FFF7FEFF 		bl	Flywheel_DC_Motor_PWM_WriteCompare1
 252              	.LVL30:
  83:.\dc_motor.c  ****             Flywheel_DC_Motor_PWM_WriteCompare2(0);
 253              		.loc 1 83 0
 254 00be 0020     		movs	r0, #0
 255 00c0 FFF7FEFF 		bl	Flywheel_DC_Motor_PWM_WriteCompare2
 256              	.LVL31:
 257 00c4 10BD     		pop	{r4, pc}
 258              	.LVL32:
 259              	.L15:
ARM GAS  C:\Users\Michael\AppData\Local\Temp\ccS0ILQd.s 			page 7


  84:.\dc_motor.c  ****         } else if (pwm > 0) {
 260              		.loc 1 84 0
 261 00c6 0029     		cmp	r1, #0
 262 00c8 06DD     		ble	.L16
  85:.\dc_motor.c  ****             Flywheel_DC_Motor_PWM_WriteCompare1(0);
 263              		.loc 1 85 0
 264 00ca 0020     		movs	r0, #0
 265 00cc FFF7FEFF 		bl	Flywheel_DC_Motor_PWM_WriteCompare1
 266              	.LVL33:
  86:.\dc_motor.c  ****             Flywheel_DC_Motor_PWM_WriteCompare2(dc_motor->pwm);
 267              		.loc 1 86 0
 268 00d0 A078     		ldrb	r0, [r4, #2]	@ zero_extendqisi2
 269 00d2 FFF7FEFF 		bl	Flywheel_DC_Motor_PWM_WriteCompare2
 270              	.LVL34:
 271 00d6 10BD     		pop	{r4, pc}
 272              	.LVL35:
 273              	.L16:
  87:.\dc_motor.c  ****         } else {
  88:.\dc_motor.c  ****             Flywheel_DC_Motor_PWM_WriteCompare1(0);
 274              		.loc 1 88 0
 275 00d8 0020     		movs	r0, #0
 276 00da FFF7FEFF 		bl	Flywheel_DC_Motor_PWM_WriteCompare1
 277              	.LVL36:
  89:.\dc_motor.c  ****             Flywheel_DC_Motor_PWM_WriteCompare2(0);
 278              		.loc 1 89 0
 279 00de 0020     		movs	r0, #0
 280 00e0 FFF7FEFF 		bl	Flywheel_DC_Motor_PWM_WriteCompare2
 281              	.LVL37:
 282              	.L4:
 283 00e4 10BD     		pop	{r4, pc}
 284              		.cfi_endproc
 285              	.LFE65:
 286              		.size	set_dc_motor_pwm, .-set_dc_motor_pwm
 287              		.global	__aeabi_i2d
 288              		.global	__aeabi_dmul
 289              		.global	__aeabi_ddiv
 290              		.global	__aeabi_d2f
 291 00e6 00BF     		.section	.text.get_dc_motor_pos,"ax",%progbits
 292              		.align	2
 293              		.global	get_dc_motor_pos
 294              		.thumb
 295              		.thumb_func
 296              		.type	get_dc_motor_pos, %function
 297              	get_dc_motor_pos:
 298              	.LFB66:
  90:.\dc_motor.c  ****         }
  91:.\dc_motor.c  ****     }
  92:.\dc_motor.c  **** }
  93:.\dc_motor.c  **** 
  94:.\dc_motor.c  **** void get_dc_motor_pos(DC_MOTOR *dc_motor) {
 299              		.loc 1 94 0
 300              		.cfi_startproc
 301              		@ args = 0, pretend = 0, frame = 0
 302              		@ frame_needed = 0, uses_anonymous_args = 0
 303              	.LVL38:
 304 0000 D0B5     		push	{r4, r6, r7, lr}
 305              		.cfi_def_cfa_offset 16
ARM GAS  C:\Users\Michael\AppData\Local\Temp\ccS0ILQd.s 			page 8


 306              		.cfi_offset 4, -16
 307              		.cfi_offset 6, -12
 308              		.cfi_offset 7, -8
 309              		.cfi_offset 14, -4
 310 0002 0446     		mov	r4, r0
  95:.\dc_motor.c  ****     if (dc_motor->id == DRIVE_DC_MOTOR) {
 311              		.loc 1 95 0
 312 0004 0378     		ldrb	r3, [r0]	@ zero_extendqisi2
 313 0006 1BB9     		cbnz	r3, .L19
  96:.\dc_motor.c  ****         dc_motor->enc_count = Drive_DC_Motor_Quad_Dec_GetCounter();
 314              		.loc 1 96 0
 315 0008 FFF7FEFF 		bl	Drive_DC_Motor_Quad_Dec_GetCounter
 316              	.LVL39:
 317 000c 2081     		strh	r0, [r4, #8]	@ movhi
 318 000e 04E0     		b	.L20
 319              	.LVL40:
 320              	.L19:
  97:.\dc_motor.c  ****     } else if (dc_motor->id == PENDULUM_DC_MOTOR) {
 321              		.loc 1 97 0
 322 0010 012B     		cmp	r3, #1
 323 0012 02D1     		bne	.L20
  98:.\dc_motor.c  ****         dc_motor->enc_count = Pendulum_DC_Motor_Quad_Dec_GetCounter();
 324              		.loc 1 98 0
 325 0014 FFF7FEFF 		bl	Pendulum_DC_Motor_Quad_Dec_GetCounter
 326              	.LVL41:
 327 0018 2081     		strh	r0, [r4, #8]	@ movhi
 328              	.L20:
  99:.\dc_motor.c  ****     } else if (dc_motor->id == FLYWHEEL_DC_MOTOR) {
 100:.\dc_motor.c  ****         //dc_motor->enc_count = Flywheel_DC_Motor_Quad_Dec_GetCounter();
 101:.\dc_motor.c  ****     }
 102:.\dc_motor.c  ****     
 103:.\dc_motor.c  ****     dc_motor->pos = (dc_motor->enc_count * 2 * M_PI * COUNTS_PER_QUADRATURE)/dc_motor->counts_per_r
 329              		.loc 1 103 0
 330 001a B4F90800 		ldrsh	r0, [r4, #8]
 331 001e 4000     		lsls	r0, r0, #1
 332 0020 FFF7FEFF 		bl	__aeabi_i2d
 333              	.LVL42:
 334 0024 0CA3     		adr	r3, .L22
 335 0026 D3E90023 		ldrd	r2, [r3]
 336 002a FFF7FEFF 		bl	__aeabi_dmul
 337              	.LVL43:
 338 002e 0022     		movs	r2, #0
 339 0030 0B4B     		ldr	r3, .L22+8
 340 0032 FFF7FEFF 		bl	__aeabi_dmul
 341              	.LVL44:
 342 0036 0646     		mov	r6, r0
 343 0038 0F46     		mov	r7, r1
 344 003a E088     		ldrh	r0, [r4, #6]
 345 003c FFF7FEFF 		bl	__aeabi_i2d
 346              	.LVL45:
 347 0040 0246     		mov	r2, r0
 348 0042 0B46     		mov	r3, r1
 349 0044 3046     		mov	r0, r6
 350 0046 3946     		mov	r1, r7
 351 0048 FFF7FEFF 		bl	__aeabi_ddiv
 352              	.LVL46:
 353 004c FFF7FEFF 		bl	__aeabi_d2f
ARM GAS  C:\Users\Michael\AppData\Local\Temp\ccS0ILQd.s 			page 9


 354              	.LVL47:
 355 0050 6061     		str	r0, [r4, #20]	@ float
 356 0052 D0BD     		pop	{r4, r6, r7, pc}
 357              	.LVL48:
 358              	.L23:
 359 0054 AFF30080 		.align	3
 360              	.L22:
 361 0058 182D4454 		.word	1413754136
 362 005c FB210940 		.word	1074340347
 363 0060 00001040 		.word	1074790400
 364              		.cfi_endproc
 365              	.LFE66:
 366              		.size	get_dc_motor_pos, .-get_dc_motor_pos
 367              		.global	__aeabi_fadd
 368              		.global	__aeabi_fcmpgt
 369              		.global	__aeabi_fsub
 370              		.global	__aeabi_fcmplt
 371 0064 AFF30080 		.section	.text.set_dc_motor_pos,"ax",%progbits
 372              		.align	2
 373              		.global	set_dc_motor_pos
 374              		.thumb
 375              		.thumb_func
 376              		.type	set_dc_motor_pos, %function
 377              	set_dc_motor_pos:
 378              	.LFB67:
 104:.\dc_motor.c  **** }
 105:.\dc_motor.c  **** 
 106:.\dc_motor.c  **** void set_dc_motor_pos(DC_MOTOR *dc_motor, float dc_motor_pos) {
 379              		.loc 1 106 0
 380              		.cfi_startproc
 381              		@ args = 0, pretend = 0, frame = 0
 382              		@ frame_needed = 0, uses_anonymous_args = 0
 383              	.LVL49:
 107:.\dc_motor.c  ****     if (dc_motor->id == PENDULUM_DC_MOTOR) {
 384              		.loc 1 107 0
 385 0000 0378     		ldrb	r3, [r0]	@ zero_extendqisi2
 386 0002 012B     		cmp	r3, #1
 387 0004 27D1     		bne	.L35
 106:.\dc_motor.c  ****     if (dc_motor->id == PENDULUM_DC_MOTOR) {
 388              		.loc 1 106 0
 389 0006 70B5     		push	{r4, r5, r6, lr}
 390              		.cfi_def_cfa_offset 16
 391              		.cfi_offset 4, -16
 392              		.cfi_offset 5, -12
 393              		.cfi_offset 6, -8
 394              		.cfi_offset 14, -4
 395 0008 0D46     		mov	r5, r1
 396 000a 0446     		mov	r4, r0
 397              	.LVL50:
 398              	.LBB2:
 108:.\dc_motor.c  ****         const int pwm = 150;
 109:.\dc_motor.c  ****         get_dc_motor_pos(dc_motor);
 399              		.loc 1 109 0
 400 000c FFF7FEFF 		bl	get_dc_motor_pos
 401              	.LVL51:
 110:.\dc_motor.c  ****         if (dc_motor->pos > dc_motor_pos + DC_MOTOR_POS_TOLERANCE) {
 402              		.loc 1 110 0
ARM GAS  C:\Users\Michael\AppData\Local\Temp\ccS0ILQd.s 			page 10


 403 0010 6669     		ldr	r6, [r4, #20]	@ float
 404 0012 2846     		mov	r0, r5
 405 0014 1049     		ldr	r1, .L36
 406 0016 FFF7FEFF 		bl	__aeabi_fadd
 407              	.LVL52:
 408 001a 0146     		mov	r1, r0
 409 001c 3046     		mov	r0, r6
 410 001e FFF7FEFF 		bl	__aeabi_fcmpgt
 411              	.LVL53:
 412 0022 28B1     		cbz	r0, .L32
 111:.\dc_motor.c  ****             set_dc_motor_pwm(dc_motor, -pwm);
 413              		.loc 1 111 0
 414 0024 2046     		mov	r0, r4
 415 0026 6FF09501 		mvn	r1, #149
 416 002a FFF7FEFF 		bl	set_dc_motor_pwm
 417              	.LVL54:
 418 002e 70BD     		pop	{r4, r5, r6, pc}
 419              	.LVL55:
 420              	.L32:
 112:.\dc_motor.c  ****             //char debug[64] = "";
 113:.\dc_motor.c  ****             //sprintf(debug, "back %d\r\n", (int) (dc_motor->pos * 100));
 114:.\dc_motor.c  ****             //USBUART_PutString(debug);
 115:.\dc_motor.c  ****         } else if (dc_motor->pos < dc_motor_pos - DC_MOTOR_POS_TOLERANCE) {
 421              		.loc 1 115 0
 422 0030 2846     		mov	r0, r5
 423 0032 0949     		ldr	r1, .L36
 424 0034 FFF7FEFF 		bl	__aeabi_fsub
 425              	.LVL56:
 426 0038 0146     		mov	r1, r0
 427 003a 3046     		mov	r0, r6
 428 003c FFF7FEFF 		bl	__aeabi_fcmplt
 429              	.LVL57:
 430 0040 20B1     		cbz	r0, .L33
 116:.\dc_motor.c  ****             set_dc_motor_pwm(dc_motor, pwm);
 431              		.loc 1 116 0
 432 0042 2046     		mov	r0, r4
 433 0044 9621     		movs	r1, #150
 434 0046 FFF7FEFF 		bl	set_dc_motor_pwm
 435              	.LVL58:
 436 004a 70BD     		pop	{r4, r5, r6, pc}
 437              	.LVL59:
 438              	.L33:
 117:.\dc_motor.c  ****             //char debug[64] = "";
 118:.\dc_motor.c  ****             //sprintf(debug, "fwd %d\r\n", (int) (dc_motor->pos * 100));
 119:.\dc_motor.c  ****             //USBUART_PutString(debug);
 120:.\dc_motor.c  ****         } else {
 121:.\dc_motor.c  ****             set_dc_motor_pwm(dc_motor, 0);
 439              		.loc 1 121 0
 440 004c 2046     		mov	r0, r4
 441 004e 0021     		movs	r1, #0
 442 0050 FFF7FEFF 		bl	set_dc_motor_pwm
 443              	.LVL60:
 444 0054 70BD     		pop	{r4, r5, r6, pc}
 445              	.LVL61:
 446              	.L35:
 447              		.cfi_def_cfa_offset 0
 448              		.cfi_restore 4
ARM GAS  C:\Users\Michael\AppData\Local\Temp\ccS0ILQd.s 			page 11


 449              		.cfi_restore 5
 450              		.cfi_restore 6
 451              		.cfi_restore 14
 452 0056 7047     		bx	lr
 453              	.L37:
 454              		.align	2
 455              	.L36:
 456 0058 CDCCCC3D 		.word	1036831949
 457              	.LBE2:
 458              		.cfi_endproc
 459              	.LFE67:
 460              		.size	set_dc_motor_pos, .-set_dc_motor_pos
 461              		.global	DC_MOTOR_POS_TOLERANCE
 462              		.global	NUM_DC_MOTORS
 463              		.section	.rodata
 464              		.align	2
 465              		.type	DC_MOTOR_POS_TOLERANCE, %object
 466              		.size	DC_MOTOR_POS_TOLERANCE, 4
 467              	DC_MOTOR_POS_TOLERANCE:
 468 0000 CDCCCC3D 		.word	1036831949
 469              		.type	NUM_DC_MOTORS, %object
 470              		.size	NUM_DC_MOTORS, 4
 471              	NUM_DC_MOTORS:
 472 0004 03000000 		.word	3
 473              		.text
 474              	.Letext0:
 475              		.file 2 "c:\\program files (x86)\\cypress\\psoc creator\\3.3\\psoc creator\\import\\gnu\\arm\\4.9.
 476              		.file 3 "c:\\program files (x86)\\cypress\\psoc creator\\3.3\\psoc creator\\import\\gnu\\arm\\4.9.
 477              		.file 4 "Generated_Source\\PSoC5/cytypes.h"
 478              		.file 5 ".\\dc_motor.h"
 479              		.file 6 "Generated_Source\\PSoC5/core_cm3.h"
 480              		.file 7 "Generated_Source\\PSoC5/Drive_DC_Motor_PWM.h"
 481              		.file 8 "Generated_Source\\PSoC5/Drive_DC_Motor_Quad_Dec.h"
 482              		.file 9 "Generated_Source\\PSoC5/Pendulum_DC_Motor_PWM.h"
 483              		.file 10 "Generated_Source\\PSoC5/Pendulum_DC_Motor_Quad_Dec.h"
 484              		.file 11 "Generated_Source\\PSoC5/Flywheel_DC_Motor_PWM.h"
 485              		.file 12 "<built-in>"
 486              		.section	.debug_info,"",%progbits
 487              	.Ldebug_info0:
 488 0000 5B050000 		.4byte	0x55b
 489 0004 0400     		.2byte	0x4
 490 0006 00000000 		.4byte	.Ldebug_abbrev0
 491 000a 04       		.byte	0x4
 492 000b 01       		.uleb128 0x1
 493 000c 4E020000 		.4byte	.LASF49
 494 0010 01       		.byte	0x1
 495 0011 93030000 		.4byte	.LASF50
 496 0015 6B010000 		.4byte	.LASF51
 497 0019 00000000 		.4byte	.Ldebug_ranges0+0
 498 001d 00000000 		.4byte	0
 499 0021 00000000 		.4byte	.Ldebug_line0
 500 0025 02       		.uleb128 0x2
 501 0026 01       		.byte	0x1
 502 0027 06       		.byte	0x6
 503 0028 CA000000 		.4byte	.LASF0
 504 002c 02       		.uleb128 0x2
 505 002d 01       		.byte	0x1
ARM GAS  C:\Users\Michael\AppData\Local\Temp\ccS0ILQd.s 			page 12


 506 002e 08       		.byte	0x8
 507 002f D6000000 		.4byte	.LASF1
 508 0033 02       		.uleb128 0x2
 509 0034 02       		.byte	0x2
 510 0035 05       		.byte	0x5
 511 0036 FE010000 		.4byte	.LASF2
 512 003a 02       		.uleb128 0x2
 513 003b 02       		.byte	0x2
 514 003c 07       		.byte	0x7
 515 003d FB000000 		.4byte	.LASF3
 516 0041 03       		.uleb128 0x3
 517 0042 68000000 		.4byte	.LASF9
 518 0046 02       		.byte	0x2
 519 0047 3F       		.byte	0x3f
 520 0048 4C000000 		.4byte	0x4c
 521 004c 02       		.uleb128 0x2
 522 004d 04       		.byte	0x4
 523 004e 05       		.byte	0x5
 524 004f 7D040000 		.4byte	.LASF4
 525 0053 02       		.uleb128 0x2
 526 0054 04       		.byte	0x4
 527 0055 07       		.byte	0x7
 528 0056 E9020000 		.4byte	.LASF5
 529 005a 02       		.uleb128 0x2
 530 005b 08       		.byte	0x8
 531 005c 05       		.byte	0x5
 532 005d 00000000 		.4byte	.LASF6
 533 0061 02       		.uleb128 0x2
 534 0062 08       		.byte	0x8
 535 0063 07       		.byte	0x7
 536 0064 17030000 		.4byte	.LASF7
 537 0068 04       		.uleb128 0x4
 538 0069 04       		.byte	0x4
 539 006a 05       		.byte	0x5
 540 006b 696E7400 		.ascii	"int\000"
 541 006f 02       		.uleb128 0x2
 542 0070 04       		.byte	0x4
 543 0071 07       		.byte	0x7
 544 0072 FB020000 		.4byte	.LASF8
 545 0076 03       		.uleb128 0x3
 546 0077 B3000000 		.4byte	.LASF10
 547 007b 03       		.byte	0x3
 548 007c 2C       		.byte	0x2c
 549 007d 41000000 		.4byte	0x41
 550 0081 05       		.uleb128 0x5
 551 0082 51040000 		.4byte	.LASF11
 552 0086 04       		.byte	0x4
 553 0087 9201     		.2byte	0x192
 554 0089 2C000000 		.4byte	0x2c
 555 008d 05       		.uleb128 0x5
 556 008e 29020000 		.4byte	.LASF12
 557 0092 04       		.byte	0x4
 558 0093 9301     		.2byte	0x193
 559 0095 3A000000 		.4byte	0x3a
 560 0099 05       		.uleb128 0x5
 561 009a E4000000 		.4byte	.LASF13
 562 009e 04       		.byte	0x4
ARM GAS  C:\Users\Michael\AppData\Local\Temp\ccS0ILQd.s 			page 13


 563 009f 9601     		.2byte	0x196
 564 00a1 33000000 		.4byte	0x33
 565 00a5 02       		.uleb128 0x2
 566 00a6 04       		.byte	0x4
 567 00a7 04       		.byte	0x4
 568 00a8 BB000000 		.4byte	.LASF14
 569 00ac 02       		.uleb128 0x2
 570 00ad 08       		.byte	0x8
 571 00ae 04       		.byte	0x4
 572 00af 92040000 		.4byte	.LASF15
 573 00b3 02       		.uleb128 0x2
 574 00b4 01       		.byte	0x1
 575 00b5 08       		.byte	0x8
 576 00b6 8E030000 		.4byte	.LASF16
 577 00ba 02       		.uleb128 0x2
 578 00bb 04       		.byte	0x4
 579 00bc 07       		.byte	0x7
 580 00bd 5B030000 		.4byte	.LASF17
 581 00c1 02       		.uleb128 0x2
 582 00c2 08       		.byte	0x8
 583 00c3 04       		.byte	0x4
 584 00c4 86040000 		.4byte	.LASF18
 585 00c8 06       		.uleb128 0x6
 586 00c9 C1000000 		.4byte	.LASF25
 587 00cd 1C       		.byte	0x1c
 588 00ce 05       		.byte	0x5
 589 00cf 23       		.byte	0x23
 590 00d0 40010000 		.4byte	0x140
 591 00d4 07       		.uleb128 0x7
 592 00d5 696400   		.ascii	"id\000"
 593 00d8 05       		.byte	0x5
 594 00d9 24       		.byte	0x24
 595 00da 81000000 		.4byte	0x81
 596 00de 00       		.byte	0
 597 00df 07       		.uleb128 0x7
 598 00e0 70776D00 		.ascii	"pwm\000"
 599 00e4 05       		.byte	0x5
 600 00e5 25       		.byte	0x25
 601 00e6 99000000 		.4byte	0x99
 602 00ea 02       		.byte	0x2
 603 00eb 08       		.uleb128 0x8
 604 00ec 0E010000 		.4byte	.LASF19
 605 00f0 05       		.byte	0x5
 606 00f1 26       		.byte	0x26
 607 00f2 99000000 		.4byte	0x99
 608 00f6 04       		.byte	0x4
 609 00f7 08       		.uleb128 0x8
 610 00f8 39010000 		.4byte	.LASF20
 611 00fc 05       		.byte	0x5
 612 00fd 27       		.byte	0x27
 613 00fe 8D000000 		.4byte	0x8d
 614 0102 06       		.byte	0x6
 615 0103 08       		.uleb128 0x8
 616 0104 42000000 		.4byte	.LASF21
 617 0108 05       		.byte	0x5
 618 0109 28       		.byte	0x28
 619 010a 99000000 		.4byte	0x99
ARM GAS  C:\Users\Michael\AppData\Local\Temp\ccS0ILQd.s 			page 14


 620 010e 08       		.byte	0x8
 621 010f 08       		.uleb128 0x8
 622 0110 A3000000 		.4byte	.LASF22
 623 0114 05       		.byte	0x5
 624 0115 29       		.byte	0x29
 625 0116 A5000000 		.4byte	0xa5
 626 011a 0C       		.byte	0xc
 627 011b 08       		.uleb128 0x8
 628 011c AB000000 		.4byte	.LASF23
 629 0120 05       		.byte	0x5
 630 0121 2A       		.byte	0x2a
 631 0122 A5000000 		.4byte	0xa5
 632 0126 10       		.byte	0x10
 633 0127 07       		.uleb128 0x7
 634 0128 706F7300 		.ascii	"pos\000"
 635 012c 05       		.byte	0x5
 636 012d 2B       		.byte	0x2b
 637 012e A5000000 		.4byte	0xa5
 638 0132 14       		.byte	0x14
 639 0133 07       		.uleb128 0x7
 640 0134 76656C00 		.ascii	"vel\000"
 641 0138 05       		.byte	0x5
 642 0139 2C       		.byte	0x2c
 643 013a A5000000 		.4byte	0xa5
 644 013e 18       		.byte	0x18
 645 013f 00       		.byte	0
 646 0140 03       		.uleb128 0x3
 647 0141 64030000 		.4byte	.LASF24
 648 0145 05       		.byte	0x5
 649 0146 2D       		.byte	0x2d
 650 0147 C8000000 		.4byte	0xc8
 651 014b 09       		.uleb128 0x9
 652 014c 08030000 		.4byte	.LASF52
 653 0150 01       		.byte	0x1
 654 0151 12       		.byte	0x12
 655 0152 00000000 		.4byte	.LFB63
 656 0156 24000000 		.4byte	.LFE63-.LFB63
 657 015a 01       		.uleb128 0x1
 658 015b 9C       		.byte	0x9c
 659 015c B4010000 		.4byte	0x1b4
 660 0160 0A       		.uleb128 0xa
 661 0161 06000000 		.4byte	.LVL0
 662 0165 9D040000 		.4byte	0x49d
 663 0169 0A       		.uleb128 0xa
 664 016a 0A000000 		.4byte	.LVL1
 665 016e A4040000 		.4byte	0x4a4
 666 0172 0B       		.uleb128 0xb
 667 0173 10000000 		.4byte	.LVL2
 668 0177 AB040000 		.4byte	0x4ab
 669 017b 85010000 		.4byte	0x185
 670 017f 0C       		.uleb128 0xc
 671 0180 01       		.uleb128 0x1
 672 0181 50       		.byte	0x50
 673 0182 01       		.uleb128 0x1
 674 0183 30       		.byte	0x30
 675 0184 00       		.byte	0
 676 0185 0A       		.uleb128 0xa
ARM GAS  C:\Users\Michael\AppData\Local\Temp\ccS0ILQd.s 			page 15


 677 0186 14000000 		.4byte	.LVL3
 678 018a BC040000 		.4byte	0x4bc
 679 018e 0A       		.uleb128 0xa
 680 018f 18000000 		.4byte	.LVL4
 681 0193 C3040000 		.4byte	0x4c3
 682 0197 0B       		.uleb128 0xb
 683 0198 1E000000 		.4byte	.LVL5
 684 019c CA040000 		.4byte	0x4ca
 685 01a0 AA010000 		.4byte	0x1aa
 686 01a4 0C       		.uleb128 0xc
 687 01a5 01       		.uleb128 0x1
 688 01a6 50       		.byte	0x50
 689 01a7 01       		.uleb128 0x1
 690 01a8 30       		.byte	0x30
 691 01a9 00       		.byte	0
 692 01aa 0A       		.uleb128 0xa
 693 01ab 22000000 		.4byte	.LVL6
 694 01af DB040000 		.4byte	0x4db
 695 01b3 00       		.byte	0
 696 01b4 0D       		.uleb128 0xd
 697 01b5 72000000 		.4byte	.LASF26
 698 01b9 01       		.byte	0x1
 699 01ba 1E       		.byte	0x1e
 700 01bb 00000000 		.4byte	.LFB64
 701 01bf 1C000000 		.4byte	.LFE64-.LFB64
 702 01c3 01       		.uleb128 0x1
 703 01c4 9C       		.byte	0x9c
 704 01c5 1D020000 		.4byte	0x21d
 705 01c9 0E       		.uleb128 0xe
 706 01ca C1000000 		.4byte	.LASF25
 707 01ce 01       		.byte	0x1
 708 01cf 1E       		.byte	0x1e
 709 01d0 1D020000 		.4byte	0x21d
 710 01d4 01       		.uleb128 0x1
 711 01d5 50       		.byte	0x50
 712 01d6 0F       		.uleb128 0xf
 713 01d7 696400   		.ascii	"id\000"
 714 01da 01       		.byte	0x1
 715 01db 1E       		.byte	0x1e
 716 01dc 81000000 		.4byte	0x81
 717 01e0 01       		.uleb128 0x1
 718 01e1 51       		.byte	0x51
 719 01e2 10       		.uleb128 0x10
 720 01e3 0E010000 		.4byte	.LASF19
 721 01e7 01       		.byte	0x1
 722 01e8 1E       		.byte	0x1e
 723 01e9 99000000 		.4byte	0x99
 724 01ed 00000000 		.4byte	.LLST0
 725 01f1 10       		.uleb128 0x10
 726 01f2 39010000 		.4byte	.LASF20
 727 01f6 01       		.byte	0x1
 728 01f7 1E       		.byte	0x1e
 729 01f8 8D000000 		.4byte	0x8d
 730 01fc 1F000000 		.4byte	.LLST1
 731 0200 0E       		.uleb128 0xe
 732 0201 A3000000 		.4byte	.LASF22
 733 0205 01       		.byte	0x1
ARM GAS  C:\Users\Michael\AppData\Local\Temp\ccS0ILQd.s 			page 16


 734 0206 1E       		.byte	0x1e
 735 0207 A5000000 		.4byte	0xa5
 736 020b 02       		.uleb128 0x2
 737 020c 91       		.byte	0x91
 738 020d 00       		.sleb128 0
 739 020e 0E       		.uleb128 0xe
 740 020f AB000000 		.4byte	.LASF23
 741 0213 01       		.byte	0x1
 742 0214 1E       		.byte	0x1e
 743 0215 A5000000 		.4byte	0xa5
 744 0219 02       		.uleb128 0x2
 745 021a 91       		.byte	0x91
 746 021b 04       		.sleb128 4
 747 021c 00       		.byte	0
 748 021d 11       		.uleb128 0x11
 749 021e 04       		.byte	0x4
 750 021f 40010000 		.4byte	0x140
 751 0223 0D       		.uleb128 0xd
 752 0224 30020000 		.4byte	.LASF27
 753 0228 01       		.byte	0x1
 754 0229 2A       		.byte	0x2a
 755 022a 00000000 		.4byte	.LFB65
 756 022e E6000000 		.4byte	.LFE65-.LFB65
 757 0232 01       		.uleb128 0x1
 758 0233 9C       		.byte	0x9c
 759 0234 7E030000 		.4byte	0x37e
 760 0238 10       		.uleb128 0x10
 761 0239 C1000000 		.4byte	.LASF25
 762 023d 01       		.byte	0x1
 763 023e 2A       		.byte	0x2a
 764 023f 1D020000 		.4byte	0x21d
 765 0243 3E000000 		.4byte	.LLST2
 766 0247 12       		.uleb128 0x12
 767 0248 70776D00 		.ascii	"pwm\000"
 768 024c 01       		.byte	0x1
 769 024d 2A       		.byte	0x2a
 770 024e 99000000 		.4byte	0x99
 771 0252 5C000000 		.4byte	.LLST3
 772 0256 13       		.uleb128 0x13
 773 0257 61627300 		.ascii	"abs\000"
 774 025b 0C       		.byte	0xc
 775 025c 00       		.byte	0
 776 025d 68000000 		.4byte	0x68
 777 0261 67020000 		.4byte	0x267
 778 0265 14       		.uleb128 0x14
 779 0266 00       		.byte	0
 780 0267 0A       		.uleb128 0xa
 781 0268 3E000000 		.4byte	.LVL12
 782 026c E2040000 		.4byte	0x4e2
 783 0270 0B       		.uleb128 0xb
 784 0271 44000000 		.4byte	.LVL13
 785 0275 F3040000 		.4byte	0x4f3
 786 0279 83020000 		.4byte	0x283
 787 027d 0C       		.uleb128 0xc
 788 027e 01       		.uleb128 0x1
 789 027f 50       		.byte	0x50
 790 0280 01       		.uleb128 0x1
ARM GAS  C:\Users\Michael\AppData\Local\Temp\ccS0ILQd.s 			page 17


 791 0281 30       		.byte	0x30
 792 0282 00       		.byte	0
 793 0283 0B       		.uleb128 0xb
 794 0284 50000000 		.4byte	.LVL15
 795 0288 E2040000 		.4byte	0x4e2
 796 028c 96020000 		.4byte	0x296
 797 0290 0C       		.uleb128 0xc
 798 0291 01       		.uleb128 0x1
 799 0292 50       		.byte	0x50
 800 0293 01       		.uleb128 0x1
 801 0294 30       		.byte	0x30
 802 0295 00       		.byte	0
 803 0296 0A       		.uleb128 0xa
 804 0297 56000000 		.4byte	.LVL16
 805 029b F3040000 		.4byte	0x4f3
 806 029f 0B       		.uleb128 0xb
 807 02a0 5E000000 		.4byte	.LVL18
 808 02a4 E2040000 		.4byte	0x4e2
 809 02a8 B2020000 		.4byte	0x2b2
 810 02ac 0C       		.uleb128 0xc
 811 02ad 01       		.uleb128 0x1
 812 02ae 50       		.byte	0x50
 813 02af 01       		.uleb128 0x1
 814 02b0 30       		.byte	0x30
 815 02b1 00       		.byte	0
 816 02b2 0B       		.uleb128 0xb
 817 02b3 64000000 		.4byte	.LVL19
 818 02b7 F3040000 		.4byte	0x4f3
 819 02bb C5020000 		.4byte	0x2c5
 820 02bf 0C       		.uleb128 0xc
 821 02c0 01       		.uleb128 0x1
 822 02c1 50       		.byte	0x50
 823 02c2 01       		.uleb128 0x1
 824 02c3 30       		.byte	0x30
 825 02c4 00       		.byte	0
 826 02c5 0A       		.uleb128 0xa
 827 02c6 7E000000 		.4byte	.LVL21
 828 02ca 04050000 		.4byte	0x504
 829 02ce 0B       		.uleb128 0xb
 830 02cf 84000000 		.4byte	.LVL22
 831 02d3 15050000 		.4byte	0x515
 832 02d7 E1020000 		.4byte	0x2e1
 833 02db 0C       		.uleb128 0xc
 834 02dc 01       		.uleb128 0x1
 835 02dd 50       		.byte	0x50
 836 02de 01       		.uleb128 0x1
 837 02df 30       		.byte	0x30
 838 02e0 00       		.byte	0
 839 02e1 0B       		.uleb128 0xb
 840 02e2 90000000 		.4byte	.LVL24
 841 02e6 04050000 		.4byte	0x504
 842 02ea F4020000 		.4byte	0x2f4
 843 02ee 0C       		.uleb128 0xc
 844 02ef 01       		.uleb128 0x1
 845 02f0 50       		.byte	0x50
 846 02f1 01       		.uleb128 0x1
 847 02f2 30       		.byte	0x30
ARM GAS  C:\Users\Michael\AppData\Local\Temp\ccS0ILQd.s 			page 18


 848 02f3 00       		.byte	0
 849 02f4 0A       		.uleb128 0xa
 850 02f5 96000000 		.4byte	.LVL25
 851 02f9 15050000 		.4byte	0x515
 852 02fd 0B       		.uleb128 0xb
 853 02fe 9E000000 		.4byte	.LVL27
 854 0302 04050000 		.4byte	0x504
 855 0306 10030000 		.4byte	0x310
 856 030a 0C       		.uleb128 0xc
 857 030b 01       		.uleb128 0x1
 858 030c 50       		.byte	0x50
 859 030d 01       		.uleb128 0x1
 860 030e 30       		.byte	0x30
 861 030f 00       		.byte	0
 862 0310 0B       		.uleb128 0xb
 863 0311 A4000000 		.4byte	.LVL28
 864 0315 15050000 		.4byte	0x515
 865 0319 23030000 		.4byte	0x323
 866 031d 0C       		.uleb128 0xc
 867 031e 01       		.uleb128 0x1
 868 031f 50       		.byte	0x50
 869 0320 01       		.uleb128 0x1
 870 0321 30       		.byte	0x30
 871 0322 00       		.byte	0
 872 0323 0A       		.uleb128 0xa
 873 0324 BE000000 		.4byte	.LVL30
 874 0328 26050000 		.4byte	0x526
 875 032c 0B       		.uleb128 0xb
 876 032d C4000000 		.4byte	.LVL31
 877 0331 37050000 		.4byte	0x537
 878 0335 3F030000 		.4byte	0x33f
 879 0339 0C       		.uleb128 0xc
 880 033a 01       		.uleb128 0x1
 881 033b 50       		.byte	0x50
 882 033c 01       		.uleb128 0x1
 883 033d 30       		.byte	0x30
 884 033e 00       		.byte	0
 885 033f 0B       		.uleb128 0xb
 886 0340 D0000000 		.4byte	.LVL33
 887 0344 26050000 		.4byte	0x526
 888 0348 52030000 		.4byte	0x352
 889 034c 0C       		.uleb128 0xc
 890 034d 01       		.uleb128 0x1
 891 034e 50       		.byte	0x50
 892 034f 01       		.uleb128 0x1
 893 0350 30       		.byte	0x30
 894 0351 00       		.byte	0
 895 0352 0A       		.uleb128 0xa
 896 0353 D6000000 		.4byte	.LVL34
 897 0357 37050000 		.4byte	0x537
 898 035b 0B       		.uleb128 0xb
 899 035c DE000000 		.4byte	.LVL36
 900 0360 26050000 		.4byte	0x526
 901 0364 6E030000 		.4byte	0x36e
 902 0368 0C       		.uleb128 0xc
 903 0369 01       		.uleb128 0x1
 904 036a 50       		.byte	0x50
ARM GAS  C:\Users\Michael\AppData\Local\Temp\ccS0ILQd.s 			page 19


 905 036b 01       		.uleb128 0x1
 906 036c 30       		.byte	0x30
 907 036d 00       		.byte	0
 908 036e 15       		.uleb128 0x15
 909 036f E4000000 		.4byte	.LVL37
 910 0373 37050000 		.4byte	0x537
 911 0377 0C       		.uleb128 0xc
 912 0378 01       		.uleb128 0x1
 913 0379 50       		.byte	0x50
 914 037a 01       		.uleb128 0x1
 915 037b 30       		.byte	0x30
 916 037c 00       		.byte	0
 917 037d 00       		.byte	0
 918 037e 16       		.uleb128 0x16
 919 037f 2E030000 		.4byte	.LASF28
 920 0383 01       		.byte	0x1
 921 0384 5E       		.byte	0x5e
 922 0385 00000000 		.4byte	.LFB66
 923 0389 64000000 		.4byte	.LFE66-.LFB66
 924 038d 01       		.uleb128 0x1
 925 038e 9C       		.byte	0x9c
 926 038f B5030000 		.4byte	0x3b5
 927 0393 10       		.uleb128 0x10
 928 0394 C1000000 		.4byte	.LASF25
 929 0398 01       		.byte	0x1
 930 0399 5E       		.byte	0x5e
 931 039a 1D020000 		.4byte	0x21d
 932 039e 45010000 		.4byte	.LLST4
 933 03a2 0A       		.uleb128 0xa
 934 03a3 0C000000 		.4byte	.LVL39
 935 03a7 48050000 		.4byte	0x548
 936 03ab 0A       		.uleb128 0xa
 937 03ac 18000000 		.4byte	.LVL41
 938 03b0 53050000 		.4byte	0x553
 939 03b4 00       		.byte	0
 940 03b5 16       		.uleb128 0x16
 941 03b6 EA000000 		.4byte	.LASF29
 942 03ba 01       		.byte	0x1
 943 03bb 6A       		.byte	0x6a
 944 03bc 00000000 		.4byte	.LFB67
 945 03c0 5C000000 		.4byte	.LFE67-.LFB67
 946 03c4 01       		.uleb128 0x1
 947 03c5 9C       		.byte	0x9c
 948 03c6 60040000 		.4byte	0x460
 949 03ca 10       		.uleb128 0x10
 950 03cb C1000000 		.4byte	.LASF25
 951 03cf 01       		.byte	0x1
 952 03d0 6A       		.byte	0x6a
 953 03d1 1D020000 		.4byte	0x21d
 954 03d5 87010000 		.4byte	.LLST5
 955 03d9 10       		.uleb128 0x10
 956 03da DC020000 		.4byte	.LASF30
 957 03de 01       		.byte	0x1
 958 03df 6A       		.byte	0x6a
 959 03e0 A5000000 		.4byte	0xa5
 960 03e4 B0010000 		.4byte	.LLST6
 961 03e8 17       		.uleb128 0x17
ARM GAS  C:\Users\Michael\AppData\Local\Temp\ccS0ILQd.s 			page 20


 962 03e9 0C000000 		.4byte	.LBB2
 963 03ed 50000000 		.4byte	.LBE2-.LBB2
 964 03f1 18       		.uleb128 0x18
 965 03f2 70776D00 		.ascii	"pwm\000"
 966 03f6 01       		.byte	0x1
 967 03f7 6C       		.byte	0x6c
 968 03f8 60040000 		.4byte	0x460
 969 03fc D9010000 		.4byte	.LLST7
 970 0400 0B       		.uleb128 0xb
 971 0401 10000000 		.4byte	.LVL51
 972 0405 7E030000 		.4byte	0x37e
 973 0409 14040000 		.4byte	0x414
 974 040d 0C       		.uleb128 0xc
 975 040e 01       		.uleb128 0x1
 976 040f 50       		.byte	0x50
 977 0410 02       		.uleb128 0x2
 978 0411 74       		.byte	0x74
 979 0412 00       		.sleb128 0
 980 0413 00       		.byte	0
 981 0414 0B       		.uleb128 0xb
 982 0415 2E000000 		.4byte	.LVL54
 983 0419 23020000 		.4byte	0x223
 984 041d 2F040000 		.4byte	0x42f
 985 0421 0C       		.uleb128 0xc
 986 0422 01       		.uleb128 0x1
 987 0423 51       		.byte	0x51
 988 0424 03       		.uleb128 0x3
 989 0425 0B       		.byte	0xb
 990 0426 6AFF     		.2byte	0xff6a
 991 0428 0C       		.uleb128 0xc
 992 0429 01       		.uleb128 0x1
 993 042a 50       		.byte	0x50
 994 042b 02       		.uleb128 0x2
 995 042c 74       		.byte	0x74
 996 042d 00       		.sleb128 0
 997 042e 00       		.byte	0
 998 042f 0B       		.uleb128 0xb
 999 0430 4A000000 		.4byte	.LVL58
 1000 0434 23020000 		.4byte	0x223
 1001 0438 49040000 		.4byte	0x449
 1002 043c 0C       		.uleb128 0xc
 1003 043d 01       		.uleb128 0x1
 1004 043e 51       		.byte	0x51
 1005 043f 02       		.uleb128 0x2
 1006 0440 08       		.byte	0x8
 1007 0441 96       		.byte	0x96
 1008 0442 0C       		.uleb128 0xc
 1009 0443 01       		.uleb128 0x1
 1010 0444 50       		.byte	0x50
 1011 0445 02       		.uleb128 0x2
 1012 0446 74       		.byte	0x74
 1013 0447 00       		.sleb128 0
 1014 0448 00       		.byte	0
 1015 0449 15       		.uleb128 0x15
 1016 044a 54000000 		.4byte	.LVL60
 1017 044e 23020000 		.4byte	0x223
 1018 0452 0C       		.uleb128 0xc
ARM GAS  C:\Users\Michael\AppData\Local\Temp\ccS0ILQd.s 			page 21


 1019 0453 01       		.uleb128 0x1
 1020 0454 51       		.byte	0x51
 1021 0455 01       		.uleb128 0x1
 1022 0456 30       		.byte	0x30
 1023 0457 0C       		.uleb128 0xc
 1024 0458 01       		.uleb128 0x1
 1025 0459 50       		.byte	0x50
 1026 045a 02       		.uleb128 0x2
 1027 045b 74       		.byte	0x74
 1028 045c 00       		.sleb128 0
 1029 045d 00       		.byte	0
 1030 045e 00       		.byte	0
 1031 045f 00       		.byte	0
 1032 0460 19       		.uleb128 0x19
 1033 0461 68000000 		.4byte	0x68
 1034 0465 1A       		.uleb128 0x1a
 1035 0466 41020000 		.4byte	.LASF31
 1036 046a 06       		.byte	0x6
 1037 046b 9606     		.2byte	0x696
 1038 046d 71040000 		.4byte	0x471
 1039 0471 1B       		.uleb128 0x1b
 1040 0472 76000000 		.4byte	0x76
 1041 0476 1C       		.uleb128 0x1c
 1042 0477 0E000000 		.4byte	.LASF32
 1043 047b 01       		.byte	0x1
 1044 047c 0F       		.byte	0xf
 1045 047d 60040000 		.4byte	0x460
 1046 0481 05       		.uleb128 0x5
 1047 0482 03       		.byte	0x3
 1048 0483 00000000 		.4byte	NUM_DC_MOTORS
 1049 0487 1C       		.uleb128 0x1c
 1050 0488 B2040000 		.4byte	.LASF33
 1051 048c 01       		.byte	0x1
 1052 048d 10       		.byte	0x10
 1053 048e 98040000 		.4byte	0x498
 1054 0492 05       		.uleb128 0x5
 1055 0493 03       		.byte	0x3
 1056 0494 00000000 		.4byte	DC_MOTOR_POS_TOLERANCE
 1057 0498 19       		.uleb128 0x19
 1058 0499 A5000000 		.4byte	0xa5
 1059 049d 1D       		.uleb128 0x1d
 1060 049e 99040000 		.4byte	.LASF34
 1061 04a2 07       		.byte	0x7
 1062 04a3 92       		.byte	0x92
 1063 04a4 1D       		.uleb128 0x1d
 1064 04a5 85000000 		.4byte	.LASF35
 1065 04a9 08       		.byte	0x8
 1066 04aa 48       		.byte	0x48
 1067 04ab 1E       		.uleb128 0x1e
 1068 04ac 48010000 		.4byte	.LASF36
 1069 04b0 08       		.byte	0x8
 1070 04b1 4F       		.byte	0x4f
 1071 04b2 BC040000 		.4byte	0x4bc
 1072 04b6 1F       		.uleb128 0x1f
 1073 04b7 99000000 		.4byte	0x99
 1074 04bb 00       		.byte	0
 1075 04bc 1D       		.uleb128 0x1d
ARM GAS  C:\Users\Michael\AppData\Local\Temp\ccS0ILQd.s 			page 22


 1076 04bd 3F030000 		.4byte	.LASF37
 1077 04c1 09       		.byte	0x9
 1078 04c2 92       		.byte	0x92
 1079 04c3 1D       		.uleb128 0x1d
 1080 04c4 6D030000 		.4byte	.LASF38
 1081 04c8 0A       		.byte	0xa
 1082 04c9 48       		.byte	0x48
 1083 04ca 1E       		.uleb128 0x1e
 1084 04cb 1C000000 		.4byte	.LASF39
 1085 04cf 0A       		.byte	0xa
 1086 04d0 4F       		.byte	0x4f
 1087 04d1 DB040000 		.4byte	0x4db
 1088 04d5 1F       		.uleb128 0x1f
 1089 04d6 99000000 		.4byte	0x99
 1090 04da 00       		.byte	0
 1091 04db 1D       		.uleb128 0x1d
 1092 04dc 4C000000 		.4byte	.LASF40
 1093 04e0 0B       		.byte	0xb
 1094 04e1 92       		.byte	0x92
 1095 04e2 1E       		.uleb128 0x1e
 1096 04e3 08020000 		.4byte	.LASF41
 1097 04e7 07       		.byte	0x7
 1098 04e8 C7       		.byte	0xc7
 1099 04e9 F3040000 		.4byte	0x4f3
 1100 04ed 1F       		.uleb128 0x1f
 1101 04ee 81000000 		.4byte	0x81
 1102 04f2 00       		.byte	0
 1103 04f3 1E       		.uleb128 0x1e
 1104 04f4 30040000 		.4byte	.LASF42
 1105 04f8 07       		.byte	0x7
 1106 04f9 CA       		.byte	0xca
 1107 04fa 04050000 		.4byte	0x504
 1108 04fe 1F       		.uleb128 0x1f
 1109 04ff 81000000 		.4byte	0x81
 1110 0503 00       		.byte	0
 1111 0504 1E       		.uleb128 0x1e
 1112 0505 A0030000 		.4byte	.LASF43
 1113 0509 09       		.byte	0x9
 1114 050a C7       		.byte	0xc7
 1115 050b 15050000 		.4byte	0x515
 1116 050f 1F       		.uleb128 0x1f
 1117 0510 81000000 		.4byte	0x81
 1118 0514 00       		.byte	0
 1119 0515 1E       		.uleb128 0x1e
 1120 0516 C4030000 		.4byte	.LASF44
 1121 051a 09       		.byte	0x9
 1122 051b CA       		.byte	0xca
 1123 051c 26050000 		.4byte	0x526
 1124 0520 1F       		.uleb128 0x1f
 1125 0521 81000000 		.4byte	0x81
 1126 0525 00       		.byte	0
 1127 0526 1E       		.uleb128 0x1e
 1128 0527 E8030000 		.4byte	.LASF45
 1129 052b 0B       		.byte	0xb
 1130 052c C7       		.byte	0xc7
 1131 052d 37050000 		.4byte	0x537
 1132 0531 1F       		.uleb128 0x1f
ARM GAS  C:\Users\Michael\AppData\Local\Temp\ccS0ILQd.s 			page 23


 1133 0532 81000000 		.4byte	0x81
 1134 0536 00       		.byte	0
 1135 0537 1E       		.uleb128 0x1e
 1136 0538 0C040000 		.4byte	.LASF46
 1137 053c 0B       		.byte	0xb
 1138 053d CA       		.byte	0xca
 1139 053e 48050000 		.4byte	0x548
 1140 0542 1F       		.uleb128 0x1f
 1141 0543 81000000 		.4byte	0x81
 1142 0547 00       		.byte	0
 1143 0548 20       		.uleb128 0x20
 1144 0549 16010000 		.4byte	.LASF47
 1145 054d 08       		.byte	0x8
 1146 054e 4E       		.byte	0x4e
 1147 054f 99000000 		.4byte	0x99
 1148 0553 20       		.uleb128 0x20
 1149 0554 57040000 		.4byte	.LASF48
 1150 0558 0A       		.byte	0xa
 1151 0559 4E       		.byte	0x4e
 1152 055a 99000000 		.4byte	0x99
 1153 055e 00       		.byte	0
 1154              		.section	.debug_abbrev,"",%progbits
 1155              	.Ldebug_abbrev0:
 1156 0000 01       		.uleb128 0x1
 1157 0001 11       		.uleb128 0x11
 1158 0002 01       		.byte	0x1
 1159 0003 25       		.uleb128 0x25
 1160 0004 0E       		.uleb128 0xe
 1161 0005 13       		.uleb128 0x13
 1162 0006 0B       		.uleb128 0xb
 1163 0007 03       		.uleb128 0x3
 1164 0008 0E       		.uleb128 0xe
 1165 0009 1B       		.uleb128 0x1b
 1166 000a 0E       		.uleb128 0xe
 1167 000b 55       		.uleb128 0x55
 1168 000c 17       		.uleb128 0x17
 1169 000d 11       		.uleb128 0x11
 1170 000e 01       		.uleb128 0x1
 1171 000f 10       		.uleb128 0x10
 1172 0010 17       		.uleb128 0x17
 1173 0011 00       		.byte	0
 1174 0012 00       		.byte	0
 1175 0013 02       		.uleb128 0x2
 1176 0014 24       		.uleb128 0x24
 1177 0015 00       		.byte	0
 1178 0016 0B       		.uleb128 0xb
 1179 0017 0B       		.uleb128 0xb
 1180 0018 3E       		.uleb128 0x3e
 1181 0019 0B       		.uleb128 0xb
 1182 001a 03       		.uleb128 0x3
 1183 001b 0E       		.uleb128 0xe
 1184 001c 00       		.byte	0
 1185 001d 00       		.byte	0
 1186 001e 03       		.uleb128 0x3
 1187 001f 16       		.uleb128 0x16
 1188 0020 00       		.byte	0
 1189 0021 03       		.uleb128 0x3
ARM GAS  C:\Users\Michael\AppData\Local\Temp\ccS0ILQd.s 			page 24


 1190 0022 0E       		.uleb128 0xe
 1191 0023 3A       		.uleb128 0x3a
 1192 0024 0B       		.uleb128 0xb
 1193 0025 3B       		.uleb128 0x3b
 1194 0026 0B       		.uleb128 0xb
 1195 0027 49       		.uleb128 0x49
 1196 0028 13       		.uleb128 0x13
 1197 0029 00       		.byte	0
 1198 002a 00       		.byte	0
 1199 002b 04       		.uleb128 0x4
 1200 002c 24       		.uleb128 0x24
 1201 002d 00       		.byte	0
 1202 002e 0B       		.uleb128 0xb
 1203 002f 0B       		.uleb128 0xb
 1204 0030 3E       		.uleb128 0x3e
 1205 0031 0B       		.uleb128 0xb
 1206 0032 03       		.uleb128 0x3
 1207 0033 08       		.uleb128 0x8
 1208 0034 00       		.byte	0
 1209 0035 00       		.byte	0
 1210 0036 05       		.uleb128 0x5
 1211 0037 16       		.uleb128 0x16
 1212 0038 00       		.byte	0
 1213 0039 03       		.uleb128 0x3
 1214 003a 0E       		.uleb128 0xe
 1215 003b 3A       		.uleb128 0x3a
 1216 003c 0B       		.uleb128 0xb
 1217 003d 3B       		.uleb128 0x3b
 1218 003e 05       		.uleb128 0x5
 1219 003f 49       		.uleb128 0x49
 1220 0040 13       		.uleb128 0x13
 1221 0041 00       		.byte	0
 1222 0042 00       		.byte	0
 1223 0043 06       		.uleb128 0x6
 1224 0044 13       		.uleb128 0x13
 1225 0045 01       		.byte	0x1
 1226 0046 03       		.uleb128 0x3
 1227 0047 0E       		.uleb128 0xe
 1228 0048 0B       		.uleb128 0xb
 1229 0049 0B       		.uleb128 0xb
 1230 004a 3A       		.uleb128 0x3a
 1231 004b 0B       		.uleb128 0xb
 1232 004c 3B       		.uleb128 0x3b
 1233 004d 0B       		.uleb128 0xb
 1234 004e 01       		.uleb128 0x1
 1235 004f 13       		.uleb128 0x13
 1236 0050 00       		.byte	0
 1237 0051 00       		.byte	0
 1238 0052 07       		.uleb128 0x7
 1239 0053 0D       		.uleb128 0xd
 1240 0054 00       		.byte	0
 1241 0055 03       		.uleb128 0x3
 1242 0056 08       		.uleb128 0x8
 1243 0057 3A       		.uleb128 0x3a
 1244 0058 0B       		.uleb128 0xb
 1245 0059 3B       		.uleb128 0x3b
 1246 005a 0B       		.uleb128 0xb
ARM GAS  C:\Users\Michael\AppData\Local\Temp\ccS0ILQd.s 			page 25


 1247 005b 49       		.uleb128 0x49
 1248 005c 13       		.uleb128 0x13
 1249 005d 38       		.uleb128 0x38
 1250 005e 0B       		.uleb128 0xb
 1251 005f 00       		.byte	0
 1252 0060 00       		.byte	0
 1253 0061 08       		.uleb128 0x8
 1254 0062 0D       		.uleb128 0xd
 1255 0063 00       		.byte	0
 1256 0064 03       		.uleb128 0x3
 1257 0065 0E       		.uleb128 0xe
 1258 0066 3A       		.uleb128 0x3a
 1259 0067 0B       		.uleb128 0xb
 1260 0068 3B       		.uleb128 0x3b
 1261 0069 0B       		.uleb128 0xb
 1262 006a 49       		.uleb128 0x49
 1263 006b 13       		.uleb128 0x13
 1264 006c 38       		.uleb128 0x38
 1265 006d 0B       		.uleb128 0xb
 1266 006e 00       		.byte	0
 1267 006f 00       		.byte	0
 1268 0070 09       		.uleb128 0x9
 1269 0071 2E       		.uleb128 0x2e
 1270 0072 01       		.byte	0x1
 1271 0073 3F       		.uleb128 0x3f
 1272 0074 19       		.uleb128 0x19
 1273 0075 03       		.uleb128 0x3
 1274 0076 0E       		.uleb128 0xe
 1275 0077 3A       		.uleb128 0x3a
 1276 0078 0B       		.uleb128 0xb
 1277 0079 3B       		.uleb128 0x3b
 1278 007a 0B       		.uleb128 0xb
 1279 007b 11       		.uleb128 0x11
 1280 007c 01       		.uleb128 0x1
 1281 007d 12       		.uleb128 0x12
 1282 007e 06       		.uleb128 0x6
 1283 007f 40       		.uleb128 0x40
 1284 0080 18       		.uleb128 0x18
 1285 0081 9742     		.uleb128 0x2117
 1286 0083 19       		.uleb128 0x19
 1287 0084 01       		.uleb128 0x1
 1288 0085 13       		.uleb128 0x13
 1289 0086 00       		.byte	0
 1290 0087 00       		.byte	0
 1291 0088 0A       		.uleb128 0xa
 1292 0089 898201   		.uleb128 0x4109
 1293 008c 00       		.byte	0
 1294 008d 11       		.uleb128 0x11
 1295 008e 01       		.uleb128 0x1
 1296 008f 31       		.uleb128 0x31
 1297 0090 13       		.uleb128 0x13
 1298 0091 00       		.byte	0
 1299 0092 00       		.byte	0
 1300 0093 0B       		.uleb128 0xb
 1301 0094 898201   		.uleb128 0x4109
 1302 0097 01       		.byte	0x1
 1303 0098 11       		.uleb128 0x11
ARM GAS  C:\Users\Michael\AppData\Local\Temp\ccS0ILQd.s 			page 26


 1304 0099 01       		.uleb128 0x1
 1305 009a 31       		.uleb128 0x31
 1306 009b 13       		.uleb128 0x13
 1307 009c 01       		.uleb128 0x1
 1308 009d 13       		.uleb128 0x13
 1309 009e 00       		.byte	0
 1310 009f 00       		.byte	0
 1311 00a0 0C       		.uleb128 0xc
 1312 00a1 8A8201   		.uleb128 0x410a
 1313 00a4 00       		.byte	0
 1314 00a5 02       		.uleb128 0x2
 1315 00a6 18       		.uleb128 0x18
 1316 00a7 9142     		.uleb128 0x2111
 1317 00a9 18       		.uleb128 0x18
 1318 00aa 00       		.byte	0
 1319 00ab 00       		.byte	0
 1320 00ac 0D       		.uleb128 0xd
 1321 00ad 2E       		.uleb128 0x2e
 1322 00ae 01       		.byte	0x1
 1323 00af 3F       		.uleb128 0x3f
 1324 00b0 19       		.uleb128 0x19
 1325 00b1 03       		.uleb128 0x3
 1326 00b2 0E       		.uleb128 0xe
 1327 00b3 3A       		.uleb128 0x3a
 1328 00b4 0B       		.uleb128 0xb
 1329 00b5 3B       		.uleb128 0x3b
 1330 00b6 0B       		.uleb128 0xb
 1331 00b7 27       		.uleb128 0x27
 1332 00b8 19       		.uleb128 0x19
 1333 00b9 11       		.uleb128 0x11
 1334 00ba 01       		.uleb128 0x1
 1335 00bb 12       		.uleb128 0x12
 1336 00bc 06       		.uleb128 0x6
 1337 00bd 40       		.uleb128 0x40
 1338 00be 18       		.uleb128 0x18
 1339 00bf 9742     		.uleb128 0x2117
 1340 00c1 19       		.uleb128 0x19
 1341 00c2 01       		.uleb128 0x1
 1342 00c3 13       		.uleb128 0x13
 1343 00c4 00       		.byte	0
 1344 00c5 00       		.byte	0
 1345 00c6 0E       		.uleb128 0xe
 1346 00c7 05       		.uleb128 0x5
 1347 00c8 00       		.byte	0
 1348 00c9 03       		.uleb128 0x3
 1349 00ca 0E       		.uleb128 0xe
 1350 00cb 3A       		.uleb128 0x3a
 1351 00cc 0B       		.uleb128 0xb
 1352 00cd 3B       		.uleb128 0x3b
 1353 00ce 0B       		.uleb128 0xb
 1354 00cf 49       		.uleb128 0x49
 1355 00d0 13       		.uleb128 0x13
 1356 00d1 02       		.uleb128 0x2
 1357 00d2 18       		.uleb128 0x18
 1358 00d3 00       		.byte	0
 1359 00d4 00       		.byte	0
 1360 00d5 0F       		.uleb128 0xf
ARM GAS  C:\Users\Michael\AppData\Local\Temp\ccS0ILQd.s 			page 27


 1361 00d6 05       		.uleb128 0x5
 1362 00d7 00       		.byte	0
 1363 00d8 03       		.uleb128 0x3
 1364 00d9 08       		.uleb128 0x8
 1365 00da 3A       		.uleb128 0x3a
 1366 00db 0B       		.uleb128 0xb
 1367 00dc 3B       		.uleb128 0x3b
 1368 00dd 0B       		.uleb128 0xb
 1369 00de 49       		.uleb128 0x49
 1370 00df 13       		.uleb128 0x13
 1371 00e0 02       		.uleb128 0x2
 1372 00e1 18       		.uleb128 0x18
 1373 00e2 00       		.byte	0
 1374 00e3 00       		.byte	0
 1375 00e4 10       		.uleb128 0x10
 1376 00e5 05       		.uleb128 0x5
 1377 00e6 00       		.byte	0
 1378 00e7 03       		.uleb128 0x3
 1379 00e8 0E       		.uleb128 0xe
 1380 00e9 3A       		.uleb128 0x3a
 1381 00ea 0B       		.uleb128 0xb
 1382 00eb 3B       		.uleb128 0x3b
 1383 00ec 0B       		.uleb128 0xb
 1384 00ed 49       		.uleb128 0x49
 1385 00ee 13       		.uleb128 0x13
 1386 00ef 02       		.uleb128 0x2
 1387 00f0 17       		.uleb128 0x17
 1388 00f1 00       		.byte	0
 1389 00f2 00       		.byte	0
 1390 00f3 11       		.uleb128 0x11
 1391 00f4 0F       		.uleb128 0xf
 1392 00f5 00       		.byte	0
 1393 00f6 0B       		.uleb128 0xb
 1394 00f7 0B       		.uleb128 0xb
 1395 00f8 49       		.uleb128 0x49
 1396 00f9 13       		.uleb128 0x13
 1397 00fa 00       		.byte	0
 1398 00fb 00       		.byte	0
 1399 00fc 12       		.uleb128 0x12
 1400 00fd 05       		.uleb128 0x5
 1401 00fe 00       		.byte	0
 1402 00ff 03       		.uleb128 0x3
 1403 0100 08       		.uleb128 0x8
 1404 0101 3A       		.uleb128 0x3a
 1405 0102 0B       		.uleb128 0xb
 1406 0103 3B       		.uleb128 0x3b
 1407 0104 0B       		.uleb128 0xb
 1408 0105 49       		.uleb128 0x49
 1409 0106 13       		.uleb128 0x13
 1410 0107 02       		.uleb128 0x2
 1411 0108 17       		.uleb128 0x17
 1412 0109 00       		.byte	0
 1413 010a 00       		.byte	0
 1414 010b 13       		.uleb128 0x13
 1415 010c 2E       		.uleb128 0x2e
 1416 010d 01       		.byte	0x1
 1417 010e 3F       		.uleb128 0x3f
ARM GAS  C:\Users\Michael\AppData\Local\Temp\ccS0ILQd.s 			page 28


 1418 010f 19       		.uleb128 0x19
 1419 0110 03       		.uleb128 0x3
 1420 0111 08       		.uleb128 0x8
 1421 0112 3A       		.uleb128 0x3a
 1422 0113 0B       		.uleb128 0xb
 1423 0114 3B       		.uleb128 0x3b
 1424 0115 0B       		.uleb128 0xb
 1425 0116 49       		.uleb128 0x49
 1426 0117 13       		.uleb128 0x13
 1427 0118 3C       		.uleb128 0x3c
 1428 0119 19       		.uleb128 0x19
 1429 011a 01       		.uleb128 0x1
 1430 011b 13       		.uleb128 0x13
 1431 011c 00       		.byte	0
 1432 011d 00       		.byte	0
 1433 011e 14       		.uleb128 0x14
 1434 011f 18       		.uleb128 0x18
 1435 0120 00       		.byte	0
 1436 0121 00       		.byte	0
 1437 0122 00       		.byte	0
 1438 0123 15       		.uleb128 0x15
 1439 0124 898201   		.uleb128 0x4109
 1440 0127 01       		.byte	0x1
 1441 0128 11       		.uleb128 0x11
 1442 0129 01       		.uleb128 0x1
 1443 012a 31       		.uleb128 0x31
 1444 012b 13       		.uleb128 0x13
 1445 012c 00       		.byte	0
 1446 012d 00       		.byte	0
 1447 012e 16       		.uleb128 0x16
 1448 012f 2E       		.uleb128 0x2e
 1449 0130 01       		.byte	0x1
 1450 0131 3F       		.uleb128 0x3f
 1451 0132 19       		.uleb128 0x19
 1452 0133 03       		.uleb128 0x3
 1453 0134 0E       		.uleb128 0xe
 1454 0135 3A       		.uleb128 0x3a
 1455 0136 0B       		.uleb128 0xb
 1456 0137 3B       		.uleb128 0x3b
 1457 0138 0B       		.uleb128 0xb
 1458 0139 27       		.uleb128 0x27
 1459 013a 19       		.uleb128 0x19
 1460 013b 11       		.uleb128 0x11
 1461 013c 01       		.uleb128 0x1
 1462 013d 12       		.uleb128 0x12
 1463 013e 06       		.uleb128 0x6
 1464 013f 40       		.uleb128 0x40
 1465 0140 18       		.uleb128 0x18
 1466 0141 9642     		.uleb128 0x2116
 1467 0143 19       		.uleb128 0x19
 1468 0144 01       		.uleb128 0x1
 1469 0145 13       		.uleb128 0x13
 1470 0146 00       		.byte	0
 1471 0147 00       		.byte	0
 1472 0148 17       		.uleb128 0x17
 1473 0149 0B       		.uleb128 0xb
 1474 014a 01       		.byte	0x1
ARM GAS  C:\Users\Michael\AppData\Local\Temp\ccS0ILQd.s 			page 29


 1475 014b 11       		.uleb128 0x11
 1476 014c 01       		.uleb128 0x1
 1477 014d 12       		.uleb128 0x12
 1478 014e 06       		.uleb128 0x6
 1479 014f 00       		.byte	0
 1480 0150 00       		.byte	0
 1481 0151 18       		.uleb128 0x18
 1482 0152 34       		.uleb128 0x34
 1483 0153 00       		.byte	0
 1484 0154 03       		.uleb128 0x3
 1485 0155 08       		.uleb128 0x8
 1486 0156 3A       		.uleb128 0x3a
 1487 0157 0B       		.uleb128 0xb
 1488 0158 3B       		.uleb128 0x3b
 1489 0159 0B       		.uleb128 0xb
 1490 015a 49       		.uleb128 0x49
 1491 015b 13       		.uleb128 0x13
 1492 015c 02       		.uleb128 0x2
 1493 015d 17       		.uleb128 0x17
 1494 015e 00       		.byte	0
 1495 015f 00       		.byte	0
 1496 0160 19       		.uleb128 0x19
 1497 0161 26       		.uleb128 0x26
 1498 0162 00       		.byte	0
 1499 0163 49       		.uleb128 0x49
 1500 0164 13       		.uleb128 0x13
 1501 0165 00       		.byte	0
 1502 0166 00       		.byte	0
 1503 0167 1A       		.uleb128 0x1a
 1504 0168 34       		.uleb128 0x34
 1505 0169 00       		.byte	0
 1506 016a 03       		.uleb128 0x3
 1507 016b 0E       		.uleb128 0xe
 1508 016c 3A       		.uleb128 0x3a
 1509 016d 0B       		.uleb128 0xb
 1510 016e 3B       		.uleb128 0x3b
 1511 016f 05       		.uleb128 0x5
 1512 0170 49       		.uleb128 0x49
 1513 0171 13       		.uleb128 0x13
 1514 0172 3F       		.uleb128 0x3f
 1515 0173 19       		.uleb128 0x19
 1516 0174 3C       		.uleb128 0x3c
 1517 0175 19       		.uleb128 0x19
 1518 0176 00       		.byte	0
 1519 0177 00       		.byte	0
 1520 0178 1B       		.uleb128 0x1b
 1521 0179 35       		.uleb128 0x35
 1522 017a 00       		.byte	0
 1523 017b 49       		.uleb128 0x49
 1524 017c 13       		.uleb128 0x13
 1525 017d 00       		.byte	0
 1526 017e 00       		.byte	0
 1527 017f 1C       		.uleb128 0x1c
 1528 0180 34       		.uleb128 0x34
 1529 0181 00       		.byte	0
 1530 0182 03       		.uleb128 0x3
 1531 0183 0E       		.uleb128 0xe
ARM GAS  C:\Users\Michael\AppData\Local\Temp\ccS0ILQd.s 			page 30


 1532 0184 3A       		.uleb128 0x3a
 1533 0185 0B       		.uleb128 0xb
 1534 0186 3B       		.uleb128 0x3b
 1535 0187 0B       		.uleb128 0xb
 1536 0188 49       		.uleb128 0x49
 1537 0189 13       		.uleb128 0x13
 1538 018a 3F       		.uleb128 0x3f
 1539 018b 19       		.uleb128 0x19
 1540 018c 02       		.uleb128 0x2
 1541 018d 18       		.uleb128 0x18
 1542 018e 00       		.byte	0
 1543 018f 00       		.byte	0
 1544 0190 1D       		.uleb128 0x1d
 1545 0191 2E       		.uleb128 0x2e
 1546 0192 00       		.byte	0
 1547 0193 3F       		.uleb128 0x3f
 1548 0194 19       		.uleb128 0x19
 1549 0195 03       		.uleb128 0x3
 1550 0196 0E       		.uleb128 0xe
 1551 0197 3A       		.uleb128 0x3a
 1552 0198 0B       		.uleb128 0xb
 1553 0199 3B       		.uleb128 0x3b
 1554 019a 0B       		.uleb128 0xb
 1555 019b 27       		.uleb128 0x27
 1556 019c 19       		.uleb128 0x19
 1557 019d 3C       		.uleb128 0x3c
 1558 019e 19       		.uleb128 0x19
 1559 019f 00       		.byte	0
 1560 01a0 00       		.byte	0
 1561 01a1 1E       		.uleb128 0x1e
 1562 01a2 2E       		.uleb128 0x2e
 1563 01a3 01       		.byte	0x1
 1564 01a4 3F       		.uleb128 0x3f
 1565 01a5 19       		.uleb128 0x19
 1566 01a6 03       		.uleb128 0x3
 1567 01a7 0E       		.uleb128 0xe
 1568 01a8 3A       		.uleb128 0x3a
 1569 01a9 0B       		.uleb128 0xb
 1570 01aa 3B       		.uleb128 0x3b
 1571 01ab 0B       		.uleb128 0xb
 1572 01ac 27       		.uleb128 0x27
 1573 01ad 19       		.uleb128 0x19
 1574 01ae 3C       		.uleb128 0x3c
 1575 01af 19       		.uleb128 0x19
 1576 01b0 01       		.uleb128 0x1
 1577 01b1 13       		.uleb128 0x13
 1578 01b2 00       		.byte	0
 1579 01b3 00       		.byte	0
 1580 01b4 1F       		.uleb128 0x1f
 1581 01b5 05       		.uleb128 0x5
 1582 01b6 00       		.byte	0
 1583 01b7 49       		.uleb128 0x49
 1584 01b8 13       		.uleb128 0x13
 1585 01b9 00       		.byte	0
 1586 01ba 00       		.byte	0
 1587 01bb 20       		.uleb128 0x20
 1588 01bc 2E       		.uleb128 0x2e
ARM GAS  C:\Users\Michael\AppData\Local\Temp\ccS0ILQd.s 			page 31


 1589 01bd 00       		.byte	0
 1590 01be 3F       		.uleb128 0x3f
 1591 01bf 19       		.uleb128 0x19
 1592 01c0 03       		.uleb128 0x3
 1593 01c1 0E       		.uleb128 0xe
 1594 01c2 3A       		.uleb128 0x3a
 1595 01c3 0B       		.uleb128 0xb
 1596 01c4 3B       		.uleb128 0x3b
 1597 01c5 0B       		.uleb128 0xb
 1598 01c6 27       		.uleb128 0x27
 1599 01c7 19       		.uleb128 0x19
 1600 01c8 49       		.uleb128 0x49
 1601 01c9 13       		.uleb128 0x13
 1602 01ca 3C       		.uleb128 0x3c
 1603 01cb 19       		.uleb128 0x19
 1604 01cc 00       		.byte	0
 1605 01cd 00       		.byte	0
 1606 01ce 00       		.byte	0
 1607              		.section	.debug_loc,"",%progbits
 1608              	.Ldebug_loc0:
 1609              	.LLST0:
 1610 0000 00000000 		.4byte	.LVL7
 1611 0004 06000000 		.4byte	.LVL8
 1612 0008 0100     		.2byte	0x1
 1613 000a 52       		.byte	0x52
 1614 000b 06000000 		.4byte	.LVL8
 1615 000f 1C000000 		.4byte	.LFE64
 1616 0013 0200     		.2byte	0x2
 1617 0015 70       		.byte	0x70
 1618 0016 04       		.sleb128 4
 1619 0017 00000000 		.4byte	0
 1620 001b 00000000 		.4byte	0
 1621              	.LLST1:
 1622 001f 00000000 		.4byte	.LVL7
 1623 0023 0E000000 		.4byte	.LVL9
 1624 0027 0100     		.2byte	0x1
 1625 0029 53       		.byte	0x53
 1626 002a 0E000000 		.4byte	.LVL9
 1627 002e 1C000000 		.4byte	.LFE64
 1628 0032 0200     		.2byte	0x2
 1629 0034 70       		.byte	0x70
 1630 0035 06       		.sleb128 6
 1631 0036 00000000 		.4byte	0
 1632 003a 00000000 		.4byte	0
 1633              	.LLST2:
 1634 003e 00000000 		.4byte	.LVL10
 1635 0042 08000000 		.4byte	.LVL11
 1636 0046 0100     		.2byte	0x1
 1637 0048 50       		.byte	0x50
 1638 0049 08000000 		.4byte	.LVL11
 1639 004d E6000000 		.4byte	.LFE65
 1640 0051 0100     		.2byte	0x1
 1641 0053 54       		.byte	0x54
 1642 0054 00000000 		.4byte	0
 1643 0058 00000000 		.4byte	0
 1644              	.LLST3:
 1645 005c 00000000 		.4byte	.LVL10
ARM GAS  C:\Users\Michael\AppData\Local\Temp\ccS0ILQd.s 			page 32


 1646 0060 3D000000 		.4byte	.LVL12-1
 1647 0064 0100     		.2byte	0x1
 1648 0066 51       		.byte	0x51
 1649 0067 3D000000 		.4byte	.LVL12-1
 1650 006b 46000000 		.4byte	.LVL14
 1651 006f 0400     		.2byte	0x4
 1652 0071 F3       		.byte	0xf3
 1653 0072 01       		.uleb128 0x1
 1654 0073 51       		.byte	0x51
 1655 0074 9F       		.byte	0x9f
 1656 0075 46000000 		.4byte	.LVL14
 1657 0079 4F000000 		.4byte	.LVL15-1
 1658 007d 0100     		.2byte	0x1
 1659 007f 51       		.byte	0x51
 1660 0080 4F000000 		.4byte	.LVL15-1
 1661 0084 58000000 		.4byte	.LVL17
 1662 0088 0400     		.2byte	0x4
 1663 008a F3       		.byte	0xf3
 1664 008b 01       		.uleb128 0x1
 1665 008c 51       		.byte	0x51
 1666 008d 9F       		.byte	0x9f
 1667 008e 58000000 		.4byte	.LVL17
 1668 0092 5D000000 		.4byte	.LVL18-1
 1669 0096 0100     		.2byte	0x1
 1670 0098 51       		.byte	0x51
 1671 0099 5D000000 		.4byte	.LVL18-1
 1672 009d 66000000 		.4byte	.LVL20
 1673 00a1 0400     		.2byte	0x4
 1674 00a3 F3       		.byte	0xf3
 1675 00a4 01       		.uleb128 0x1
 1676 00a5 51       		.byte	0x51
 1677 00a6 9F       		.byte	0x9f
 1678 00a7 66000000 		.4byte	.LVL20
 1679 00ab 7D000000 		.4byte	.LVL21-1
 1680 00af 0100     		.2byte	0x1
 1681 00b1 51       		.byte	0x51
 1682 00b2 7D000000 		.4byte	.LVL21-1
 1683 00b6 86000000 		.4byte	.LVL23
 1684 00ba 0400     		.2byte	0x4
 1685 00bc F3       		.byte	0xf3
 1686 00bd 01       		.uleb128 0x1
 1687 00be 51       		.byte	0x51
 1688 00bf 9F       		.byte	0x9f
 1689 00c0 86000000 		.4byte	.LVL23
 1690 00c4 8F000000 		.4byte	.LVL24-1
 1691 00c8 0100     		.2byte	0x1
 1692 00ca 51       		.byte	0x51
 1693 00cb 8F000000 		.4byte	.LVL24-1
 1694 00cf 98000000 		.4byte	.LVL26
 1695 00d3 0400     		.2byte	0x4
 1696 00d5 F3       		.byte	0xf3
 1697 00d6 01       		.uleb128 0x1
 1698 00d7 51       		.byte	0x51
 1699 00d8 9F       		.byte	0x9f
 1700 00d9 98000000 		.4byte	.LVL26
 1701 00dd 9D000000 		.4byte	.LVL27-1
 1702 00e1 0100     		.2byte	0x1
ARM GAS  C:\Users\Michael\AppData\Local\Temp\ccS0ILQd.s 			page 33


 1703 00e3 51       		.byte	0x51
 1704 00e4 9D000000 		.4byte	.LVL27-1
 1705 00e8 A6000000 		.4byte	.LVL29
 1706 00ec 0400     		.2byte	0x4
 1707 00ee F3       		.byte	0xf3
 1708 00ef 01       		.uleb128 0x1
 1709 00f0 51       		.byte	0x51
 1710 00f1 9F       		.byte	0x9f
 1711 00f2 A6000000 		.4byte	.LVL29
 1712 00f6 BD000000 		.4byte	.LVL30-1
 1713 00fa 0100     		.2byte	0x1
 1714 00fc 51       		.byte	0x51
 1715 00fd BD000000 		.4byte	.LVL30-1
 1716 0101 C6000000 		.4byte	.LVL32
 1717 0105 0400     		.2byte	0x4
 1718 0107 F3       		.byte	0xf3
 1719 0108 01       		.uleb128 0x1
 1720 0109 51       		.byte	0x51
 1721 010a 9F       		.byte	0x9f
 1722 010b C6000000 		.4byte	.LVL32
 1723 010f CF000000 		.4byte	.LVL33-1
 1724 0113 0100     		.2byte	0x1
 1725 0115 51       		.byte	0x51
 1726 0116 CF000000 		.4byte	.LVL33-1
 1727 011a D8000000 		.4byte	.LVL35
 1728 011e 0400     		.2byte	0x4
 1729 0120 F3       		.byte	0xf3
 1730 0121 01       		.uleb128 0x1
 1731 0122 51       		.byte	0x51
 1732 0123 9F       		.byte	0x9f
 1733 0124 D8000000 		.4byte	.LVL35
 1734 0128 DD000000 		.4byte	.LVL36-1
 1735 012c 0100     		.2byte	0x1
 1736 012e 51       		.byte	0x51
 1737 012f DD000000 		.4byte	.LVL36-1
 1738 0133 E6000000 		.4byte	.LFE65
 1739 0137 0400     		.2byte	0x4
 1740 0139 F3       		.byte	0xf3
 1741 013a 01       		.uleb128 0x1
 1742 013b 51       		.byte	0x51
 1743 013c 9F       		.byte	0x9f
 1744 013d 00000000 		.4byte	0
 1745 0141 00000000 		.4byte	0
 1746              	.LLST4:
 1747 0145 00000000 		.4byte	.LVL38
 1748 0149 0B000000 		.4byte	.LVL39-1
 1749 014d 0100     		.2byte	0x1
 1750 014f 50       		.byte	0x50
 1751 0150 0B000000 		.4byte	.LVL39-1
 1752 0154 10000000 		.4byte	.LVL40
 1753 0158 0100     		.2byte	0x1
 1754 015a 54       		.byte	0x54
 1755 015b 10000000 		.4byte	.LVL40
 1756 015f 17000000 		.4byte	.LVL41-1
 1757 0163 0100     		.2byte	0x1
 1758 0165 50       		.byte	0x50
 1759 0166 17000000 		.4byte	.LVL41-1
ARM GAS  C:\Users\Michael\AppData\Local\Temp\ccS0ILQd.s 			page 34


 1760 016a 54000000 		.4byte	.LVL48
 1761 016e 0100     		.2byte	0x1
 1762 0170 54       		.byte	0x54
 1763 0171 54000000 		.4byte	.LVL48
 1764 0175 64000000 		.4byte	.LFE66
 1765 0179 0400     		.2byte	0x4
 1766 017b F3       		.byte	0xf3
 1767 017c 01       		.uleb128 0x1
 1768 017d 50       		.byte	0x50
 1769 017e 9F       		.byte	0x9f
 1770 017f 00000000 		.4byte	0
 1771 0183 00000000 		.4byte	0
 1772              	.LLST5:
 1773 0187 00000000 		.4byte	.LVL49
 1774 018b 0F000000 		.4byte	.LVL51-1
 1775 018f 0100     		.2byte	0x1
 1776 0191 50       		.byte	0x50
 1777 0192 0F000000 		.4byte	.LVL51-1
 1778 0196 56000000 		.4byte	.LVL61
 1779 019a 0100     		.2byte	0x1
 1780 019c 54       		.byte	0x54
 1781 019d 56000000 		.4byte	.LVL61
 1782 01a1 5C000000 		.4byte	.LFE67
 1783 01a5 0100     		.2byte	0x1
 1784 01a7 50       		.byte	0x50
 1785 01a8 00000000 		.4byte	0
 1786 01ac 00000000 		.4byte	0
 1787              	.LLST6:
 1788 01b0 00000000 		.4byte	.LVL49
 1789 01b4 0F000000 		.4byte	.LVL51-1
 1790 01b8 0100     		.2byte	0x1
 1791 01ba 51       		.byte	0x51
 1792 01bb 0F000000 		.4byte	.LVL51-1
 1793 01bf 56000000 		.4byte	.LVL61
 1794 01c3 0100     		.2byte	0x1
 1795 01c5 55       		.byte	0x55
 1796 01c6 56000000 		.4byte	.LVL61
 1797 01ca 5C000000 		.4byte	.LFE67
 1798 01ce 0100     		.2byte	0x1
 1799 01d0 51       		.byte	0x51
 1800 01d1 00000000 		.4byte	0
 1801 01d5 00000000 		.4byte	0
 1802              	.LLST7:
 1803 01d9 0C000000 		.4byte	.LVL50
 1804 01dd 56000000 		.4byte	.LVL61
 1805 01e1 0300     		.2byte	0x3
 1806 01e3 08       		.byte	0x8
 1807 01e4 96       		.byte	0x96
 1808 01e5 9F       		.byte	0x9f
 1809 01e6 00000000 		.4byte	0
 1810 01ea 00000000 		.4byte	0
 1811              		.section	.debug_aranges,"",%progbits
 1812 0000 3C000000 		.4byte	0x3c
 1813 0004 0200     		.2byte	0x2
 1814 0006 00000000 		.4byte	.Ldebug_info0
 1815 000a 04       		.byte	0x4
 1816 000b 00       		.byte	0
ARM GAS  C:\Users\Michael\AppData\Local\Temp\ccS0ILQd.s 			page 35


 1817 000c 0000     		.2byte	0
 1818 000e 0000     		.2byte	0
 1819 0010 00000000 		.4byte	.LFB63
 1820 0014 24000000 		.4byte	.LFE63-.LFB63
 1821 0018 00000000 		.4byte	.LFB64
 1822 001c 1C000000 		.4byte	.LFE64-.LFB64
 1823 0020 00000000 		.4byte	.LFB65
 1824 0024 E6000000 		.4byte	.LFE65-.LFB65
 1825 0028 00000000 		.4byte	.LFB66
 1826 002c 64000000 		.4byte	.LFE66-.LFB66
 1827 0030 00000000 		.4byte	.LFB67
 1828 0034 5C000000 		.4byte	.LFE67-.LFB67
 1829 0038 00000000 		.4byte	0
 1830 003c 00000000 		.4byte	0
 1831              		.section	.debug_ranges,"",%progbits
 1832              	.Ldebug_ranges0:
 1833 0000 00000000 		.4byte	.LFB63
 1834 0004 24000000 		.4byte	.LFE63
 1835 0008 00000000 		.4byte	.LFB64
 1836 000c 1C000000 		.4byte	.LFE64
 1837 0010 00000000 		.4byte	.LFB65
 1838 0014 E6000000 		.4byte	.LFE65
 1839 0018 00000000 		.4byte	.LFB66
 1840 001c 64000000 		.4byte	.LFE66
 1841 0020 00000000 		.4byte	.LFB67
 1842 0024 5C000000 		.4byte	.LFE67
 1843 0028 00000000 		.4byte	0
 1844 002c 00000000 		.4byte	0
 1845              		.section	.debug_line,"",%progbits
 1846              	.Ldebug_line0:
 1847 0000 87020000 		.section	.debug_str,"MS",%progbits,1
 1847      0200F601 
 1847      00000201 
 1847      FB0E0D00 
 1847      01010101 
 1848              	.LASF6:
 1849 0000 6C6F6E67 		.ascii	"long long int\000"
 1849      206C6F6E 
 1849      6720696E 
 1849      7400
 1850              	.LASF32:
 1851 000e 4E554D5F 		.ascii	"NUM_DC_MOTORS\000"
 1851      44435F4D 
 1851      4F544F52 
 1851      5300
 1852              	.LASF39:
 1853 001c 50656E64 		.ascii	"Pendulum_DC_Motor_Quad_Dec_SetCounter\000"
 1853      756C756D 
 1853      5F44435F 
 1853      4D6F746F 
 1853      725F5175 
 1854              	.LASF21:
 1855 0042 656E635F 		.ascii	"enc_count\000"
 1855      636F756E 
 1855      7400
 1856              	.LASF40:
 1857 004c 466C7977 		.ascii	"Flywheel_DC_Motor_PWM_Start\000"
ARM GAS  C:\Users\Michael\AppData\Local\Temp\ccS0ILQd.s 			page 36


 1857      6865656C 
 1857      5F44435F 
 1857      4D6F746F 
 1857      725F5057 
 1858              	.LASF9:
 1859 0068 5F5F696E 		.ascii	"__int32_t\000"
 1859      7433325F 
 1859      7400
 1860              	.LASF26:
 1861 0072 636F6E73 		.ascii	"construct_dc_motor\000"
 1861      74727563 
 1861      745F6463 
 1861      5F6D6F74 
 1861      6F7200
 1862              	.LASF35:
 1863 0085 44726976 		.ascii	"Drive_DC_Motor_Quad_Dec_Start\000"
 1863      655F4443 
 1863      5F4D6F74 
 1863      6F725F51 
 1863      7561645F 
 1864              	.LASF22:
 1865 00a3 6D61785F 		.ascii	"max_pos\000"
 1865      706F7300 
 1866              	.LASF23:
 1867 00ab 6D696E5F 		.ascii	"min_pos\000"
 1867      706F7300 
 1868              	.LASF10:
 1869 00b3 696E7433 		.ascii	"int32_t\000"
 1869      325F7400 
 1870              	.LASF14:
 1871 00bb 666C6F61 		.ascii	"float\000"
 1871      7400
 1872              	.LASF25:
 1873 00c1 64635F6D 		.ascii	"dc_motor\000"
 1873      6F746F72 
 1873      00
 1874              	.LASF0:
 1875 00ca 7369676E 		.ascii	"signed char\000"
 1875      65642063 
 1875      68617200 
 1876              	.LASF1:
 1877 00d6 756E7369 		.ascii	"unsigned char\000"
 1877      676E6564 
 1877      20636861 
 1877      7200
 1878              	.LASF13:
 1879 00e4 696E7431 		.ascii	"int16\000"
 1879      3600
 1880              	.LASF29:
 1881 00ea 7365745F 		.ascii	"set_dc_motor_pos\000"
 1881      64635F6D 
 1881      6F746F72 
 1881      5F706F73 
 1881      00
 1882              	.LASF3:
 1883 00fb 73686F72 		.ascii	"short unsigned int\000"
 1883      7420756E 
ARM GAS  C:\Users\Michael\AppData\Local\Temp\ccS0ILQd.s 			page 37


 1883      7369676E 
 1883      65642069 
 1883      6E7400
 1884              	.LASF19:
 1885 010e 6D61785F 		.ascii	"max_pwm\000"
 1885      70776D00 
 1886              	.LASF47:
 1887 0116 44726976 		.ascii	"Drive_DC_Motor_Quad_Dec_GetCounter\000"
 1887      655F4443 
 1887      5F4D6F74 
 1887      6F725F51 
 1887      7561645F 
 1888              	.LASF20:
 1889 0139 636F756E 		.ascii	"counts_per_rot\000"
 1889      74735F70 
 1889      65725F72 
 1889      6F7400
 1890              	.LASF36:
 1891 0148 44726976 		.ascii	"Drive_DC_Motor_Quad_Dec_SetCounter\000"
 1891      655F4443 
 1891      5F4D6F74 
 1891      6F725F51 
 1891      7561645F 
 1892              	.LASF51:
 1893 016b 433A5C55 		.ascii	"C:\\Users\\Michael\\Dropbox (MIT)\\College\\Senior "
 1893      73657273 
 1893      5C4D6963 
 1893      6861656C 
 1893      5C44726F 
 1894 0199 59656172 		.ascii	"Year\\6.115 - Microcomputer Project Laboratory\\6.1"
 1894      5C362E31 
 1894      3135202D 
 1894      204D6963 
 1894      726F636F 
 1895 01ca 3135202D 		.ascii	"15 - Final Project\\Software\\PSoC Creator\\Ball.cy"
 1895      2046696E 
 1895      616C2050 
 1895      726F6A65 
 1895      63745C53 
 1896 01fa 64736E00 		.ascii	"dsn\000"
 1897              	.LASF2:
 1898 01fe 73686F72 		.ascii	"short int\000"
 1898      7420696E 
 1898      7400
 1899              	.LASF41:
 1900 0208 44726976 		.ascii	"Drive_DC_Motor_PWM_WriteCompare1\000"
 1900      655F4443 
 1900      5F4D6F74 
 1900      6F725F50 
 1900      574D5F57 
 1901              	.LASF12:
 1902 0229 75696E74 		.ascii	"uint16\000"
 1902      313600
 1903              	.LASF27:
 1904 0230 7365745F 		.ascii	"set_dc_motor_pwm\000"
 1904      64635F6D 
 1904      6F746F72 
ARM GAS  C:\Users\Michael\AppData\Local\Temp\ccS0ILQd.s 			page 38


 1904      5F70776D 
 1904      00
 1905              	.LASF31:
 1906 0241 49544D5F 		.ascii	"ITM_RxBuffer\000"
 1906      52784275 
 1906      66666572 
 1906      00
 1907              	.LASF49:
 1908 024e 474E5520 		.ascii	"GNU C 4.9.3 20150303 (release) [ARM/embedded-4_9-br"
 1908      4320342E 
 1908      392E3320 
 1908      32303135 
 1908      30333033 
 1909 0281 616E6368 		.ascii	"anch revision 221220] -mcpu=cortex-m3 -mthumb -g -O"
 1909      20726576 
 1909      6973696F 
 1909      6E203232 
 1909      31323230 
 1910 02b4 67202D66 		.ascii	"g -ffunction-sections -ffat-lto-objects\000"
 1910      66756E63 
 1910      74696F6E 
 1910      2D736563 
 1910      74696F6E 
 1911              	.LASF30:
 1912 02dc 64635F6D 		.ascii	"dc_motor_pos\000"
 1912      6F746F72 
 1912      5F706F73 
 1912      00
 1913              	.LASF5:
 1914 02e9 6C6F6E67 		.ascii	"long unsigned int\000"
 1914      20756E73 
 1914      69676E65 
 1914      6420696E 
 1914      7400
 1915              	.LASF8:
 1916 02fb 756E7369 		.ascii	"unsigned int\000"
 1916      676E6564 
 1916      20696E74 
 1916      00
 1917              	.LASF52:
 1918 0308 696E6974 		.ascii	"init_dc_motors\000"
 1918      5F64635F 
 1918      6D6F746F 
 1918      727300
 1919              	.LASF7:
 1920 0317 6C6F6E67 		.ascii	"long long unsigned int\000"
 1920      206C6F6E 
 1920      6720756E 
 1920      7369676E 
 1920      65642069 
 1921              	.LASF28:
 1922 032e 6765745F 		.ascii	"get_dc_motor_pos\000"
 1922      64635F6D 
 1922      6F746F72 
 1922      5F706F73 
 1922      00
 1923              	.LASF37:
ARM GAS  C:\Users\Michael\AppData\Local\Temp\ccS0ILQd.s 			page 39


 1924 033f 50656E64 		.ascii	"Pendulum_DC_Motor_PWM_Start\000"
 1924      756C756D 
 1924      5F44435F 
 1924      4D6F746F 
 1924      725F5057 
 1925              	.LASF17:
 1926 035b 73697A65 		.ascii	"sizetype\000"
 1926      74797065 
 1926      00
 1927              	.LASF24:
 1928 0364 44435F4D 		.ascii	"DC_MOTOR\000"
 1928      4F544F52 
 1928      00
 1929              	.LASF38:
 1930 036d 50656E64 		.ascii	"Pendulum_DC_Motor_Quad_Dec_Start\000"
 1930      756C756D 
 1930      5F44435F 
 1930      4D6F746F 
 1930      725F5175 
 1931              	.LASF16:
 1932 038e 63686172 		.ascii	"char\000"
 1932      00
 1933              	.LASF50:
 1934 0393 2E5C6463 		.ascii	".\\dc_motor.c\000"
 1934      5F6D6F74 
 1934      6F722E63 
 1934      00
 1935              	.LASF43:
 1936 03a0 50656E64 		.ascii	"Pendulum_DC_Motor_PWM_WriteCompare1\000"
 1936      756C756D 
 1936      5F44435F 
 1936      4D6F746F 
 1936      725F5057 
 1937              	.LASF44:
 1938 03c4 50656E64 		.ascii	"Pendulum_DC_Motor_PWM_WriteCompare2\000"
 1938      756C756D 
 1938      5F44435F 
 1938      4D6F746F 
 1938      725F5057 
 1939              	.LASF45:
 1940 03e8 466C7977 		.ascii	"Flywheel_DC_Motor_PWM_WriteCompare1\000"
 1940      6865656C 
 1940      5F44435F 
 1940      4D6F746F 
 1940      725F5057 
 1941              	.LASF46:
 1942 040c 466C7977 		.ascii	"Flywheel_DC_Motor_PWM_WriteCompare2\000"
 1942      6865656C 
 1942      5F44435F 
 1942      4D6F746F 
 1942      725F5057 
 1943              	.LASF42:
 1944 0430 44726976 		.ascii	"Drive_DC_Motor_PWM_WriteCompare2\000"
 1944      655F4443 
 1944      5F4D6F74 
 1944      6F725F50 
 1944      574D5F57 
ARM GAS  C:\Users\Michael\AppData\Local\Temp\ccS0ILQd.s 			page 40


 1945              	.LASF11:
 1946 0451 75696E74 		.ascii	"uint8\000"
 1946      3800
 1947              	.LASF48:
 1948 0457 50656E64 		.ascii	"Pendulum_DC_Motor_Quad_Dec_GetCounter\000"
 1948      756C756D 
 1948      5F44435F 
 1948      4D6F746F 
 1948      725F5175 
 1949              	.LASF4:
 1950 047d 6C6F6E67 		.ascii	"long int\000"
 1950      20696E74 
 1950      00
 1951              	.LASF18:
 1952 0486 6C6F6E67 		.ascii	"long double\000"
 1952      20646F75 
 1952      626C6500 
 1953              	.LASF15:
 1954 0492 646F7562 		.ascii	"double\000"
 1954      6C6500
 1955              	.LASF34:
 1956 0499 44726976 		.ascii	"Drive_DC_Motor_PWM_Start\000"
 1956      655F4443 
 1956      5F4D6F74 
 1956      6F725F50 
 1956      574D5F53 
 1957              	.LASF33:
 1958 04b2 44435F4D 		.ascii	"DC_MOTOR_POS_TOLERANCE\000"
 1958      4F544F52 
 1958      5F504F53 
 1958      5F544F4C 
 1958      4552414E 
 1959              		.ident	"GCC: (GNU Tools for ARM Embedded Processors) 4.9.3 20150303 (release) [ARM/embedded-4_9-br
