ARM GAS  C:\Users\Michael\AppData\Local\Temp\ccuKFcvm.s 			page 1


   1              		.syntax unified
   2              		.cpu cortex-m3
   3              		.fpu softvfp
   4              		.eabi_attribute 20, 1
   5              		.eabi_attribute 21, 1
   6              		.eabi_attribute 23, 3
   7              		.eabi_attribute 24, 1
   8              		.eabi_attribute 25, 1
   9              		.eabi_attribute 26, 1
  10              		.eabi_attribute 30, 1
  11              		.eabi_attribute 34, 1
  12              		.eabi_attribute 18, 4
  13              		.thumb
  14              		.file	"main.c"
  15              		.text
  16              	.Ltext0:
  17              		.cfi_sections	.debug_frame
  18              		.section	.text.main,"ax",%progbits
  19              		.align	2
  20              		.global	main
  21              		.thumb
  22              		.thumb_func
  23              		.type	main, %function
  24              	main:
  25              	.LFB63:
  26              		.file 1 ".\\main.c"
   1:.\main.c      **** /* ========================================
   2:.\main.c      ****  *
   3:.\main.c      ****  * Copyright YOUR COMPANY, THE YEAR
   4:.\main.c      ****  * All Rights Reserved
   5:.\main.c      ****  * UNPUBLISHED, LICENSED SOFTWARE.
   6:.\main.c      ****  *
   7:.\main.c      ****  * CONFIDENTIAL AND PROPRIETARY INFORMATION
   8:.\main.c      ****  * WHICH IS THE PROPERTY OF your company.
   9:.\main.c      ****  *
  10:.\main.c      ****  * ========================================
  11:.\main.c      **** */
  12:.\main.c      **** /*
  13:.\main.c      ****  * References:
  14:.\main.c      ****  * https://iotexpert.com/psoc-5-timer-circuit-debug/
  15:.\main.c      ****  * https://youtu.be/nJs6Q4ekVjw
  16:.\main.c      ****  * https://socmaker.com/?p=296
  17:.\main.c      ****  * https://github.com/embeddedprogrammer/psoc-pid-controller
  18:.\main.c      ****  * https://www.hackster.io/hima/mpu6050-psoc6-interface-7c505e
  19:.\main.c      **** */
  20:.\main.c      **** 
  21:.\main.c      **** #include "project.h"
  22:.\main.c      **** #include "milliseconds.h"
  23:.\main.c      **** #include "rc_ch.h"
  24:.\main.c      **** 
  25:.\main.c      **** #define DEBUG 1
  26:.\main.c      **** char debug_data_buf[64] = "";
  27:.\main.c      **** 
  28:.\main.c      **** /*
  29:.\main.c      ****  * Channel 1: Right Joystick X
  30:.\main.c      ****  * Channel 2: Right Joystick Y
  31:.\main.c      ****  * Channel 3: Left Joystick Y
ARM GAS  C:\Users\Michael\AppData\Local\Temp\ccuKFcvm.s 			page 2


  32:.\main.c      ****  * Channel 4: Left Joystick X
  33:.\main.c      ****  * Channel 5: Right Knob
  34:.\main.c      ****  * Channel 6: Left Knob
  35:.\main.c      **** */
  36:.\main.c      **** 
  37:.\main.c      **** void run_motor();
  38:.\main.c      **** 
  39:.\main.c      **** int main()
  40:.\main.c      **** {
  27              		.loc 1 40 0
  28              		.cfi_startproc
  29              		@ args = 0, pretend = 0, frame = 64
  30              		@ frame_needed = 0, uses_anonymous_args = 0
  31 0000 00B5     		push	{lr}
  32              		.cfi_def_cfa_offset 4
  33              		.cfi_offset 14, -4
  34 0002 91B0     		sub	sp, sp, #68
  35              		.cfi_def_cfa_offset 72
  41:.\main.c      ****     CyGlobalIntEnable; /* Enable global interrupts. */
  36              		.loc 1 41 0
  37              	@ 41 ".\main.c" 1
  38 0004 62B6     		CPSIE   i
  39              	@ 0 "" 2
  42:.\main.c      **** 
  43:.\main.c      ****     /* Place your initialization/startup code here (e.g. MyInst_Start()) */
  44:.\main.c      ****     USBUART_Start(0, USBUART_5V_OPERATION);
  40              		.loc 1 44 0
  41              		.thumb
  42 0006 0020     		movs	r0, #0
  43 0008 0121     		movs	r1, #1
  44 000a FFF7FEFF 		bl	USBUART_Start
  45              	.LVL0:
  46              	.L2:
  45:.\main.c      ****     
  46:.\main.c      ****     while (USBUART_GetConfiguration() == 0) {}
  47              		.loc 1 46 0 discriminator 1
  48 000e FFF7FEFF 		bl	USBUART_GetConfiguration
  49              	.LVL1:
  50 0012 0028     		cmp	r0, #0
  51 0014 FBD0     		beq	.L2
  47:.\main.c      ****     USBUART_PutString("Init...");
  52              		.loc 1 47 0
  53 0016 0E48     		ldr	r0, .L5
  54 0018 FFF7FEFF 		bl	USBUART_PutString
  55              	.LVL2:
  48:.\main.c      ****     
  49:.\main.c      ****     init_milliseconds();
  56              		.loc 1 49 0
  57 001c FFF7FEFF 		bl	init_milliseconds
  58              	.LVL3:
  50:.\main.c      ****        
  51:.\main.c      ****     Motor_A_PWM_Start();
  59              		.loc 1 51 0
  60 0020 FFF7FEFF 		bl	Motor_A_PWM_Start
  61              	.LVL4:
  52:.\main.c      ****     
  53:.\main.c      ****     init_rc_channels();
ARM GAS  C:\Users\Michael\AppData\Local\Temp\ccuKFcvm.s 			page 3


  62              		.loc 1 53 0
  63 0024 FFF7FEFF 		bl	init_rc_channels
  64              	.LVL5:
  54:.\main.c      ****     
  55:.\main.c      ****     RC_CH rc_ch1;
  56:.\main.c      ****     construct_rc_ch(&rc_ch1, 1);
  65              		.loc 1 56 0
  66 0028 0CA8     		add	r0, sp, #48
  67 002a 0121     		movs	r1, #1
  68 002c FFF7FEFF 		bl	construct_rc_ch
  69              	.LVL6:
  57:.\main.c      ****     RC_CH rc_ch2;
  58:.\main.c      ****     construct_rc_ch(&rc_ch2, 2);
  70              		.loc 1 58 0
  71 0030 08A8     		add	r0, sp, #32
  72 0032 0221     		movs	r1, #2
  73 0034 FFF7FEFF 		bl	construct_rc_ch
  74              	.LVL7:
  59:.\main.c      ****     RC_CH rc_ch3;
  60:.\main.c      ****     construct_rc_ch(&rc_ch3, 3);
  75              		.loc 1 60 0
  76 0038 04A8     		add	r0, sp, #16
  77 003a 0321     		movs	r1, #3
  78 003c FFF7FEFF 		bl	construct_rc_ch
  79              	.LVL8:
  61:.\main.c      ****     RC_CH rc_ch4;
  62:.\main.c      ****     construct_rc_ch(&rc_ch4, 4);
  80              		.loc 1 62 0
  81 0040 6846     		mov	r0, sp
  82 0042 0421     		movs	r1, #4
  83 0044 FFF7FEFF 		bl	construct_rc_ch
  84              	.LVL9:
  85              	.L3:
  63:.\main.c      ****     
  64:.\main.c      ****     for(;;)
  65:.\main.c      ****     {
  66:.\main.c      ****         get_rc_ch_value(&rc_ch1);
  86              		.loc 1 66 0 discriminator 1
  87 0048 0CA8     		add	r0, sp, #48
  88 004a FFF7FEFF 		bl	get_rc_ch_value
  89              	.LVL10:
  67:.\main.c      ****         //get_rc_ch_value(&rc_ch2);
  68:.\main.c      ****         //get_rc_ch_value(&rc_ch3);
  69:.\main.c      ****         //get_rc_ch_value(&rc_ch4);
  70:.\main.c      ****         
  71:.\main.c      ****         /*if (rc_ch2.connected && rc_ch2.value != 0) {
  72:.\main.c      ****             run_motor(rc_ch2.value);
  73:.\main.c      ****         } else {
  74:.\main.c      ****             run_motor(0);
  75:.\main.c      ****         }*/
  76:.\main.c      ****     }
  90              		.loc 1 76 0 discriminator 1
  91 004e FBE7     		b	.L3
  92              	.L6:
  93              		.align	2
  94              	.L5:
  95 0050 00000000 		.word	.LC0
ARM GAS  C:\Users\Michael\AppData\Local\Temp\ccuKFcvm.s 			page 4


  96              		.cfi_endproc
  97              	.LFE63:
  98              		.size	main, .-main
  99              		.section	.text.run_motor,"ax",%progbits
 100              		.align	2
 101              		.global	run_motor
 102              		.thumb
 103              		.thumb_func
 104              		.type	run_motor, %function
 105              	run_motor:
 106              	.LFB64:
  77:.\main.c      **** }
  78:.\main.c      **** 
  79:.\main.c      **** void run_motor(motor_pwm) {
 107              		.loc 1 79 0
 108              		.cfi_startproc
 109              		@ args = 0, pretend = 0, frame = 0
 110              		@ frame_needed = 0, uses_anonymous_args = 0
 111              	.LVL11:
 112 0000 10B5     		push	{r4, lr}
 113              		.cfi_def_cfa_offset 8
 114              		.cfi_offset 4, -8
 115              		.cfi_offset 14, -4
  80:.\main.c      ****     if (motor_pwm < 0) {
 116              		.loc 1 80 0
 117 0002 041E     		subs	r4, r0, #0
 118 0004 0ADA     		bge	.L8
 119              	.LBB2:
  81:.\main.c      ****         Motor_A_PWM_WriteCompare1(abs(motor_pwm));
 120              		.loc 1 81 0
 121 0006 84EAE470 		eor	r0, r4, r4, asr #31
 122              	.LVL12:
 123 000a A0EBE470 		sub	r0, r0, r4, asr #31
 124 000e C0B2     		uxtb	r0, r0
 125 0010 FFF7FEFF 		bl	Motor_A_PWM_WriteCompare1
 126              	.LVL13:
  82:.\main.c      ****         Motor_A_PWM_WriteCompare2(0);
 127              		.loc 1 82 0
 128 0014 0020     		movs	r0, #0
 129 0016 FFF7FEFF 		bl	Motor_A_PWM_WriteCompare2
 130              	.LVL14:
 131              	.LBE2:
 132 001a 10BD     		pop	{r4, pc}
 133              	.LVL15:
 134              	.L8:
  83:.\main.c      ****     } else if (motor_pwm > 0) {
 135              		.loc 1 83 0
 136 001c 002C     		cmp	r4, #0
 137 001e 06DD     		ble	.L10
  84:.\main.c      ****         Motor_A_PWM_WriteCompare1(0);
 138              		.loc 1 84 0
 139 0020 0020     		movs	r0, #0
 140              	.LVL16:
 141 0022 FFF7FEFF 		bl	Motor_A_PWM_WriteCompare1
 142              	.LVL17:
  85:.\main.c      ****         Motor_A_PWM_WriteCompare2(motor_pwm);
 143              		.loc 1 85 0
ARM GAS  C:\Users\Michael\AppData\Local\Temp\ccuKFcvm.s 			page 5


 144 0026 E0B2     		uxtb	r0, r4
 145 0028 FFF7FEFF 		bl	Motor_A_PWM_WriteCompare2
 146              	.LVL18:
 147 002c 10BD     		pop	{r4, pc}
 148              	.LVL19:
 149              	.L10:
  86:.\main.c      ****     } else {
  87:.\main.c      ****         Motor_A_PWM_WriteCompare1(0);
 150              		.loc 1 87 0
 151 002e 0020     		movs	r0, #0
 152              	.LVL20:
 153 0030 FFF7FEFF 		bl	Motor_A_PWM_WriteCompare1
 154              	.LVL21:
  88:.\main.c      ****         Motor_A_PWM_WriteCompare2(0);
 155              		.loc 1 88 0
 156 0034 0020     		movs	r0, #0
 157 0036 FFF7FEFF 		bl	Motor_A_PWM_WriteCompare2
 158              	.LVL22:
 159 003a 10BD     		pop	{r4, pc}
 160              		.cfi_endproc
 161              	.LFE64:
 162              		.size	run_motor, .-run_motor
 163              		.global	debug_data_buf
 164              		.comm	RC_MIN_VALUE,4,4
 165              		.comm	RC_MAX_VALUE,4,4
 166              		.comm	RC_CONNECTION_TIMEOUT,4,4
 167              		.comm	RC_TIMER_MID_TOLERANCE,4,4
 168              		.comm	RC_TIMER_MIN_VALUE,4,4
 169              		.comm	RC_TIMER_MID_VALUE,4,4
 170              		.comm	RC_TIMER_MAX_VALUE,4,4
 171              		.comm	RC_TIMER_PERIOD,4,4
 172              		.section	.rodata.str1.4,"aMS",%progbits,1
 173              		.align	2
 174              	.LC0:
 175 0000 496E6974 		.ascii	"Init...\000"
 175      2E2E2E00 
 176              		.bss
 177              		.align	2
 178              		.type	debug_data_buf, %object
 179              		.size	debug_data_buf, 64
 180              	debug_data_buf:
 181 0000 00000000 		.space	64
 181      00000000 
 181      00000000 
 181      00000000 
 181      00000000 
 182              		.text
 183              	.Letext0:
 184              		.file 2 "c:\\program files (x86)\\cypress\\psoc creator\\3.3\\psoc creator\\import\\gnu\\arm\\4.9.
 185              		.file 3 "c:\\program files (x86)\\cypress\\psoc creator\\3.3\\psoc creator\\import\\gnu\\arm\\4.9.
 186              		.file 4 "Generated_Source\\PSoC5/cytypes.h"
 187              		.file 5 ".\\rc_ch.h"
 188              		.file 6 "Generated_Source\\PSoC5/core_cm3.h"
 189              		.file 7 "Generated_Source\\PSoC5/USBUART.h"
 190              		.file 8 "Generated_Source\\PSoC5/USBUART_cdc.h"
 191              		.file 9 ".\\milliseconds.h"
 192              		.file 10 "Generated_Source\\PSoC5/Motor_A_PWM.h"
ARM GAS  C:\Users\Michael\AppData\Local\Temp\ccuKFcvm.s 			page 6


 193              		.file 11 "<built-in>"
 194              		.section	.debug_info,"",%progbits
 195              	.Ldebug_info0:
 196 0000 5C040000 		.4byte	0x45c
 197 0004 0400     		.2byte	0x4
 198 0006 00000000 		.4byte	.Ldebug_abbrev0
 199 000a 04       		.byte	0x4
 200 000b 01       		.uleb128 0x1
 201 000c A6020000 		.4byte	.LASF47
 202 0010 01       		.byte	0x1
 203 0011 B6000000 		.4byte	.LASF48
 204 0015 A9010000 		.4byte	.LASF49
 205 0019 00000000 		.4byte	.Ldebug_ranges0+0
 206 001d 00000000 		.4byte	0
 207 0021 00000000 		.4byte	.Ldebug_line0
 208 0025 02       		.uleb128 0x2
 209 0026 01       		.byte	0x1
 210 0027 06       		.byte	0x6
 211 0028 B8030000 		.4byte	.LASF0
 212 002c 02       		.uleb128 0x2
 213 002d 01       		.byte	0x1
 214 002e 08       		.byte	0x8
 215 002f EE000000 		.4byte	.LASF1
 216 0033 02       		.uleb128 0x2
 217 0034 02       		.byte	0x2
 218 0035 05       		.byte	0x5
 219 0036 98030000 		.4byte	.LASF2
 220 003a 02       		.uleb128 0x2
 221 003b 02       		.byte	0x2
 222 003c 07       		.byte	0x7
 223 003d 2B010000 		.4byte	.LASF3
 224 0041 03       		.uleb128 0x3
 225 0042 40000000 		.4byte	.LASF9
 226 0046 02       		.byte	0x2
 227 0047 3F       		.byte	0x3f
 228 0048 4C000000 		.4byte	0x4c
 229 004c 02       		.uleb128 0x2
 230 004d 04       		.byte	0x4
 231 004e 05       		.byte	0x5
 232 004f 5A000000 		.4byte	.LASF4
 233 0053 02       		.uleb128 0x2
 234 0054 04       		.byte	0x4
 235 0055 07       		.byte	0x7
 236 0056 19010000 		.4byte	.LASF5
 237 005a 02       		.uleb128 0x2
 238 005b 08       		.byte	0x8
 239 005c 05       		.byte	0x5
 240 005d 66030000 		.4byte	.LASF6
 241 0061 02       		.uleb128 0x2
 242 0062 08       		.byte	0x8
 243 0063 07       		.byte	0x7
 244 0064 8F020000 		.4byte	.LASF7
 245 0068 04       		.uleb128 0x4
 246 0069 04       		.byte	0x4
 247 006a 05       		.byte	0x5
 248 006b 696E7400 		.ascii	"int\000"
 249 006f 02       		.uleb128 0x2
ARM GAS  C:\Users\Michael\AppData\Local\Temp\ccuKFcvm.s 			page 7


 250 0070 04       		.byte	0x4
 251 0071 07       		.byte	0x7
 252 0072 7C020000 		.4byte	.LASF8
 253 0076 03       		.uleb128 0x3
 254 0077 90030000 		.4byte	.LASF10
 255 007b 03       		.byte	0x3
 256 007c 2C       		.byte	0x2c
 257 007d 41000000 		.4byte	0x41
 258 0081 05       		.uleb128 0x5
 259 0082 A2030000 		.4byte	.LASF11
 260 0086 04       		.byte	0x4
 261 0087 9201     		.2byte	0x192
 262 0089 2C000000 		.4byte	0x2c
 263 008d 05       		.uleb128 0x5
 264 008e 50020000 		.4byte	.LASF12
 265 0092 04       		.byte	0x4
 266 0093 9401     		.2byte	0x194
 267 0095 53000000 		.4byte	0x53
 268 0099 05       		.uleb128 0x5
 269 009a 13010000 		.4byte	.LASF13
 270 009e 04       		.byte	0x4
 271 009f 9601     		.2byte	0x196
 272 00a1 33000000 		.4byte	0x33
 273 00a5 02       		.uleb128 0x2
 274 00a6 04       		.byte	0x4
 275 00a7 04       		.byte	0x4
 276 00a8 BF000000 		.4byte	.LASF14
 277 00ac 02       		.uleb128 0x2
 278 00ad 08       		.byte	0x8
 279 00ae 04       		.byte	0x4
 280 00af A2010000 		.4byte	.LASF15
 281 00b3 05       		.uleb128 0x5
 282 00b4 FC000000 		.4byte	.LASF16
 283 00b8 04       		.byte	0x4
 284 00b9 A301     		.2byte	0x1a3
 285 00bb BF000000 		.4byte	0xbf
 286 00bf 02       		.uleb128 0x2
 287 00c0 01       		.byte	0x1
 288 00c1 08       		.byte	0x8
 289 00c2 74030000 		.4byte	.LASF17
 290 00c6 02       		.uleb128 0x2
 291 00c7 04       		.byte	0x4
 292 00c8 07       		.byte	0x7
 293 00c9 53030000 		.4byte	.LASF18
 294 00cd 06       		.uleb128 0x6
 295 00ce 89020000 		.4byte	.LASF50
 296 00d2 10       		.byte	0x10
 297 00d3 05       		.byte	0x5
 298 00d4 1B       		.byte	0x1b
 299 00d5 16010000 		.4byte	0x116
 300 00d9 07       		.uleb128 0x7
 301 00da 72020000 		.4byte	.LASF19
 302 00de 05       		.byte	0x5
 303 00df 1C       		.byte	0x1c
 304 00e0 81000000 		.4byte	0x81
 305 00e4 00       		.byte	0
 306 00e5 07       		.uleb128 0x7
ARM GAS  C:\Users\Michael\AppData\Local\Temp\ccuKFcvm.s 			page 8


 307 00e6 63000000 		.4byte	.LASF20
 308 00ea 05       		.byte	0x5
 309 00eb 1D       		.byte	0x1d
 310 00ec 81000000 		.4byte	0x81
 311 00f0 01       		.byte	0x1
 312 00f1 07       		.uleb128 0x7
 313 00f2 41020000 		.4byte	.LASF21
 314 00f6 05       		.byte	0x5
 315 00f7 1E       		.byte	0x1e
 316 00f8 8D000000 		.4byte	0x8d
 317 00fc 04       		.byte	0x4
 318 00fd 07       		.uleb128 0x7
 319 00fe A5000000 		.4byte	.LASF22
 320 0102 05       		.byte	0x5
 321 0103 1F       		.byte	0x1f
 322 0104 8D000000 		.4byte	0x8d
 323 0108 08       		.byte	0x8
 324 0109 07       		.uleb128 0x7
 325 010a 3A000000 		.4byte	.LASF23
 326 010e 05       		.byte	0x5
 327 010f 20       		.byte	0x20
 328 0110 99000000 		.4byte	0x99
 329 0114 0C       		.byte	0xc
 330 0115 00       		.byte	0
 331 0116 03       		.uleb128 0x3
 332 0117 C4030000 		.4byte	.LASF24
 333 011b 05       		.byte	0x5
 334 011c 21       		.byte	0x21
 335 011d CD000000 		.4byte	0xcd
 336 0121 08       		.uleb128 0x8
 337 0122 3C020000 		.4byte	.LASF51
 338 0126 01       		.byte	0x1
 339 0127 27       		.byte	0x27
 340 0128 68000000 		.4byte	0x68
 341 012c 00000000 		.4byte	.LFB63
 342 0130 54000000 		.4byte	.LFE63-.LFB63
 343 0134 01       		.uleb128 0x1
 344 0135 9C       		.byte	0x9c
 345 0136 3B020000 		.4byte	0x23b
 346 013a 09       		.uleb128 0x9
 347 013b 00000000 		.4byte	.LASF25
 348 013f 01       		.byte	0x1
 349 0140 37       		.byte	0x37
 350 0141 16010000 		.4byte	0x116
 351 0145 02       		.uleb128 0x2
 352 0146 91       		.byte	0x91
 353 0147 68       		.sleb128 -24
 354 0148 09       		.uleb128 0x9
 355 0149 21000000 		.4byte	.LASF26
 356 014d 01       		.byte	0x1
 357 014e 39       		.byte	0x39
 358 014f 16010000 		.4byte	0x116
 359 0153 02       		.uleb128 0x2
 360 0154 91       		.byte	0x91
 361 0155 58       		.sleb128 -40
 362 0156 09       		.uleb128 0x9
 363 0157 1A000000 		.4byte	.LASF27
ARM GAS  C:\Users\Michael\AppData\Local\Temp\ccuKFcvm.s 			page 9


 364 015b 01       		.byte	0x1
 365 015c 3B       		.byte	0x3b
 366 015d 16010000 		.4byte	0x116
 367 0161 02       		.uleb128 0x2
 368 0162 91       		.byte	0x91
 369 0163 48       		.sleb128 -56
 370 0164 09       		.uleb128 0x9
 371 0165 48010000 		.4byte	.LASF28
 372 0169 01       		.byte	0x1
 373 016a 3D       		.byte	0x3d
 374 016b 16010000 		.4byte	0x116
 375 016f 03       		.uleb128 0x3
 376 0170 91       		.byte	0x91
 377 0171 B87F     		.sleb128 -72
 378 0173 0A       		.uleb128 0xa
 379 0174 0E000000 		.4byte	.LVL0
 380 0178 B4030000 		.4byte	0x3b4
 381 017c 8B010000 		.4byte	0x18b
 382 0180 0B       		.uleb128 0xb
 383 0181 01       		.uleb128 0x1
 384 0182 51       		.byte	0x51
 385 0183 01       		.uleb128 0x1
 386 0184 31       		.byte	0x31
 387 0185 0B       		.uleb128 0xb
 388 0186 01       		.uleb128 0x1
 389 0187 50       		.byte	0x50
 390 0188 01       		.uleb128 0x1
 391 0189 30       		.byte	0x30
 392 018a 00       		.byte	0
 393 018b 0C       		.uleb128 0xc
 394 018c 12000000 		.4byte	.LVL1
 395 0190 CB030000 		.4byte	0x3cb
 396 0194 0A       		.uleb128 0xa
 397 0195 1C000000 		.4byte	.LVL2
 398 0199 D7030000 		.4byte	0x3d7
 399 019d AB010000 		.4byte	0x1ab
 400 01a1 0B       		.uleb128 0xb
 401 01a2 01       		.uleb128 0x1
 402 01a3 50       		.byte	0x50
 403 01a4 05       		.uleb128 0x5
 404 01a5 03       		.byte	0x3
 405 01a6 00000000 		.4byte	.LC0
 406 01aa 00       		.byte	0
 407 01ab 0C       		.uleb128 0xc
 408 01ac 20000000 		.4byte	.LVL3
 409 01b0 F3030000 		.4byte	0x3f3
 410 01b4 0C       		.uleb128 0xc
 411 01b5 24000000 		.4byte	.LVL4
 412 01b9 00040000 		.4byte	0x400
 413 01bd 0C       		.uleb128 0xc
 414 01be 28000000 		.4byte	.LVL5
 415 01c2 07040000 		.4byte	0x407
 416 01c6 0A       		.uleb128 0xa
 417 01c7 30000000 		.4byte	.LVL6
 418 01cb 14040000 		.4byte	0x414
 419 01cf DF010000 		.4byte	0x1df
 420 01d3 0B       		.uleb128 0xb
ARM GAS  C:\Users\Michael\AppData\Local\Temp\ccuKFcvm.s 			page 10


 421 01d4 01       		.uleb128 0x1
 422 01d5 51       		.byte	0x51
 423 01d6 01       		.uleb128 0x1
 424 01d7 31       		.byte	0x31
 425 01d8 0B       		.uleb128 0xb
 426 01d9 01       		.uleb128 0x1
 427 01da 50       		.byte	0x50
 428 01db 02       		.uleb128 0x2
 429 01dc 91       		.byte	0x91
 430 01dd 68       		.sleb128 -24
 431 01de 00       		.byte	0
 432 01df 0A       		.uleb128 0xa
 433 01e0 38000000 		.4byte	.LVL7
 434 01e4 14040000 		.4byte	0x414
 435 01e8 F8010000 		.4byte	0x1f8
 436 01ec 0B       		.uleb128 0xb
 437 01ed 01       		.uleb128 0x1
 438 01ee 51       		.byte	0x51
 439 01ef 01       		.uleb128 0x1
 440 01f0 32       		.byte	0x32
 441 01f1 0B       		.uleb128 0xb
 442 01f2 01       		.uleb128 0x1
 443 01f3 50       		.byte	0x50
 444 01f4 02       		.uleb128 0x2
 445 01f5 91       		.byte	0x91
 446 01f6 58       		.sleb128 -40
 447 01f7 00       		.byte	0
 448 01f8 0A       		.uleb128 0xa
 449 01f9 40000000 		.4byte	.LVL8
 450 01fd 14040000 		.4byte	0x414
 451 0201 11020000 		.4byte	0x211
 452 0205 0B       		.uleb128 0xb
 453 0206 01       		.uleb128 0x1
 454 0207 51       		.byte	0x51
 455 0208 01       		.uleb128 0x1
 456 0209 33       		.byte	0x33
 457 020a 0B       		.uleb128 0xb
 458 020b 01       		.uleb128 0x1
 459 020c 50       		.byte	0x50
 460 020d 02       		.uleb128 0x2
 461 020e 91       		.byte	0x91
 462 020f 48       		.sleb128 -56
 463 0210 00       		.byte	0
 464 0211 0A       		.uleb128 0xa
 465 0212 48000000 		.4byte	.LVL9
 466 0216 14040000 		.4byte	0x414
 467 021a 2A020000 		.4byte	0x22a
 468 021e 0B       		.uleb128 0xb
 469 021f 01       		.uleb128 0x1
 470 0220 51       		.byte	0x51
 471 0221 01       		.uleb128 0x1
 472 0222 34       		.byte	0x34
 473 0223 0B       		.uleb128 0xb
 474 0224 01       		.uleb128 0x1
 475 0225 50       		.byte	0x50
 476 0226 02       		.uleb128 0x2
 477 0227 7D       		.byte	0x7d
ARM GAS  C:\Users\Michael\AppData\Local\Temp\ccuKFcvm.s 			page 11


 478 0228 00       		.sleb128 0
 479 0229 00       		.byte	0
 480 022a 0D       		.uleb128 0xd
 481 022b 4E000000 		.4byte	.LVL10
 482 022f 30040000 		.4byte	0x430
 483 0233 0B       		.uleb128 0xb
 484 0234 01       		.uleb128 0x1
 485 0235 50       		.byte	0x50
 486 0236 02       		.uleb128 0x2
 487 0237 91       		.byte	0x91
 488 0238 68       		.sleb128 -24
 489 0239 00       		.byte	0
 490 023a 00       		.byte	0
 491 023b 0E       		.uleb128 0xe
 492 023c 3E010000 		.4byte	.LASF52
 493 0240 01       		.byte	0x1
 494 0241 4F       		.byte	0x4f
 495 0242 00000000 		.4byte	.LFB64
 496 0246 3C000000 		.4byte	.LFE64-.LFB64
 497 024a 01       		.uleb128 0x1
 498 024b 9C       		.byte	0x9c
 499 024c F5020000 		.4byte	0x2f5
 500 0250 0F       		.uleb128 0xf
 501 0251 5C030000 		.4byte	.LASF53
 502 0255 01       		.byte	0x1
 503 0256 4F       		.byte	0x4f
 504 0257 68000000 		.4byte	0x68
 505 025b 00000000 		.4byte	.LLST0
 506 025f 10       		.uleb128 0x10
 507 0260 06000000 		.4byte	.LBB2
 508 0264 14000000 		.4byte	.LBE2-.LBB2
 509 0268 AB020000 		.4byte	0x2ab
 510 026c 11       		.uleb128 0x11
 511 026d 61627300 		.ascii	"abs\000"
 512 0271 0B       		.byte	0xb
 513 0272 00       		.byte	0
 514 0273 68000000 		.4byte	0x68
 515 0277 7D020000 		.4byte	0x27d
 516 027b 12       		.uleb128 0x12
 517 027c 00       		.byte	0
 518 027d 0A       		.uleb128 0xa
 519 027e 14000000 		.4byte	.LVL13
 520 0282 41040000 		.4byte	0x441
 521 0286 9B020000 		.4byte	0x29b
 522 028a 0B       		.uleb128 0xb
 523 028b 01       		.uleb128 0x1
 524 028c 50       		.byte	0x50
 525 028d 0C       		.uleb128 0xc
 526 028e 74       		.byte	0x74
 527 028f 00       		.sleb128 0
 528 0290 4F       		.byte	0x4f
 529 0291 26       		.byte	0x26
 530 0292 74       		.byte	0x74
 531 0293 00       		.sleb128 0
 532 0294 27       		.byte	0x27
 533 0295 74       		.byte	0x74
 534 0296 00       		.sleb128 0
ARM GAS  C:\Users\Michael\AppData\Local\Temp\ccuKFcvm.s 			page 12


 535 0297 4F       		.byte	0x4f
 536 0298 26       		.byte	0x26
 537 0299 1C       		.byte	0x1c
 538 029a 00       		.byte	0
 539 029b 0D       		.uleb128 0xd
 540 029c 1A000000 		.4byte	.LVL14
 541 02a0 52040000 		.4byte	0x452
 542 02a4 0B       		.uleb128 0xb
 543 02a5 01       		.uleb128 0x1
 544 02a6 50       		.byte	0x50
 545 02a7 01       		.uleb128 0x1
 546 02a8 30       		.byte	0x30
 547 02a9 00       		.byte	0
 548 02aa 00       		.byte	0
 549 02ab 0A       		.uleb128 0xa
 550 02ac 26000000 		.4byte	.LVL17
 551 02b0 41040000 		.4byte	0x441
 552 02b4 BE020000 		.4byte	0x2be
 553 02b8 0B       		.uleb128 0xb
 554 02b9 01       		.uleb128 0x1
 555 02ba 50       		.byte	0x50
 556 02bb 01       		.uleb128 0x1
 557 02bc 30       		.byte	0x30
 558 02bd 00       		.byte	0
 559 02be 0A       		.uleb128 0xa
 560 02bf 2C000000 		.4byte	.LVL18
 561 02c3 52040000 		.4byte	0x452
 562 02c7 D2020000 		.4byte	0x2d2
 563 02cb 0B       		.uleb128 0xb
 564 02cc 01       		.uleb128 0x1
 565 02cd 50       		.byte	0x50
 566 02ce 02       		.uleb128 0x2
 567 02cf 74       		.byte	0x74
 568 02d0 00       		.sleb128 0
 569 02d1 00       		.byte	0
 570 02d2 0A       		.uleb128 0xa
 571 02d3 34000000 		.4byte	.LVL21
 572 02d7 41040000 		.4byte	0x441
 573 02db E5020000 		.4byte	0x2e5
 574 02df 0B       		.uleb128 0xb
 575 02e0 01       		.uleb128 0x1
 576 02e1 50       		.byte	0x50
 577 02e2 01       		.uleb128 0x1
 578 02e3 30       		.byte	0x30
 579 02e4 00       		.byte	0
 580 02e5 0D       		.uleb128 0xd
 581 02e6 3A000000 		.4byte	.LVL22
 582 02ea 52040000 		.4byte	0x452
 583 02ee 0B       		.uleb128 0xb
 584 02ef 01       		.uleb128 0x1
 585 02f0 50       		.byte	0x50
 586 02f1 01       		.uleb128 0x1
 587 02f2 30       		.byte	0x30
 588 02f3 00       		.byte	0
 589 02f4 00       		.byte	0
 590 02f5 13       		.uleb128 0x13
 591 02f6 61010000 		.4byte	.LASF29
ARM GAS  C:\Users\Michael\AppData\Local\Temp\ccuKFcvm.s 			page 13


 592 02fa 06       		.byte	0x6
 593 02fb 9606     		.2byte	0x696
 594 02fd 01030000 		.4byte	0x301
 595 0301 14       		.uleb128 0x14
 596 0302 76000000 		.4byte	0x76
 597 0306 15       		.uleb128 0x15
 598 0307 A8030000 		.4byte	.LASF30
 599 030b 05       		.byte	0x5
 600 030c 11       		.byte	0x11
 601 030d 17030000 		.4byte	0x317
 602 0311 05       		.uleb128 0x5
 603 0312 03       		.byte	0x3
 604 0313 00000000 		.4byte	RC_TIMER_PERIOD
 605 0317 16       		.uleb128 0x16
 606 0318 68000000 		.4byte	0x68
 607 031c 15       		.uleb128 0x15
 608 031d DB000000 		.4byte	.LASF31
 609 0321 05       		.byte	0x5
 610 0322 12       		.byte	0x12
 611 0323 17030000 		.4byte	0x317
 612 0327 05       		.uleb128 0x5
 613 0328 03       		.byte	0x3
 614 0329 00000000 		.4byte	RC_TIMER_MAX_VALUE
 615 032d 15       		.uleb128 0x15
 616 032e 07000000 		.4byte	.LASF32
 617 0332 05       		.byte	0x5
 618 0333 13       		.byte	0x13
 619 0334 17030000 		.4byte	0x317
 620 0338 05       		.uleb128 0x5
 621 0339 03       		.byte	0x3
 622 033a 00000000 		.4byte	RC_TIMER_MID_VALUE
 623 033e 15       		.uleb128 0x15
 624 033f CA030000 		.4byte	.LASF33
 625 0343 05       		.byte	0x5
 626 0344 14       		.byte	0x14
 627 0345 17030000 		.4byte	0x317
 628 0349 05       		.uleb128 0x5
 629 034a 03       		.byte	0x3
 630 034b 00000000 		.4byte	RC_TIMER_MIN_VALUE
 631 034f 15       		.uleb128 0x15
 632 0350 79030000 		.4byte	.LASF34
 633 0354 05       		.byte	0x5
 634 0355 15       		.byte	0x15
 635 0356 17030000 		.4byte	0x317
 636 035a 05       		.uleb128 0x5
 637 035b 03       		.byte	0x3
 638 035c 00000000 		.4byte	RC_TIMER_MID_TOLERANCE
 639 0360 15       		.uleb128 0x15
 640 0361 C5000000 		.4byte	.LASF35
 641 0365 05       		.byte	0x5
 642 0366 16       		.byte	0x16
 643 0367 17030000 		.4byte	0x317
 644 036b 05       		.uleb128 0x5
 645 036c 03       		.byte	0x3
 646 036d 00000000 		.4byte	RC_CONNECTION_TIMEOUT
 647 0371 15       		.uleb128 0x15
 648 0372 57020000 		.4byte	.LASF36
ARM GAS  C:\Users\Michael\AppData\Local\Temp\ccuKFcvm.s 			page 14


 649 0376 05       		.byte	0x5
 650 0377 18       		.byte	0x18
 651 0378 17030000 		.4byte	0x317
 652 037c 05       		.uleb128 0x5
 653 037d 03       		.byte	0x3
 654 037e 00000000 		.4byte	RC_MAX_VALUE
 655 0382 15       		.uleb128 0x15
 656 0383 6D000000 		.4byte	.LASF37
 657 0387 05       		.byte	0x5
 658 0388 19       		.byte	0x19
 659 0389 17030000 		.4byte	0x317
 660 038d 05       		.uleb128 0x5
 661 038e 03       		.byte	0x3
 662 038f 00000000 		.4byte	RC_MIN_VALUE
 663 0393 17       		.uleb128 0x17
 664 0394 BF000000 		.4byte	0xbf
 665 0398 A3030000 		.4byte	0x3a3
 666 039c 18       		.uleb128 0x18
 667 039d C6000000 		.4byte	0xc6
 668 03a1 3F       		.byte	0x3f
 669 03a2 00       		.byte	0
 670 03a3 15       		.uleb128 0x15
 671 03a4 34030000 		.4byte	.LASF38
 672 03a8 01       		.byte	0x1
 673 03a9 1A       		.byte	0x1a
 674 03aa 93030000 		.4byte	0x393
 675 03ae 05       		.uleb128 0x5
 676 03af 03       		.byte	0x3
 677 03b0 00000000 		.4byte	debug_data_buf
 678 03b4 19       		.uleb128 0x19
 679 03b5 64020000 		.4byte	.LASF39
 680 03b9 07       		.byte	0x7
 681 03ba 2A01     		.2byte	0x12a
 682 03bc CB030000 		.4byte	0x3cb
 683 03c0 1A       		.uleb128 0x1a
 684 03c1 81000000 		.4byte	0x81
 685 03c5 1A       		.uleb128 0x1a
 686 03c6 81000000 		.4byte	0x81
 687 03ca 00       		.byte	0
 688 03cb 1B       		.uleb128 0x1b
 689 03cc 8C000000 		.4byte	.LASF54
 690 03d0 07       		.byte	0x7
 691 03d1 2D01     		.2byte	0x12d
 692 03d3 81000000 		.4byte	0x81
 693 03d7 1C       		.uleb128 0x1c
 694 03d8 7A000000 		.4byte	.LASF40
 695 03dc 08       		.byte	0x8
 696 03dd 24       		.byte	0x24
 697 03de E8030000 		.4byte	0x3e8
 698 03e2 1A       		.uleb128 0x1a
 699 03e3 E8030000 		.4byte	0x3e8
 700 03e7 00       		.byte	0
 701 03e8 1D       		.uleb128 0x1d
 702 03e9 04       		.byte	0x4
 703 03ea EE030000 		.4byte	0x3ee
 704 03ee 16       		.uleb128 0x16
 705 03ef B3000000 		.4byte	0xb3
ARM GAS  C:\Users\Michael\AppData\Local\Temp\ccuKFcvm.s 			page 15


 706 03f3 1E       		.uleb128 0x1e
 707 03f4 28000000 		.4byte	.LASF41
 708 03f8 09       		.byte	0x9
 709 03f9 18       		.byte	0x18
 710 03fa 00040000 		.4byte	0x400
 711 03fe 12       		.uleb128 0x12
 712 03ff 00       		.byte	0
 713 0400 1F       		.uleb128 0x1f
 714 0401 4F010000 		.4byte	.LASF55
 715 0405 0A       		.byte	0xa
 716 0406 92       		.byte	0x92
 717 0407 1E       		.uleb128 0x1e
 718 0408 02010000 		.4byte	.LASF42
 719 040c 05       		.byte	0x5
 720 040d 25       		.byte	0x25
 721 040e 14040000 		.4byte	0x414
 722 0412 12       		.uleb128 0x12
 723 0413 00       		.byte	0
 724 0414 1C       		.uleb128 0x1c
 725 0415 4A000000 		.4byte	.LASF43
 726 0419 05       		.byte	0x5
 727 041a 27       		.byte	0x27
 728 041b 2A040000 		.4byte	0x42a
 729 041f 1A       		.uleb128 0x1a
 730 0420 2A040000 		.4byte	0x42a
 731 0424 1A       		.uleb128 0x1a
 732 0425 81000000 		.4byte	0x81
 733 0429 00       		.byte	0
 734 042a 1D       		.uleb128 0x1d
 735 042b 04       		.byte	0x4
 736 042c 16010000 		.4byte	0x116
 737 0430 1C       		.uleb128 0x1c
 738 0431 43030000 		.4byte	.LASF44
 739 0435 05       		.byte	0x5
 740 0436 29       		.byte	0x29
 741 0437 41040000 		.4byte	0x441
 742 043b 1A       		.uleb128 0x1a
 743 043c 2A040000 		.4byte	0x42a
 744 0440 00       		.byte	0
 745 0441 1C       		.uleb128 0x1c
 746 0442 6E010000 		.4byte	.LASF45
 747 0446 0A       		.byte	0xa
 748 0447 C7       		.byte	0xc7
 749 0448 52040000 		.4byte	0x452
 750 044c 1A       		.uleb128 0x1a
 751 044d 81000000 		.4byte	0x81
 752 0451 00       		.byte	0
 753 0452 20       		.uleb128 0x20
 754 0453 88010000 		.4byte	.LASF46
 755 0457 0A       		.byte	0xa
 756 0458 CA       		.byte	0xca
 757 0459 1A       		.uleb128 0x1a
 758 045a 81000000 		.4byte	0x81
 759 045e 00       		.byte	0
 760 045f 00       		.byte	0
 761              		.section	.debug_abbrev,"",%progbits
 762              	.Ldebug_abbrev0:
ARM GAS  C:\Users\Michael\AppData\Local\Temp\ccuKFcvm.s 			page 16


 763 0000 01       		.uleb128 0x1
 764 0001 11       		.uleb128 0x11
 765 0002 01       		.byte	0x1
 766 0003 25       		.uleb128 0x25
 767 0004 0E       		.uleb128 0xe
 768 0005 13       		.uleb128 0x13
 769 0006 0B       		.uleb128 0xb
 770 0007 03       		.uleb128 0x3
 771 0008 0E       		.uleb128 0xe
 772 0009 1B       		.uleb128 0x1b
 773 000a 0E       		.uleb128 0xe
 774 000b 55       		.uleb128 0x55
 775 000c 17       		.uleb128 0x17
 776 000d 11       		.uleb128 0x11
 777 000e 01       		.uleb128 0x1
 778 000f 10       		.uleb128 0x10
 779 0010 17       		.uleb128 0x17
 780 0011 00       		.byte	0
 781 0012 00       		.byte	0
 782 0013 02       		.uleb128 0x2
 783 0014 24       		.uleb128 0x24
 784 0015 00       		.byte	0
 785 0016 0B       		.uleb128 0xb
 786 0017 0B       		.uleb128 0xb
 787 0018 3E       		.uleb128 0x3e
 788 0019 0B       		.uleb128 0xb
 789 001a 03       		.uleb128 0x3
 790 001b 0E       		.uleb128 0xe
 791 001c 00       		.byte	0
 792 001d 00       		.byte	0
 793 001e 03       		.uleb128 0x3
 794 001f 16       		.uleb128 0x16
 795 0020 00       		.byte	0
 796 0021 03       		.uleb128 0x3
 797 0022 0E       		.uleb128 0xe
 798 0023 3A       		.uleb128 0x3a
 799 0024 0B       		.uleb128 0xb
 800 0025 3B       		.uleb128 0x3b
 801 0026 0B       		.uleb128 0xb
 802 0027 49       		.uleb128 0x49
 803 0028 13       		.uleb128 0x13
 804 0029 00       		.byte	0
 805 002a 00       		.byte	0
 806 002b 04       		.uleb128 0x4
 807 002c 24       		.uleb128 0x24
 808 002d 00       		.byte	0
 809 002e 0B       		.uleb128 0xb
 810 002f 0B       		.uleb128 0xb
 811 0030 3E       		.uleb128 0x3e
 812 0031 0B       		.uleb128 0xb
 813 0032 03       		.uleb128 0x3
 814 0033 08       		.uleb128 0x8
 815 0034 00       		.byte	0
 816 0035 00       		.byte	0
 817 0036 05       		.uleb128 0x5
 818 0037 16       		.uleb128 0x16
 819 0038 00       		.byte	0
ARM GAS  C:\Users\Michael\AppData\Local\Temp\ccuKFcvm.s 			page 17


 820 0039 03       		.uleb128 0x3
 821 003a 0E       		.uleb128 0xe
 822 003b 3A       		.uleb128 0x3a
 823 003c 0B       		.uleb128 0xb
 824 003d 3B       		.uleb128 0x3b
 825 003e 05       		.uleb128 0x5
 826 003f 49       		.uleb128 0x49
 827 0040 13       		.uleb128 0x13
 828 0041 00       		.byte	0
 829 0042 00       		.byte	0
 830 0043 06       		.uleb128 0x6
 831 0044 13       		.uleb128 0x13
 832 0045 01       		.byte	0x1
 833 0046 03       		.uleb128 0x3
 834 0047 0E       		.uleb128 0xe
 835 0048 0B       		.uleb128 0xb
 836 0049 0B       		.uleb128 0xb
 837 004a 3A       		.uleb128 0x3a
 838 004b 0B       		.uleb128 0xb
 839 004c 3B       		.uleb128 0x3b
 840 004d 0B       		.uleb128 0xb
 841 004e 01       		.uleb128 0x1
 842 004f 13       		.uleb128 0x13
 843 0050 00       		.byte	0
 844 0051 00       		.byte	0
 845 0052 07       		.uleb128 0x7
 846 0053 0D       		.uleb128 0xd
 847 0054 00       		.byte	0
 848 0055 03       		.uleb128 0x3
 849 0056 0E       		.uleb128 0xe
 850 0057 3A       		.uleb128 0x3a
 851 0058 0B       		.uleb128 0xb
 852 0059 3B       		.uleb128 0x3b
 853 005a 0B       		.uleb128 0xb
 854 005b 49       		.uleb128 0x49
 855 005c 13       		.uleb128 0x13
 856 005d 38       		.uleb128 0x38
 857 005e 0B       		.uleb128 0xb
 858 005f 00       		.byte	0
 859 0060 00       		.byte	0
 860 0061 08       		.uleb128 0x8
 861 0062 2E       		.uleb128 0x2e
 862 0063 01       		.byte	0x1
 863 0064 3F       		.uleb128 0x3f
 864 0065 19       		.uleb128 0x19
 865 0066 03       		.uleb128 0x3
 866 0067 0E       		.uleb128 0xe
 867 0068 3A       		.uleb128 0x3a
 868 0069 0B       		.uleb128 0xb
 869 006a 3B       		.uleb128 0x3b
 870 006b 0B       		.uleb128 0xb
 871 006c 49       		.uleb128 0x49
 872 006d 13       		.uleb128 0x13
 873 006e 11       		.uleb128 0x11
 874 006f 01       		.uleb128 0x1
 875 0070 12       		.uleb128 0x12
 876 0071 06       		.uleb128 0x6
ARM GAS  C:\Users\Michael\AppData\Local\Temp\ccuKFcvm.s 			page 18


 877 0072 40       		.uleb128 0x40
 878 0073 18       		.uleb128 0x18
 879 0074 9742     		.uleb128 0x2117
 880 0076 19       		.uleb128 0x19
 881 0077 01       		.uleb128 0x1
 882 0078 13       		.uleb128 0x13
 883 0079 00       		.byte	0
 884 007a 00       		.byte	0
 885 007b 09       		.uleb128 0x9
 886 007c 34       		.uleb128 0x34
 887 007d 00       		.byte	0
 888 007e 03       		.uleb128 0x3
 889 007f 0E       		.uleb128 0xe
 890 0080 3A       		.uleb128 0x3a
 891 0081 0B       		.uleb128 0xb
 892 0082 3B       		.uleb128 0x3b
 893 0083 0B       		.uleb128 0xb
 894 0084 49       		.uleb128 0x49
 895 0085 13       		.uleb128 0x13
 896 0086 02       		.uleb128 0x2
 897 0087 18       		.uleb128 0x18
 898 0088 00       		.byte	0
 899 0089 00       		.byte	0
 900 008a 0A       		.uleb128 0xa
 901 008b 898201   		.uleb128 0x4109
 902 008e 01       		.byte	0x1
 903 008f 11       		.uleb128 0x11
 904 0090 01       		.uleb128 0x1
 905 0091 31       		.uleb128 0x31
 906 0092 13       		.uleb128 0x13
 907 0093 01       		.uleb128 0x1
 908 0094 13       		.uleb128 0x13
 909 0095 00       		.byte	0
 910 0096 00       		.byte	0
 911 0097 0B       		.uleb128 0xb
 912 0098 8A8201   		.uleb128 0x410a
 913 009b 00       		.byte	0
 914 009c 02       		.uleb128 0x2
 915 009d 18       		.uleb128 0x18
 916 009e 9142     		.uleb128 0x2111
 917 00a0 18       		.uleb128 0x18
 918 00a1 00       		.byte	0
 919 00a2 00       		.byte	0
 920 00a3 0C       		.uleb128 0xc
 921 00a4 898201   		.uleb128 0x4109
 922 00a7 00       		.byte	0
 923 00a8 11       		.uleb128 0x11
 924 00a9 01       		.uleb128 0x1
 925 00aa 31       		.uleb128 0x31
 926 00ab 13       		.uleb128 0x13
 927 00ac 00       		.byte	0
 928 00ad 00       		.byte	0
 929 00ae 0D       		.uleb128 0xd
 930 00af 898201   		.uleb128 0x4109
 931 00b2 01       		.byte	0x1
 932 00b3 11       		.uleb128 0x11
 933 00b4 01       		.uleb128 0x1
ARM GAS  C:\Users\Michael\AppData\Local\Temp\ccuKFcvm.s 			page 19


 934 00b5 31       		.uleb128 0x31
 935 00b6 13       		.uleb128 0x13
 936 00b7 00       		.byte	0
 937 00b8 00       		.byte	0
 938 00b9 0E       		.uleb128 0xe
 939 00ba 2E       		.uleb128 0x2e
 940 00bb 01       		.byte	0x1
 941 00bc 3F       		.uleb128 0x3f
 942 00bd 19       		.uleb128 0x19
 943 00be 03       		.uleb128 0x3
 944 00bf 0E       		.uleb128 0xe
 945 00c0 3A       		.uleb128 0x3a
 946 00c1 0B       		.uleb128 0xb
 947 00c2 3B       		.uleb128 0x3b
 948 00c3 0B       		.uleb128 0xb
 949 00c4 11       		.uleb128 0x11
 950 00c5 01       		.uleb128 0x1
 951 00c6 12       		.uleb128 0x12
 952 00c7 06       		.uleb128 0x6
 953 00c8 40       		.uleb128 0x40
 954 00c9 18       		.uleb128 0x18
 955 00ca 9742     		.uleb128 0x2117
 956 00cc 19       		.uleb128 0x19
 957 00cd 01       		.uleb128 0x1
 958 00ce 13       		.uleb128 0x13
 959 00cf 00       		.byte	0
 960 00d0 00       		.byte	0
 961 00d1 0F       		.uleb128 0xf
 962 00d2 05       		.uleb128 0x5
 963 00d3 00       		.byte	0
 964 00d4 03       		.uleb128 0x3
 965 00d5 0E       		.uleb128 0xe
 966 00d6 3A       		.uleb128 0x3a
 967 00d7 0B       		.uleb128 0xb
 968 00d8 3B       		.uleb128 0x3b
 969 00d9 0B       		.uleb128 0xb
 970 00da 49       		.uleb128 0x49
 971 00db 13       		.uleb128 0x13
 972 00dc 02       		.uleb128 0x2
 973 00dd 17       		.uleb128 0x17
 974 00de 00       		.byte	0
 975 00df 00       		.byte	0
 976 00e0 10       		.uleb128 0x10
 977 00e1 0B       		.uleb128 0xb
 978 00e2 01       		.byte	0x1
 979 00e3 11       		.uleb128 0x11
 980 00e4 01       		.uleb128 0x1
 981 00e5 12       		.uleb128 0x12
 982 00e6 06       		.uleb128 0x6
 983 00e7 01       		.uleb128 0x1
 984 00e8 13       		.uleb128 0x13
 985 00e9 00       		.byte	0
 986 00ea 00       		.byte	0
 987 00eb 11       		.uleb128 0x11
 988 00ec 2E       		.uleb128 0x2e
 989 00ed 01       		.byte	0x1
 990 00ee 3F       		.uleb128 0x3f
ARM GAS  C:\Users\Michael\AppData\Local\Temp\ccuKFcvm.s 			page 20


 991 00ef 19       		.uleb128 0x19
 992 00f0 03       		.uleb128 0x3
 993 00f1 08       		.uleb128 0x8
 994 00f2 3A       		.uleb128 0x3a
 995 00f3 0B       		.uleb128 0xb
 996 00f4 3B       		.uleb128 0x3b
 997 00f5 0B       		.uleb128 0xb
 998 00f6 49       		.uleb128 0x49
 999 00f7 13       		.uleb128 0x13
 1000 00f8 3C       		.uleb128 0x3c
 1001 00f9 19       		.uleb128 0x19
 1002 00fa 01       		.uleb128 0x1
 1003 00fb 13       		.uleb128 0x13
 1004 00fc 00       		.byte	0
 1005 00fd 00       		.byte	0
 1006 00fe 12       		.uleb128 0x12
 1007 00ff 18       		.uleb128 0x18
 1008 0100 00       		.byte	0
 1009 0101 00       		.byte	0
 1010 0102 00       		.byte	0
 1011 0103 13       		.uleb128 0x13
 1012 0104 34       		.uleb128 0x34
 1013 0105 00       		.byte	0
 1014 0106 03       		.uleb128 0x3
 1015 0107 0E       		.uleb128 0xe
 1016 0108 3A       		.uleb128 0x3a
 1017 0109 0B       		.uleb128 0xb
 1018 010a 3B       		.uleb128 0x3b
 1019 010b 05       		.uleb128 0x5
 1020 010c 49       		.uleb128 0x49
 1021 010d 13       		.uleb128 0x13
 1022 010e 3F       		.uleb128 0x3f
 1023 010f 19       		.uleb128 0x19
 1024 0110 3C       		.uleb128 0x3c
 1025 0111 19       		.uleb128 0x19
 1026 0112 00       		.byte	0
 1027 0113 00       		.byte	0
 1028 0114 14       		.uleb128 0x14
 1029 0115 35       		.uleb128 0x35
 1030 0116 00       		.byte	0
 1031 0117 49       		.uleb128 0x49
 1032 0118 13       		.uleb128 0x13
 1033 0119 00       		.byte	0
 1034 011a 00       		.byte	0
 1035 011b 15       		.uleb128 0x15
 1036 011c 34       		.uleb128 0x34
 1037 011d 00       		.byte	0
 1038 011e 03       		.uleb128 0x3
 1039 011f 0E       		.uleb128 0xe
 1040 0120 3A       		.uleb128 0x3a
 1041 0121 0B       		.uleb128 0xb
 1042 0122 3B       		.uleb128 0x3b
 1043 0123 0B       		.uleb128 0xb
 1044 0124 49       		.uleb128 0x49
 1045 0125 13       		.uleb128 0x13
 1046 0126 3F       		.uleb128 0x3f
 1047 0127 19       		.uleb128 0x19
ARM GAS  C:\Users\Michael\AppData\Local\Temp\ccuKFcvm.s 			page 21


 1048 0128 02       		.uleb128 0x2
 1049 0129 18       		.uleb128 0x18
 1050 012a 00       		.byte	0
 1051 012b 00       		.byte	0
 1052 012c 16       		.uleb128 0x16
 1053 012d 26       		.uleb128 0x26
 1054 012e 00       		.byte	0
 1055 012f 49       		.uleb128 0x49
 1056 0130 13       		.uleb128 0x13
 1057 0131 00       		.byte	0
 1058 0132 00       		.byte	0
 1059 0133 17       		.uleb128 0x17
 1060 0134 01       		.uleb128 0x1
 1061 0135 01       		.byte	0x1
 1062 0136 49       		.uleb128 0x49
 1063 0137 13       		.uleb128 0x13
 1064 0138 01       		.uleb128 0x1
 1065 0139 13       		.uleb128 0x13
 1066 013a 00       		.byte	0
 1067 013b 00       		.byte	0
 1068 013c 18       		.uleb128 0x18
 1069 013d 21       		.uleb128 0x21
 1070 013e 00       		.byte	0
 1071 013f 49       		.uleb128 0x49
 1072 0140 13       		.uleb128 0x13
 1073 0141 2F       		.uleb128 0x2f
 1074 0142 0B       		.uleb128 0xb
 1075 0143 00       		.byte	0
 1076 0144 00       		.byte	0
 1077 0145 19       		.uleb128 0x19
 1078 0146 2E       		.uleb128 0x2e
 1079 0147 01       		.byte	0x1
 1080 0148 3F       		.uleb128 0x3f
 1081 0149 19       		.uleb128 0x19
 1082 014a 03       		.uleb128 0x3
 1083 014b 0E       		.uleb128 0xe
 1084 014c 3A       		.uleb128 0x3a
 1085 014d 0B       		.uleb128 0xb
 1086 014e 3B       		.uleb128 0x3b
 1087 014f 05       		.uleb128 0x5
 1088 0150 27       		.uleb128 0x27
 1089 0151 19       		.uleb128 0x19
 1090 0152 3C       		.uleb128 0x3c
 1091 0153 19       		.uleb128 0x19
 1092 0154 01       		.uleb128 0x1
 1093 0155 13       		.uleb128 0x13
 1094 0156 00       		.byte	0
 1095 0157 00       		.byte	0
 1096 0158 1A       		.uleb128 0x1a
 1097 0159 05       		.uleb128 0x5
 1098 015a 00       		.byte	0
 1099 015b 49       		.uleb128 0x49
 1100 015c 13       		.uleb128 0x13
 1101 015d 00       		.byte	0
 1102 015e 00       		.byte	0
 1103 015f 1B       		.uleb128 0x1b
 1104 0160 2E       		.uleb128 0x2e
ARM GAS  C:\Users\Michael\AppData\Local\Temp\ccuKFcvm.s 			page 22


 1105 0161 00       		.byte	0
 1106 0162 3F       		.uleb128 0x3f
 1107 0163 19       		.uleb128 0x19
 1108 0164 03       		.uleb128 0x3
 1109 0165 0E       		.uleb128 0xe
 1110 0166 3A       		.uleb128 0x3a
 1111 0167 0B       		.uleb128 0xb
 1112 0168 3B       		.uleb128 0x3b
 1113 0169 05       		.uleb128 0x5
 1114 016a 27       		.uleb128 0x27
 1115 016b 19       		.uleb128 0x19
 1116 016c 49       		.uleb128 0x49
 1117 016d 13       		.uleb128 0x13
 1118 016e 3C       		.uleb128 0x3c
 1119 016f 19       		.uleb128 0x19
 1120 0170 00       		.byte	0
 1121 0171 00       		.byte	0
 1122 0172 1C       		.uleb128 0x1c
 1123 0173 2E       		.uleb128 0x2e
 1124 0174 01       		.byte	0x1
 1125 0175 3F       		.uleb128 0x3f
 1126 0176 19       		.uleb128 0x19
 1127 0177 03       		.uleb128 0x3
 1128 0178 0E       		.uleb128 0xe
 1129 0179 3A       		.uleb128 0x3a
 1130 017a 0B       		.uleb128 0xb
 1131 017b 3B       		.uleb128 0x3b
 1132 017c 0B       		.uleb128 0xb
 1133 017d 27       		.uleb128 0x27
 1134 017e 19       		.uleb128 0x19
 1135 017f 3C       		.uleb128 0x3c
 1136 0180 19       		.uleb128 0x19
 1137 0181 01       		.uleb128 0x1
 1138 0182 13       		.uleb128 0x13
 1139 0183 00       		.byte	0
 1140 0184 00       		.byte	0
 1141 0185 1D       		.uleb128 0x1d
 1142 0186 0F       		.uleb128 0xf
 1143 0187 00       		.byte	0
 1144 0188 0B       		.uleb128 0xb
 1145 0189 0B       		.uleb128 0xb
 1146 018a 49       		.uleb128 0x49
 1147 018b 13       		.uleb128 0x13
 1148 018c 00       		.byte	0
 1149 018d 00       		.byte	0
 1150 018e 1E       		.uleb128 0x1e
 1151 018f 2E       		.uleb128 0x2e
 1152 0190 01       		.byte	0x1
 1153 0191 3F       		.uleb128 0x3f
 1154 0192 19       		.uleb128 0x19
 1155 0193 03       		.uleb128 0x3
 1156 0194 0E       		.uleb128 0xe
 1157 0195 3A       		.uleb128 0x3a
 1158 0196 0B       		.uleb128 0xb
 1159 0197 3B       		.uleb128 0x3b
 1160 0198 0B       		.uleb128 0xb
 1161 0199 3C       		.uleb128 0x3c
ARM GAS  C:\Users\Michael\AppData\Local\Temp\ccuKFcvm.s 			page 23


 1162 019a 19       		.uleb128 0x19
 1163 019b 01       		.uleb128 0x1
 1164 019c 13       		.uleb128 0x13
 1165 019d 00       		.byte	0
 1166 019e 00       		.byte	0
 1167 019f 1F       		.uleb128 0x1f
 1168 01a0 2E       		.uleb128 0x2e
 1169 01a1 00       		.byte	0
 1170 01a2 3F       		.uleb128 0x3f
 1171 01a3 19       		.uleb128 0x19
 1172 01a4 03       		.uleb128 0x3
 1173 01a5 0E       		.uleb128 0xe
 1174 01a6 3A       		.uleb128 0x3a
 1175 01a7 0B       		.uleb128 0xb
 1176 01a8 3B       		.uleb128 0x3b
 1177 01a9 0B       		.uleb128 0xb
 1178 01aa 27       		.uleb128 0x27
 1179 01ab 19       		.uleb128 0x19
 1180 01ac 3C       		.uleb128 0x3c
 1181 01ad 19       		.uleb128 0x19
 1182 01ae 00       		.byte	0
 1183 01af 00       		.byte	0
 1184 01b0 20       		.uleb128 0x20
 1185 01b1 2E       		.uleb128 0x2e
 1186 01b2 01       		.byte	0x1
 1187 01b3 3F       		.uleb128 0x3f
 1188 01b4 19       		.uleb128 0x19
 1189 01b5 03       		.uleb128 0x3
 1190 01b6 0E       		.uleb128 0xe
 1191 01b7 3A       		.uleb128 0x3a
 1192 01b8 0B       		.uleb128 0xb
 1193 01b9 3B       		.uleb128 0x3b
 1194 01ba 0B       		.uleb128 0xb
 1195 01bb 27       		.uleb128 0x27
 1196 01bc 19       		.uleb128 0x19
 1197 01bd 3C       		.uleb128 0x3c
 1198 01be 19       		.uleb128 0x19
 1199 01bf 00       		.byte	0
 1200 01c0 00       		.byte	0
 1201 01c1 00       		.byte	0
 1202              		.section	.debug_loc,"",%progbits
 1203              	.Ldebug_loc0:
 1204              	.LLST0:
 1205 0000 00000000 		.4byte	.LVL11
 1206 0004 0A000000 		.4byte	.LVL12
 1207 0008 0100     		.2byte	0x1
 1208 000a 50       		.byte	0x50
 1209 000b 0A000000 		.4byte	.LVL12
 1210 000f 1C000000 		.4byte	.LVL15
 1211 0013 0100     		.2byte	0x1
 1212 0015 54       		.byte	0x54
 1213 0016 1C000000 		.4byte	.LVL15
 1214 001a 22000000 		.4byte	.LVL16
 1215 001e 0100     		.2byte	0x1
 1216 0020 50       		.byte	0x50
 1217 0021 22000000 		.4byte	.LVL16
 1218 0025 2E000000 		.4byte	.LVL19
ARM GAS  C:\Users\Michael\AppData\Local\Temp\ccuKFcvm.s 			page 24


 1219 0029 0100     		.2byte	0x1
 1220 002b 54       		.byte	0x54
 1221 002c 2E000000 		.4byte	.LVL19
 1222 0030 30000000 		.4byte	.LVL20
 1223 0034 0100     		.2byte	0x1
 1224 0036 50       		.byte	0x50
 1225 0037 30000000 		.4byte	.LVL20
 1226 003b 3C000000 		.4byte	.LFE64
 1227 003f 0100     		.2byte	0x1
 1228 0041 54       		.byte	0x54
 1229 0042 00000000 		.4byte	0
 1230 0046 00000000 		.4byte	0
 1231              		.section	.debug_aranges,"",%progbits
 1232 0000 24000000 		.4byte	0x24
 1233 0004 0200     		.2byte	0x2
 1234 0006 00000000 		.4byte	.Ldebug_info0
 1235 000a 04       		.byte	0x4
 1236 000b 00       		.byte	0
 1237 000c 0000     		.2byte	0
 1238 000e 0000     		.2byte	0
 1239 0010 00000000 		.4byte	.LFB63
 1240 0014 54000000 		.4byte	.LFE63-.LFB63
 1241 0018 00000000 		.4byte	.LFB64
 1242 001c 3C000000 		.4byte	.LFE64-.LFB64
 1243 0020 00000000 		.4byte	0
 1244 0024 00000000 		.4byte	0
 1245              		.section	.debug_ranges,"",%progbits
 1246              	.Ldebug_ranges0:
 1247 0000 00000000 		.4byte	.LFB63
 1248 0004 54000000 		.4byte	.LFE63
 1249 0008 00000000 		.4byte	.LFB64
 1250 000c 3C000000 		.4byte	.LFE64
 1251 0010 00000000 		.4byte	0
 1252 0014 00000000 		.4byte	0
 1253              		.section	.debug_line,"",%progbits
 1254              	.Ldebug_line0:
 1255 0000 EF010000 		.section	.debug_str,"MS",%progbits,1
 1255      0200A701 
 1255      00000201 
 1255      FB0E0D00 
 1255      01010101 
 1256              	.LASF25:
 1257 0000 72635F63 		.ascii	"rc_ch1\000"
 1257      683100
 1258              	.LASF32:
 1259 0007 52435F54 		.ascii	"RC_TIMER_MID_VALUE\000"
 1259      494D4552 
 1259      5F4D4944 
 1259      5F56414C 
 1259      554500
 1260              	.LASF27:
 1261 001a 72635F63 		.ascii	"rc_ch3\000"
 1261      683300
 1262              	.LASF26:
 1263 0021 72635F63 		.ascii	"rc_ch2\000"
 1263      683200
 1264              	.LASF41:
ARM GAS  C:\Users\Michael\AppData\Local\Temp\ccuKFcvm.s 			page 25


 1265 0028 696E6974 		.ascii	"init_milliseconds\000"
 1265      5F6D696C 
 1265      6C697365 
 1265      636F6E64 
 1265      7300
 1266              	.LASF23:
 1267 003a 76616C75 		.ascii	"value\000"
 1267      6500
 1268              	.LASF9:
 1269 0040 5F5F696E 		.ascii	"__int32_t\000"
 1269      7433325F 
 1269      7400
 1270              	.LASF43:
 1271 004a 636F6E73 		.ascii	"construct_rc_ch\000"
 1271      74727563 
 1271      745F7263 
 1271      5F636800 
 1272              	.LASF4:
 1273 005a 6C6F6E67 		.ascii	"long int\000"
 1273      20696E74 
 1273      00
 1274              	.LASF20:
 1275 0063 636F6E6E 		.ascii	"connected\000"
 1275      65637465 
 1275      6400
 1276              	.LASF37:
 1277 006d 52435F4D 		.ascii	"RC_MIN_VALUE\000"
 1277      494E5F56 
 1277      414C5545 
 1277      00
 1278              	.LASF40:
 1279 007a 55534255 		.ascii	"USBUART_PutString\000"
 1279      4152545F 
 1279      50757453 
 1279      7472696E 
 1279      6700
 1280              	.LASF54:
 1281 008c 55534255 		.ascii	"USBUART_GetConfiguration\000"
 1281      4152545F 
 1281      47657443 
 1281      6F6E6669 
 1281      67757261 
 1282              	.LASF22:
 1283 00a5 6C617374 		.ascii	"last_timer_count\000"
 1283      5F74696D 
 1283      65725F63 
 1283      6F756E74 
 1283      00
 1284              	.LASF48:
 1285 00b6 2E5C6D61 		.ascii	".\\main.c\000"
 1285      696E2E63 
 1285      00
 1286              	.LASF14:
 1287 00bf 666C6F61 		.ascii	"float\000"
 1287      7400
 1288              	.LASF35:
 1289 00c5 52435F43 		.ascii	"RC_CONNECTION_TIMEOUT\000"
ARM GAS  C:\Users\Michael\AppData\Local\Temp\ccuKFcvm.s 			page 26


 1289      4F4E4E45 
 1289      4354494F 
 1289      4E5F5449 
 1289      4D454F55 
 1290              	.LASF31:
 1291 00db 52435F54 		.ascii	"RC_TIMER_MAX_VALUE\000"
 1291      494D4552 
 1291      5F4D4158 
 1291      5F56414C 
 1291      554500
 1292              	.LASF1:
 1293 00ee 756E7369 		.ascii	"unsigned char\000"
 1293      676E6564 
 1293      20636861 
 1293      7200
 1294              	.LASF16:
 1295 00fc 63686172 		.ascii	"char8\000"
 1295      3800
 1296              	.LASF42:
 1297 0102 696E6974 		.ascii	"init_rc_channels\000"
 1297      5F72635F 
 1297      6368616E 
 1297      6E656C73 
 1297      00
 1298              	.LASF13:
 1299 0113 696E7431 		.ascii	"int16\000"
 1299      3600
 1300              	.LASF5:
 1301 0119 6C6F6E67 		.ascii	"long unsigned int\000"
 1301      20756E73 
 1301      69676E65 
 1301      6420696E 
 1301      7400
 1302              	.LASF3:
 1303 012b 73686F72 		.ascii	"short unsigned int\000"
 1303      7420756E 
 1303      7369676E 
 1303      65642069 
 1303      6E7400
 1304              	.LASF52:
 1305 013e 72756E5F 		.ascii	"run_motor\000"
 1305      6D6F746F 
 1305      7200
 1306              	.LASF28:
 1307 0148 72635F63 		.ascii	"rc_ch4\000"
 1307      683400
 1308              	.LASF55:
 1309 014f 4D6F746F 		.ascii	"Motor_A_PWM_Start\000"
 1309      725F415F 
 1309      50574D5F 
 1309      53746172 
 1309      7400
 1310              	.LASF29:
 1311 0161 49544D5F 		.ascii	"ITM_RxBuffer\000"
 1311      52784275 
 1311      66666572 
 1311      00
ARM GAS  C:\Users\Michael\AppData\Local\Temp\ccuKFcvm.s 			page 27


 1312              	.LASF45:
 1313 016e 4D6F746F 		.ascii	"Motor_A_PWM_WriteCompare1\000"
 1313      725F415F 
 1313      50574D5F 
 1313      57726974 
 1313      65436F6D 
 1314              	.LASF46:
 1315 0188 4D6F746F 		.ascii	"Motor_A_PWM_WriteCompare2\000"
 1315      725F415F 
 1315      50574D5F 
 1315      57726974 
 1315      65436F6D 
 1316              	.LASF15:
 1317 01a2 646F7562 		.ascii	"double\000"
 1317      6C6500
 1318              	.LASF49:
 1319 01a9 433A5C55 		.ascii	"C:\\Users\\Michael\\Dropbox (MIT)\\College\\Senior "
 1319      73657273 
 1319      5C4D6963 
 1319      6861656C 
 1319      5C44726F 
 1320 01d7 59656172 		.ascii	"Year\\6.115 - Microcomputer Project Laboratory\\6.1"
 1320      5C362E31 
 1320      3135202D 
 1320      204D6963 
 1320      726F636F 
 1321 0208 3135202D 		.ascii	"15 - Final Project\\Software\\PSoC Creator\\Ball.cy"
 1321      2046696E 
 1321      616C2050 
 1321      726F6A65 
 1321      63745C53 
 1322 0238 64736E00 		.ascii	"dsn\000"
 1323              	.LASF51:
 1324 023c 6D61696E 		.ascii	"main\000"
 1324      00
 1325              	.LASF21:
 1326 0241 6C617374 		.ascii	"last_connected\000"
 1326      5F636F6E 
 1326      6E656374 
 1326      656400
 1327              	.LASF12:
 1328 0250 75696E74 		.ascii	"uint32\000"
 1328      333200
 1329              	.LASF36:
 1330 0257 52435F4D 		.ascii	"RC_MAX_VALUE\000"
 1330      41585F56 
 1330      414C5545 
 1330      00
 1331              	.LASF39:
 1332 0264 55534255 		.ascii	"USBUART_Start\000"
 1332      4152545F 
 1332      53746172 
 1332      7400
 1333              	.LASF19:
 1334 0272 63685F6E 		.ascii	"ch_number\000"
 1334      756D6265 
 1334      7200
ARM GAS  C:\Users\Michael\AppData\Local\Temp\ccuKFcvm.s 			page 28


 1335              	.LASF8:
 1336 027c 756E7369 		.ascii	"unsigned int\000"
 1336      676E6564 
 1336      20696E74 
 1336      00
 1337              	.LASF50:
 1338 0289 72635F63 		.ascii	"rc_ch\000"
 1338      6800
 1339              	.LASF7:
 1340 028f 6C6F6E67 		.ascii	"long long unsigned int\000"
 1340      206C6F6E 
 1340      6720756E 
 1340      7369676E 
 1340      65642069 
 1341              	.LASF47:
 1342 02a6 474E5520 		.ascii	"GNU C 4.9.3 20150303 (release) [ARM/embedded-4_9-br"
 1342      4320342E 
 1342      392E3320 
 1342      32303135 
 1342      30333033 
 1343 02d9 616E6368 		.ascii	"anch revision 221220] -mcpu=cortex-m3 -mthumb -g -O"
 1343      20726576 
 1343      6973696F 
 1343      6E203232 
 1343      31323230 
 1344 030c 67202D66 		.ascii	"g -ffunction-sections -ffat-lto-objects\000"
 1344      66756E63 
 1344      74696F6E 
 1344      2D736563 
 1344      74696F6E 
 1345              	.LASF38:
 1346 0334 64656275 		.ascii	"debug_data_buf\000"
 1346      675F6461 
 1346      74615F62 
 1346      756600
 1347              	.LASF44:
 1348 0343 6765745F 		.ascii	"get_rc_ch_value\000"
 1348      72635F63 
 1348      685F7661 
 1348      6C756500 
 1349              	.LASF18:
 1350 0353 73697A65 		.ascii	"sizetype\000"
 1350      74797065 
 1350      00
 1351              	.LASF53:
 1352 035c 6D6F746F 		.ascii	"motor_pwm\000"
 1352      725F7077 
 1352      6D00
 1353              	.LASF6:
 1354 0366 6C6F6E67 		.ascii	"long long int\000"
 1354      206C6F6E 
 1354      6720696E 
 1354      7400
 1355              	.LASF17:
 1356 0374 63686172 		.ascii	"char\000"
 1356      00
 1357              	.LASF34:
ARM GAS  C:\Users\Michael\AppData\Local\Temp\ccuKFcvm.s 			page 29


 1358 0379 52435F54 		.ascii	"RC_TIMER_MID_TOLERANCE\000"
 1358      494D4552 
 1358      5F4D4944 
 1358      5F544F4C 
 1358      4552414E 
 1359              	.LASF10:
 1360 0390 696E7433 		.ascii	"int32_t\000"
 1360      325F7400 
 1361              	.LASF2:
 1362 0398 73686F72 		.ascii	"short int\000"
 1362      7420696E 
 1362      7400
 1363              	.LASF11:
 1364 03a2 75696E74 		.ascii	"uint8\000"
 1364      3800
 1365              	.LASF30:
 1366 03a8 52435F54 		.ascii	"RC_TIMER_PERIOD\000"
 1366      494D4552 
 1366      5F504552 
 1366      494F4400 
 1367              	.LASF0:
 1368 03b8 7369676E 		.ascii	"signed char\000"
 1368      65642063 
 1368      68617200 
 1369              	.LASF24:
 1370 03c4 52435F43 		.ascii	"RC_CH\000"
 1370      4800
 1371              	.LASF33:
 1372 03ca 52435F54 		.ascii	"RC_TIMER_MIN_VALUE\000"
 1372      494D4552 
 1372      5F4D494E 
 1372      5F56414C 
 1372      554500
 1373              		.ident	"GCC: (GNU Tools for ARM Embedded Processors) 4.9.3 20150303 (release) [ARM/embedded-4_9-br
