ARM GAS  C:\Users\Michael\AppData\Local\Temp\cchYa3pz.s 			page 1


   1              		.syntax unified
   2              		.cpu cortex-m3
   3              		.fpu softvfp
   4              		.eabi_attribute 20, 1
   5              		.eabi_attribute 21, 1
   6              		.eabi_attribute 23, 3
   7              		.eabi_attribute 24, 1
   8              		.eabi_attribute 25, 1
   9              		.eabi_attribute 26, 1
  10              		.eabi_attribute 30, 1
  11              		.eabi_attribute 34, 1
  12              		.eabi_attribute 18, 4
  13              		.thumb
  14              		.file	"rc.c"
  15              		.text
  16              	.Ltext0:
  17              		.cfi_sections	.debug_frame
  18              		.section	.text.RC_Ch2_Timer_ISR_Handler,"ax",%progbits
  19              		.align	2
  20              		.global	RC_Ch2_Timer_ISR_Handler
  21              		.thumb
  22              		.thumb_func
  23              		.type	RC_Ch2_Timer_ISR_Handler, %function
  24              	RC_Ch2_Timer_ISR_Handler:
  25              	.LFB63:
  26              		.file 1 ".\\rc.c"
   1:.\rc.c        **** /* ========================================
   2:.\rc.c        ****  *
   3:.\rc.c        ****  * Copyright YOUR COMPANY, THE YEAR
   4:.\rc.c        ****  * All Rights Reserved
   5:.\rc.c        ****  * UNPUBLISHED, LICENSED SOFTWARE.
   6:.\rc.c        ****  *
   7:.\rc.c        ****  * CONFIDENTIAL AND PROPRIETARY INFORMATION
   8:.\rc.c        ****  * WHICH IS THE PROPERTY OF your company.
   9:.\rc.c        ****  *
  10:.\rc.c        ****  * ========================================
  11:.\rc.c        **** */
  12:.\rc.c        **** #include "project.h"
  13:.\rc.c        **** #include "milliseconds.h"
  14:.\rc.c        **** #include "rc.h"
  15:.\rc.c        **** 
  16:.\rc.c        **** const int RC_TIMER_PERIOD = 500000 - 1;
  17:.\rc.c        **** const int RC_TIMER_MAX_VALUE = 45000;
  18:.\rc.c        **** const int RC_TIMER_MID_VALUE = 33000;
  19:.\rc.c        **** const int RC_TIMER_MIN_VALUE = 24000;
  20:.\rc.c        **** const int RC_TIMER_MID_TOLERANCE = 600;
  21:.\rc.c        **** const int RC_CONNECTION_TIMEOUT = 50;
  22:.\rc.c        **** 
  23:.\rc.c        **** const int RC_MAX_VALUE = 240;
  24:.\rc.c        **** const int RC_MIN_VALUE = 0;
  25:.\rc.c        **** 
  26:.\rc.c        **** static volatile uint32 rc_timer_count;
  27:.\rc.c        **** static uint8 rc_timer_int_flag = 0;
  28:.\rc.c        **** uint32 last_rc_timer_count = 0;
  29:.\rc.c        **** 
  30:.\rc.c        **** uint32 last_rc_connection = 0;
  31:.\rc.c        **** uint8 rc_connected = 0;
ARM GAS  C:\Users\Michael\AppData\Local\Temp\cchYa3pz.s 			page 2


  32:.\rc.c        **** 
  33:.\rc.c        **** static volatile uint32 rc_connection_timer_count;
  34:.\rc.c        **** static uint8 rc_connection_timer_int_flag = 0;
  35:.\rc.c        **** 
  36:.\rc.c        **** CY_ISR(RC_Ch2_Timer_ISR_Handler)
  37:.\rc.c        **** {
  27              		.loc 1 37 0
  28              		.cfi_startproc
  29              		@ args = 0, pretend = 0, frame = 0
  30              		@ frame_needed = 0, uses_anonymous_args = 0
  31 0000 08B5     		push	{r3, lr}
  32              		.cfi_def_cfa_offset 8
  33              		.cfi_offset 3, -8
  34              		.cfi_offset 14, -4
  38:.\rc.c        ****     rc_timer_int_flag = RC_Ch2_Timer_ReadStatusRegister();	//	Read and clear interrupt status      
  35              		.loc 1 38 0
  36 0002 FFF7FEFF 		bl	RC_Ch2_Timer_ReadStatusRegister
  37              	.LVL0:
  38 0006 0D4B     		ldr	r3, .L5
  39 0008 1870     		strb	r0, [r3]
  39:.\rc.c        ****     if(rc_timer_int_flag & RC_Ch2_Timer_STATUS_CAPTURE)
  40              		.loc 1 39 0
  41 000a 10F0020F 		tst	r0, #2
  42 000e 07D0     		beq	.L2
  40:.\rc.c        ****         rc_timer_count = RC_TIMER_PERIOD - RC_Ch2_Timer_ReadCapture();    
  43              		.loc 1 40 0
  44 0010 FFF7FEFF 		bl	RC_Ch2_Timer_ReadCapture
  45              	.LVL1:
  46 0014 C0F5F420 		rsb	r0, r0, #499712
  47 0018 00F21F10 		addw	r0, r0, #287
  48 001c 074B     		ldr	r3, .L5
  49 001e 5860     		str	r0, [r3, #4]
  50              	.L2:
  41:.\rc.c        ****     if(rc_timer_int_flag & RC_Ch2_Timer_STATUS_TC)			//	Did we overflow??
  51              		.loc 1 41 0
  52 0020 064B     		ldr	r3, .L5
  53 0022 1B78     		ldrb	r3, [r3]	@ zero_extendqisi2
  54 0024 13F0010F 		tst	r3, #1
  55 0028 02D0     		beq	.L3
  42:.\rc.c        ****         rc_timer_count = 0;
  56              		.loc 1 42 0
  57 002a 0022     		movs	r2, #0
  58 002c 034B     		ldr	r3, .L5
  59 002e 5A60     		str	r2, [r3, #4]
  60              	.L3:
  43:.\rc.c        ****     
  44:.\rc.c        ****     RC_Ch2_Timer_Stop();                         // stop and setup for next round
  61              		.loc 1 44 0
  62 0030 FFF7FEFF 		bl	RC_Ch2_Timer_Stop
  63              	.LVL2:
  45:.\rc.c        ****     RC_Ch2_Timer_WriteCounter(RC_TIMER_PERIOD);		//	Rewrite counter for next cycle*/
  64              		.loc 1 45 0
  65 0034 0248     		ldr	r0, .L5+4
  66 0036 FFF7FEFF 		bl	RC_Ch2_Timer_WriteCounter
  67              	.LVL3:
  68 003a 08BD     		pop	{r3, pc}
  69              	.L6:
ARM GAS  C:\Users\Michael\AppData\Local\Temp\cchYa3pz.s 			page 3


  70              		.align	2
  71              	.L5:
  72 003c 00000000 		.word	.LANCHOR0
  73 0040 1FA10700 		.word	499999
  74              		.cfi_endproc
  75              	.LFE63:
  76              		.size	RC_Ch2_Timer_ISR_Handler, .-RC_Ch2_Timer_ISR_Handler
  77              		.section	.text.construct_rc,"ax",%progbits
  78              		.align	2
  79              		.global	construct_rc
  80              		.thumb
  81              		.thumb_func
  82              		.type	construct_rc, %function
  83              	construct_rc:
  84              	.LFB64:
  46:.\rc.c        **** }
  47:.\rc.c        **** 
  48:.\rc.c        **** void construct_rc(RC* rc) {
  85              		.loc 1 48 0
  86              		.cfi_startproc
  87              		@ args = 0, pretend = 0, frame = 0
  88              		@ frame_needed = 0, uses_anonymous_args = 0
  89              	.LVL4:
  90 0000 08B5     		push	{r3, lr}
  91              		.cfi_def_cfa_offset 8
  92              		.cfi_offset 3, -8
  93              		.cfi_offset 14, -4
  49:.\rc.c        ****     RC_Ch2_Timer_Interrupt_StartEx(RC_Ch2_Timer_ISR_Handler);
  94              		.loc 1 49 0
  95 0002 0348     		ldr	r0, .L9
  96              	.LVL5:
  97 0004 FFF7FEFF 		bl	RC_Ch2_Timer_Interrupt_StartEx
  98              	.LVL6:
  50:.\rc.c        ****     RC_Ch2_Timer_Start();
  99              		.loc 1 50 0
 100 0008 FFF7FEFF 		bl	RC_Ch2_Timer_Start
 101              	.LVL7:
 102 000c 08BD     		pop	{r3, pc}
 103              	.L10:
 104 000e 00BF     		.align	2
 105              	.L9:
 106 0010 00000000 		.word	RC_Ch2_Timer_ISR_Handler
 107              		.cfi_endproc
 108              	.LFE64:
 109              		.size	construct_rc, .-construct_rc
 110              		.section	.text.get_ch_value,"ax",%progbits
 111              		.align	2
 112              		.global	get_ch_value
 113              		.thumb
 114              		.thumb_func
 115              		.type	get_ch_value, %function
 116              	get_ch_value:
 117              	.LFB65:
  51:.\rc.c        **** }
  52:.\rc.c        **** 
  53:.\rc.c        **** int16 get_ch_value() {
 118              		.loc 1 53 0
ARM GAS  C:\Users\Michael\AppData\Local\Temp\cchYa3pz.s 			page 4


 119              		.cfi_startproc
 120              		@ args = 0, pretend = 0, frame = 64
 121              		@ frame_needed = 0, uses_anonymous_args = 0
 122 0000 10B5     		push	{r4, lr}
 123              		.cfi_def_cfa_offset 8
 124              		.cfi_offset 4, -8
 125              		.cfi_offset 14, -4
 126 0002 92B0     		sub	sp, sp, #72
 127              		.cfi_def_cfa_offset 80
 128              	.LVL8:
  54:.\rc.c        ****     int16 ch_value = 0;
  55:.\rc.c        ****     if (RC_Ch2_Read()) {
 129              		.loc 1 55 0
 130 0004 FFF7FEFF 		bl	RC_Ch2_Read
 131              	.LVL9:
 132 0008 30B1     		cbz	r0, .L12
  56:.\rc.c        ****         last_rc_connection = MILLISECONDS;
 133              		.loc 1 56 0
 134 000a 394B     		ldr	r3, .L26
 135 000c 1A68     		ldr	r2, [r3]
 136 000e 394B     		ldr	r3, .L26+4
 137 0010 9A60     		str	r2, [r3, #8]
  57:.\rc.c        ****         rc_connected = 1;
 138              		.loc 1 57 0
 139 0012 0122     		movs	r2, #1
 140 0014 1A73     		strb	r2, [r3, #12]
 141 0016 09E0     		b	.L13
 142              	.L12:
  58:.\rc.c        ****     } else {
  59:.\rc.c        ****         if (MILLISECONDS - last_rc_connection > RC_CONNECTION_TIMEOUT) {
 143              		.loc 1 59 0
 144 0018 354B     		ldr	r3, .L26
 145 001a 1B68     		ldr	r3, [r3]
 146 001c 354A     		ldr	r2, .L26+4
 147 001e 9268     		ldr	r2, [r2, #8]
 148 0020 9B1A     		subs	r3, r3, r2
 149 0022 322B     		cmp	r3, #50
 150 0024 02D9     		bls	.L13
  60:.\rc.c        ****             rc_connected = 0;
 151              		.loc 1 60 0
 152 0026 0022     		movs	r2, #0
 153 0028 324B     		ldr	r3, .L26+4
 154 002a 1A73     		strb	r2, [r3, #12]
 155              	.L13:
  61:.\rc.c        ****         }
  62:.\rc.c        ****     }
  63:.\rc.c        ****     
  64:.\rc.c        ****     if (rc_connected && rc_timer_int_flag) {
 156              		.loc 1 64 0
 157 002c 314B     		ldr	r3, .L26+4
 158 002e 1B7B     		ldrb	r3, [r3, #12]	@ zero_extendqisi2
 159 0030 002B     		cmp	r3, #0
 160 0032 57D0     		beq	.L21
 161              		.loc 1 64 0 is_stmt 0 discriminator 1
 162 0034 2F4B     		ldr	r3, .L26+4
 163 0036 1B78     		ldrb	r3, [r3]	@ zero_extendqisi2
 164 0038 002B     		cmp	r3, #0
ARM GAS  C:\Users\Michael\AppData\Local\Temp\cchYa3pz.s 			page 5


 165 003a 55D0     		beq	.L22
 166              	.LBB2:
  65:.\rc.c        ****         rc_timer_count = (rc_timer_count < RC_TIMER_MIN_VALUE || rc_timer_count > RC_TIMER_MAX_VALU
 167              		.loc 1 65 0 is_stmt 1
 168 003c 2D4B     		ldr	r3, .L26+4
 169 003e 5A68     		ldr	r2, [r3, #4]
  66:.\rc.c        ****                             last_rc_timer_count : rc_timer_count;
 170              		.loc 1 66 0
 171 0040 45F6BF53 		movw	r3, #23999
 172 0044 9A42     		cmp	r2, r3
 173 0046 05D9     		bls	.L15
  65:.\rc.c        ****         rc_timer_count = (rc_timer_count < RC_TIMER_MIN_VALUE || rc_timer_count > RC_TIMER_MAX_VALU
 174              		.loc 1 65 0
 175 0048 2A4B     		ldr	r3, .L26+4
 176 004a 5A68     		ldr	r2, [r3, #4]
 177 004c 4AF6C873 		movw	r3, #45000
 178 0050 9A42     		cmp	r2, r3
 179 0052 02D9     		bls	.L16
 180              	.L15:
 181              		.loc 1 66 0 discriminator 1
 182 0054 274B     		ldr	r3, .L26+4
 183 0056 1A69     		ldr	r2, [r3, #16]
 184 0058 01E0     		b	.L17
 185              	.L16:
 186              		.loc 1 66 0 is_stmt 0
 187 005a 264B     		ldr	r3, .L26+4
 188 005c 5A68     		ldr	r2, [r3, #4]
 189              	.L17:
  65:.\rc.c        ****         rc_timer_count = (rc_timer_count < RC_TIMER_MIN_VALUE || rc_timer_count > RC_TIMER_MAX_VALU
 190              		.loc 1 65 0 is_stmt 1
 191 005e 254B     		ldr	r3, .L26+4
 192 0060 5A60     		str	r2, [r3, #4]
  67:.\rc.c        ****         if (abs(RC_TIMER_MID_VALUE - rc_timer_count) < RC_TIMER_MID_TOLERANCE) {
 193              		.loc 1 67 0
 194 0062 5B68     		ldr	r3, [r3, #4]
 195 0064 C3F50043 		rsb	r3, r3, #32768
 196 0068 E833     		adds	r3, r3, #232
 197 006a 002B     		cmp	r3, #0
 198 006c B8BF     		it	lt
 199 006e 5B42     		rsblt	r3, r3, #0
 200 0070 B3F5167F 		cmp	r3, #600
 201 0074 16DB     		blt	.L23
 202              	.LBB3:
  68:.\rc.c        ****             ch_value = RC_MIN_VALUE;
  69:.\rc.c        ****         } else {
  70:.\rc.c        ****             const int RC_TIMER_AMPLITUDE = rc_timer_count > RC_TIMER_MID_VALUE ? RC_TIMER_MAX_VALUE
 203              		.loc 1 70 0
 204 0076 1F4B     		ldr	r3, .L26+4
 205 0078 5A68     		ldr	r2, [r3, #4]
 206 007a 48F2E803 		movw	r3, #33000
 207 007e 9A42     		cmp	r2, r3
 208 0080 02D9     		bls	.L24
 209 0082 42F6E064 		movw	r4, #12000
 210 0086 01E0     		b	.L19
 211              	.L24:
 212 0088 42F22834 		movw	r4, #9000
 213              	.L19:
ARM GAS  C:\Users\Michael\AppData\Local\Temp\cchYa3pz.s 			page 6


 214              	.LVL10:
  71:.\rc.c        ****             ch_value = (RC_MAX_VALUE - RC_MIN_VALUE) * ((int32) rc_timer_count - RC_TIMER_MID_VALUE
 215              		.loc 1 71 0 discriminator 4
 216 008c 194B     		ldr	r3, .L26+4
 217 008e 5A68     		ldr	r2, [r3, #4]
 218 0090 A2F50043 		sub	r3, r2, #32768
 219 0094 E83B     		subs	r3, r3, #232
 220 0096 C3EB0313 		rsb	r3, r3, r3, lsl #4
 221 009a 1B01     		lsls	r3, r3, #4
 222 009c 93FBF4F3 		sdiv	r3, r3, r4
 223 00a0 9CB2     		uxth	r4, r3
 224              	.LVL11:
 225 00a2 00E0     		b	.L18
 226              	.LVL12:
 227              	.L23:
 228              	.LBE3:
  68:.\rc.c        ****             ch_value = RC_MIN_VALUE;
 229              		.loc 1 68 0
 230 00a4 0024     		movs	r4, #0
 231              	.LVL13:
 232              	.L18:
  72:.\rc.c        ****         }
  73:.\rc.c        ****         
  74:.\rc.c        ****         last_rc_timer_count = rc_timer_count;
 233              		.loc 1 74 0
 234 00a6 134B     		ldr	r3, .L26+4
 235 00a8 5A68     		ldr	r2, [r3, #4]
 236 00aa 1A61     		str	r2, [r3, #16]
  75:.\rc.c        ****         rc_timer_int_flag = 0;
 237              		.loc 1 75 0
 238 00ac 0022     		movs	r2, #0
 239 00ae 1A70     		strb	r2, [r3]
  76:.\rc.c        ****         RC_Ch2_Timer_Start();
 240              		.loc 1 76 0
 241 00b0 FFF7FEFF 		bl	RC_Ch2_Timer_Start
 242              	.LVL14:
  77:.\rc.c        ****         
  78:.\rc.c        ****         if (ch_value != 0) {
 243              		.loc 1 78 0
 244 00b4 A4B1     		cbz	r4, .L20
 245              	.LBB4:
  79:.\rc.c        ****             char debug[64] = "";
 246              		.loc 1 79 0
 247 00b6 0021     		movs	r1, #0
 248 00b8 0291     		str	r1, [sp, #8]
 249 00ba 03A8     		add	r0, sp, #12
 250 00bc 3C22     		movs	r2, #60
 251 00be FFF7FEFF 		bl	memset
 252              	.LVL15:
  80:.\rc.c        ****             sprintf(debug, "[%ld] (%d) RC: %ld --> Motor: %d \r\n", MILLISECONDS, rc_connected, rc_
 253              		.loc 1 80 0
 254 00c2 0B4B     		ldr	r3, .L26
 255 00c4 1A68     		ldr	r2, [r3]
 256 00c6 0B4B     		ldr	r3, .L26+4
 257 00c8 5968     		ldr	r1, [r3, #4]
 258 00ca 1B7B     		ldrb	r3, [r3, #12]	@ zero_extendqisi2
 259 00cc 0091     		str	r1, [sp]
ARM GAS  C:\Users\Michael\AppData\Local\Temp\cchYa3pz.s 			page 7


 260 00ce 21B2     		sxth	r1, r4
 261 00d0 0191     		str	r1, [sp, #4]
 262 00d2 02A8     		add	r0, sp, #8
 263 00d4 0849     		ldr	r1, .L26+8
 264 00d6 FFF7FEFF 		bl	sprintf
 265              	.LVL16:
  81:.\rc.c        ****             USBUART_PutString(debug);
 266              		.loc 1 81 0
 267 00da 02A8     		add	r0, sp, #8
 268 00dc FFF7FEFF 		bl	USBUART_PutString
 269              	.LVL17:
 270              	.L20:
 271              	.LBE4:
  82:.\rc.c        ****         }
  83:.\rc.c        ****         return ch_value;
 272              		.loc 1 83 0
 273 00e0 2046     		mov	r0, r4
 274 00e2 02E0     		b	.L14
 275              	.LVL18:
 276              	.L21:
 277              	.LBE2:
  84:.\rc.c        ****     }
  85:.\rc.c        ****     
  86:.\rc.c        ****     return 0;
 278              		.loc 1 86 0
 279 00e4 0020     		movs	r0, #0
 280 00e6 00E0     		b	.L14
 281              	.L22:
 282 00e8 0020     		movs	r0, #0
 283              	.LVL19:
 284              	.L14:
  87:.\rc.c        **** }
 285              		.loc 1 87 0
 286 00ea 00B2     		sxth	r0, r0
 287 00ec 12B0     		add	sp, sp, #72
 288              		.cfi_def_cfa_offset 8
 289              		@ sp needed
 290 00ee 10BD     		pop	{r4, pc}
 291              	.L27:
 292              		.align	2
 293              	.L26:
 294 00f0 00000000 		.word	MILLISECONDS
 295 00f4 00000000 		.word	.LANCHOR0
 296 00f8 00000000 		.word	.LC0
 297              		.cfi_endproc
 298              	.LFE65:
 299              		.size	get_ch_value, .-get_ch_value
 300              		.global	rc_connected
 301              		.global	last_rc_connection
 302              		.global	last_rc_timer_count
 303              		.global	RC_MIN_VALUE
 304              		.global	RC_MAX_VALUE
 305              		.global	RC_CONNECTION_TIMEOUT
 306              		.global	RC_TIMER_MID_TOLERANCE
 307              		.global	RC_TIMER_MIN_VALUE
 308              		.global	RC_TIMER_MID_VALUE
 309              		.global	RC_TIMER_MAX_VALUE
ARM GAS  C:\Users\Michael\AppData\Local\Temp\cchYa3pz.s 			page 8


 310              		.global	RC_TIMER_PERIOD
 311              		.section	.rodata
 312              		.align	2
 313              		.type	RC_MIN_VALUE, %object
 314              		.size	RC_MIN_VALUE, 4
 315              	RC_MIN_VALUE:
 316 0000 00000000 		.space	4
 317              		.type	RC_MAX_VALUE, %object
 318              		.size	RC_MAX_VALUE, 4
 319              	RC_MAX_VALUE:
 320 0004 F0000000 		.word	240
 321              		.type	RC_CONNECTION_TIMEOUT, %object
 322              		.size	RC_CONNECTION_TIMEOUT, 4
 323              	RC_CONNECTION_TIMEOUT:
 324 0008 32000000 		.word	50
 325              		.type	RC_TIMER_MID_TOLERANCE, %object
 326              		.size	RC_TIMER_MID_TOLERANCE, 4
 327              	RC_TIMER_MID_TOLERANCE:
 328 000c 58020000 		.word	600
 329              		.type	RC_TIMER_MIN_VALUE, %object
 330              		.size	RC_TIMER_MIN_VALUE, 4
 331              	RC_TIMER_MIN_VALUE:
 332 0010 C05D0000 		.word	24000
 333              		.type	RC_TIMER_MID_VALUE, %object
 334              		.size	RC_TIMER_MID_VALUE, 4
 335              	RC_TIMER_MID_VALUE:
 336 0014 E8800000 		.word	33000
 337              		.type	RC_TIMER_MAX_VALUE, %object
 338              		.size	RC_TIMER_MAX_VALUE, 4
 339              	RC_TIMER_MAX_VALUE:
 340 0018 C8AF0000 		.word	45000
 341              		.type	RC_TIMER_PERIOD, %object
 342              		.size	RC_TIMER_PERIOD, 4
 343              	RC_TIMER_PERIOD:
 344 001c 1FA10700 		.word	499999
 345              		.section	.rodata.str1.4,"aMS",%progbits,1
 346              		.align	2
 347              	.LC0:
 348 0000 5B256C64 		.ascii	"[%ld] (%d) RC: %ld --> Motor: %d \015\012\000"
 348      5D202825 
 348      64292052 
 348      433A2025 
 348      6C64202D 
 349              		.bss
 350              		.align	2
 351              		.set	.LANCHOR0,. + 0
 352              		.type	rc_timer_int_flag, %object
 353              		.size	rc_timer_int_flag, 1
 354              	rc_timer_int_flag:
 355 0000 00       		.space	1
 356 0001 000000   		.space	3
 357              		.type	rc_timer_count, %object
 358              		.size	rc_timer_count, 4
 359              	rc_timer_count:
 360 0004 00000000 		.space	4
 361              		.type	last_rc_connection, %object
 362              		.size	last_rc_connection, 4
ARM GAS  C:\Users\Michael\AppData\Local\Temp\cchYa3pz.s 			page 9


 363              	last_rc_connection:
 364 0008 00000000 		.space	4
 365              		.type	rc_connected, %object
 366              		.size	rc_connected, 1
 367              	rc_connected:
 368 000c 00       		.space	1
 369 000d 000000   		.space	3
 370              		.type	last_rc_timer_count, %object
 371              		.size	last_rc_timer_count, 4
 372              	last_rc_timer_count:
 373 0010 00000000 		.space	4
 374              		.type	rc_connection_timer_count, %object
 375              		.size	rc_connection_timer_count, 4
 376              	rc_connection_timer_count:
 377 0014 00000000 		.space	4
 378              		.text
 379              	.Letext0:
 380              		.file 2 "c:\\program files (x86)\\cypress\\psoc creator\\3.3\\psoc creator\\import\\gnu\\arm\\4.9.
 381              		.file 3 "c:\\program files (x86)\\cypress\\psoc creator\\3.3\\psoc creator\\import\\gnu\\arm\\4.9.
 382              		.file 4 "Generated_Source\\PSoC5/cytypes.h"
 383              		.file 5 "Generated_Source\\PSoC5/core_cm3.h"
 384              		.file 6 ".\\milliseconds.h"
 385              		.file 7 "Generated_Source\\PSoC5/RC_Ch2_Timer.h"
 386              		.file 8 "Generated_Source\\PSoC5/RC_Ch2_Timer_Interrupt.h"
 387              		.file 9 "<built-in>"
 388              		.file 10 "Generated_Source\\PSoC5/USBUART_cdc.h"
 389              		.file 11 "Generated_Source\\PSoC5/RC_Ch2.h"
 390              		.file 12 ".\\rc.h"
 391              		.section	.debug_info,"",%progbits
 392              	.Ldebug_info0:
 393 0000 79040000 		.4byte	0x479
 394 0004 0400     		.2byte	0x4
 395 0006 00000000 		.4byte	.Ldebug_abbrev0
 396 000a 04       		.byte	0x4
 397 000b 01       		.uleb128 0x1
 398 000c 5C020000 		.4byte	.LASF54
 399 0010 01       		.byte	0x1
 400 0011 88030000 		.4byte	.LASF55
 401 0015 4D010000 		.4byte	.LASF56
 402 0019 00000000 		.4byte	.Ldebug_ranges0+0
 403 001d 00000000 		.4byte	0
 404 0021 00000000 		.4byte	.Ldebug_line0
 405 0025 02       		.uleb128 0x2
 406 0026 01       		.byte	0x1
 407 0027 06       		.byte	0x6
 408 0028 FE030000 		.4byte	.LASF0
 409 002c 02       		.uleb128 0x2
 410 002d 01       		.byte	0x1
 411 002e 08       		.byte	0x8
 412 002f 31010000 		.4byte	.LASF1
 413 0033 02       		.uleb128 0x2
 414 0034 02       		.byte	0x2
 415 0035 05       		.byte	0x5
 416 0036 7E030000 		.4byte	.LASF2
 417 003a 02       		.uleb128 0x2
 418 003b 02       		.byte	0x2
 419 003c 07       		.byte	0x7
ARM GAS  C:\Users\Michael\AppData\Local\Temp\cchYa3pz.s 			page 10


 420 003d 5A000000 		.4byte	.LASF3
 421 0041 03       		.uleb128 0x3
 422 0042 47000000 		.4byte	.LASF9
 423 0046 02       		.byte	0x2
 424 0047 3F       		.byte	0x3f
 425 0048 4C000000 		.4byte	0x4c
 426 004c 02       		.uleb128 0x2
 427 004d 04       		.byte	0x4
 428 004e 05       		.byte	0x5
 429 004f 51000000 		.4byte	.LASF4
 430 0053 02       		.uleb128 0x2
 431 0054 04       		.byte	0x4
 432 0055 07       		.byte	0x7
 433 0056 0D010000 		.4byte	.LASF5
 434 005a 02       		.uleb128 0x2
 435 005b 08       		.byte	0x8
 436 005c 05       		.byte	0x5
 437 005d 27030000 		.4byte	.LASF6
 438 0061 02       		.uleb128 0x2
 439 0062 08       		.byte	0x8
 440 0063 07       		.byte	0x7
 441 0064 26020000 		.4byte	.LASF7
 442 0068 04       		.uleb128 0x4
 443 0069 04       		.byte	0x4
 444 006a 05       		.byte	0x5
 445 006b 696E7400 		.ascii	"int\000"
 446 006f 02       		.uleb128 0x2
 447 0070 04       		.byte	0x4
 448 0071 07       		.byte	0x7
 449 0072 06020000 		.4byte	.LASF8
 450 0076 03       		.uleb128 0x3
 451 0077 FF000000 		.4byte	.LASF10
 452 007b 03       		.byte	0x3
 453 007c 2C       		.byte	0x2c
 454 007d 41000000 		.4byte	0x41
 455 0081 05       		.uleb128 0x5
 456 0082 A9030000 		.4byte	.LASF11
 457 0086 04       		.byte	0x4
 458 0087 9201     		.2byte	0x192
 459 0089 2C000000 		.4byte	0x2c
 460 008d 05       		.uleb128 0x5
 461 008e E0010000 		.4byte	.LASF12
 462 0092 04       		.byte	0x4
 463 0093 9401     		.2byte	0x194
 464 0095 53000000 		.4byte	0x53
 465 0099 05       		.uleb128 0x5
 466 009a 07010000 		.4byte	.LASF13
 467 009e 04       		.byte	0x4
 468 009f 9601     		.2byte	0x196
 469 00a1 33000000 		.4byte	0x33
 470 00a5 05       		.uleb128 0x5
 471 00a6 1F010000 		.4byte	.LASF14
 472 00aa 04       		.byte	0x4
 473 00ab 9701     		.2byte	0x197
 474 00ad 4C000000 		.4byte	0x4c
 475 00b1 02       		.uleb128 0x2
 476 00b2 04       		.byte	0x4
ARM GAS  C:\Users\Michael\AppData\Local\Temp\cchYa3pz.s 			page 11


 477 00b3 04       		.byte	0x4
 478 00b4 B2000000 		.4byte	.LASF15
 479 00b8 02       		.uleb128 0x2
 480 00b9 08       		.byte	0x8
 481 00ba 04       		.byte	0x4
 482 00bb 46010000 		.4byte	.LASF16
 483 00bf 05       		.uleb128 0x5
 484 00c0 F9000000 		.4byte	.LASF17
 485 00c4 04       		.byte	0x4
 486 00c5 A301     		.2byte	0x1a3
 487 00c7 CB000000 		.4byte	0xcb
 488 00cb 02       		.uleb128 0x2
 489 00cc 01       		.byte	0x1
 490 00cd 08       		.byte	0x8
 491 00ce 35030000 		.4byte	.LASF18
 492 00d2 06       		.uleb128 0x6
 493 00d3 8D000000 		.4byte	0x8d
 494 00d7 05       		.uleb128 0x5
 495 00d8 F2020000 		.4byte	.LASF19
 496 00dc 04       		.byte	0x4
 497 00dd 4E02     		.2byte	0x24e
 498 00df E3000000 		.4byte	0xe3
 499 00e3 07       		.uleb128 0x7
 500 00e4 04       		.byte	0x4
 501 00e5 E9000000 		.4byte	0xe9
 502 00e9 08       		.uleb128 0x8
 503 00ea 02       		.uleb128 0x2
 504 00eb 04       		.byte	0x4
 505 00ec 07       		.byte	0x7
 506 00ed 1E030000 		.4byte	.LASF20
 507 00f1 09       		.uleb128 0x9
 508 00f2 04       		.byte	0x4
 509 00f3 07       		.uleb128 0x7
 510 00f4 04       		.byte	0x4
 511 00f5 CB000000 		.4byte	0xcb
 512 00f9 07       		.uleb128 0x7
 513 00fa 04       		.byte	0x4
 514 00fb FF000000 		.4byte	0xff
 515 00ff 0A       		.uleb128 0xa
 516 0100 CB000000 		.4byte	0xcb
 517 0104 0B       		.uleb128 0xb
 518 0105 726300   		.ascii	"rc\000"
 519 0108 00       		.byte	0
 520 0109 0C       		.byte	0xc
 521 010a 10       		.byte	0x10
 522 010b 0C       		.uleb128 0xc
 523 010c 524300   		.ascii	"RC\000"
 524 010f 0C       		.byte	0xc
 525 0110 12       		.byte	0x12
 526 0111 04010000 		.4byte	0x104
 527 0115 0D       		.uleb128 0xd
 528 0116 BC030000 		.4byte	.LASF21
 529 011a 01       		.byte	0x1
 530 011b 24       		.byte	0x24
 531 011c 00000000 		.4byte	.LFB63
 532 0120 44000000 		.4byte	.LFE63-.LFB63
 533 0124 01       		.uleb128 0x1
ARM GAS  C:\Users\Michael\AppData\Local\Temp\cchYa3pz.s 			page 12


 534 0125 9C       		.byte	0x9c
 535 0126 59010000 		.4byte	0x159
 536 012a 0E       		.uleb128 0xe
 537 012b 06000000 		.4byte	.LVL0
 538 012f D7030000 		.4byte	0x3d7
 539 0133 0E       		.uleb128 0xe
 540 0134 14000000 		.4byte	.LVL1
 541 0138 E2030000 		.4byte	0x3e2
 542 013c 0E       		.uleb128 0xe
 543 013d 34000000 		.4byte	.LVL2
 544 0141 ED030000 		.4byte	0x3ed
 545 0145 0F       		.uleb128 0xf
 546 0146 3A000000 		.4byte	.LVL3
 547 014a F4030000 		.4byte	0x3f4
 548 014e 10       		.uleb128 0x10
 549 014f 01       		.uleb128 0x1
 550 0150 50       		.byte	0x50
 551 0151 05       		.uleb128 0x5
 552 0152 0C       		.byte	0xc
 553 0153 1FA10700 		.4byte	0x7a11f
 554 0157 00       		.byte	0
 555 0158 00       		.byte	0
 556 0159 0D       		.uleb128 0xd
 557 015a 3A000000 		.4byte	.LASF22
 558 015e 01       		.byte	0x1
 559 015f 30       		.byte	0x30
 560 0160 00000000 		.4byte	.LFB64
 561 0164 14000000 		.4byte	.LFE64-.LFB64
 562 0168 01       		.uleb128 0x1
 563 0169 9C       		.byte	0x9c
 564 016a 9D010000 		.4byte	0x19d
 565 016e 11       		.uleb128 0x11
 566 016f 726300   		.ascii	"rc\000"
 567 0172 01       		.byte	0x1
 568 0173 30       		.byte	0x30
 569 0174 9D010000 		.4byte	0x19d
 570 0178 00000000 		.4byte	.LLST0
 571 017c 12       		.uleb128 0x12
 572 017d 08000000 		.4byte	.LVL6
 573 0181 05040000 		.4byte	0x405
 574 0185 93010000 		.4byte	0x193
 575 0189 10       		.uleb128 0x10
 576 018a 01       		.uleb128 0x1
 577 018b 50       		.byte	0x50
 578 018c 05       		.uleb128 0x5
 579 018d 03       		.byte	0x3
 580 018e 00000000 		.4byte	RC_Ch2_Timer_ISR_Handler
 581 0192 00       		.byte	0
 582 0193 0E       		.uleb128 0xe
 583 0194 0C000000 		.4byte	.LVL7
 584 0198 16040000 		.4byte	0x416
 585 019c 00       		.byte	0
 586 019d 07       		.uleb128 0x7
 587 019e 04       		.byte	0x4
 588 019f 0B010000 		.4byte	0x10b
 589 01a3 13       		.uleb128 0x13
 590 01a4 7F000000 		.4byte	.LASF23
ARM GAS  C:\Users\Michael\AppData\Local\Temp\cchYa3pz.s 			page 13


 591 01a8 01       		.byte	0x1
 592 01a9 35       		.byte	0x35
 593 01aa 99000000 		.4byte	0x99
 594 01ae 00000000 		.4byte	.LFB65
 595 01b2 FC000000 		.4byte	.LFE65-.LFB65
 596 01b6 01       		.uleb128 0x1
 597 01b7 9C       		.byte	0x9c
 598 01b8 AC020000 		.4byte	0x2ac
 599 01bc 14       		.uleb128 0x14
 600 01bd E1000000 		.4byte	.LASF24
 601 01c1 01       		.byte	0x1
 602 01c2 36       		.byte	0x36
 603 01c3 99000000 		.4byte	0x99
 604 01c7 21000000 		.4byte	.LLST1
 605 01cb 15       		.uleb128 0x15
 606 01cc 3C000000 		.4byte	.LBB2
 607 01d0 A8000000 		.4byte	.LBE2-.LBB2
 608 01d4 A2020000 		.4byte	0x2a2
 609 01d8 16       		.uleb128 0x16
 610 01d9 61627300 		.ascii	"abs\000"
 611 01dd 09       		.byte	0x9
 612 01de 00       		.byte	0
 613 01df 68000000 		.4byte	0x68
 614 01e3 E9010000 		.4byte	0x1e9
 615 01e7 17       		.uleb128 0x17
 616 01e8 00       		.byte	0
 617 01e9 15       		.uleb128 0x15
 618 01ea 76000000 		.4byte	.LBB3
 619 01ee 2E000000 		.4byte	.LBE3-.LBB3
 620 01f2 06020000 		.4byte	0x206
 621 01f6 14       		.uleb128 0x14
 622 01f7 99000000 		.4byte	.LASF25
 623 01fb 01       		.byte	0x1
 624 01fc 46       		.byte	0x46
 625 01fd AC020000 		.4byte	0x2ac
 626 0201 63000000 		.4byte	.LLST2
 627 0205 00       		.byte	0
 628 0206 15       		.uleb128 0x15
 629 0207 B6000000 		.4byte	.LBB4
 630 020b 2A000000 		.4byte	.LBE4-.LBB4
 631 020f 98020000 		.4byte	0x298
 632 0213 18       		.uleb128 0x18
 633 0214 AC000000 		.4byte	.LASF26
 634 0218 01       		.byte	0x1
 635 0219 4F       		.byte	0x4f
 636 021a B1020000 		.4byte	0x2b1
 637 021e 03       		.uleb128 0x3
 638 021f 91       		.byte	0x91
 639 0220 B87F     		.sleb128 -72
 640 0222 19       		.uleb128 0x19
 641 0223 EA020000 		.4byte	.LASF51
 642 0227 09       		.byte	0x9
 643 0228 00       		.byte	0
 644 0229 68000000 		.4byte	0x68
 645 022d 3D020000 		.4byte	0x23d
 646 0231 1A       		.uleb128 0x1a
 647 0232 F3000000 		.4byte	0xf3
ARM GAS  C:\Users\Michael\AppData\Local\Temp\cchYa3pz.s 			page 14


 648 0236 1A       		.uleb128 0x1a
 649 0237 F9000000 		.4byte	0xf9
 650 023b 17       		.uleb128 0x17
 651 023c 00       		.byte	0
 652 023d 12       		.uleb128 0x12
 653 023e C2000000 		.4byte	.LVL15
 654 0242 1D040000 		.4byte	0x41d
 655 0246 5D020000 		.4byte	0x25d
 656 024a 10       		.uleb128 0x10
 657 024b 01       		.uleb128 0x1
 658 024c 52       		.byte	0x52
 659 024d 02       		.uleb128 0x2
 660 024e 08       		.byte	0x8
 661 024f 3C       		.byte	0x3c
 662 0250 10       		.uleb128 0x10
 663 0251 01       		.uleb128 0x1
 664 0252 51       		.byte	0x51
 665 0253 01       		.uleb128 0x1
 666 0254 30       		.byte	0x30
 667 0255 10       		.uleb128 0x10
 668 0256 01       		.uleb128 0x1
 669 0257 50       		.byte	0x50
 670 0258 03       		.uleb128 0x3
 671 0259 91       		.byte	0x91
 672 025a BC7F     		.sleb128 -68
 673 025c 00       		.byte	0
 674 025d 12       		.uleb128 0x12
 675 025e DA000000 		.4byte	.LVL16
 676 0262 3A040000 		.4byte	0x43a
 677 0266 86020000 		.4byte	0x286
 678 026a 10       		.uleb128 0x10
 679 026b 01       		.uleb128 0x1
 680 026c 51       		.byte	0x51
 681 026d 05       		.uleb128 0x5
 682 026e 03       		.byte	0x3
 683 026f 00000000 		.4byte	.LC0
 684 0273 10       		.uleb128 0x10
 685 0274 01       		.uleb128 0x1
 686 0275 50       		.byte	0x50
 687 0276 03       		.uleb128 0x3
 688 0277 91       		.byte	0x91
 689 0278 B87F     		.sleb128 -72
 690 027a 10       		.uleb128 0x10
 691 027b 02       		.uleb128 0x2
 692 027c 7D       		.byte	0x7d
 693 027d 04       		.sleb128 4
 694 027e 06       		.uleb128 0x6
 695 027f 74       		.byte	0x74
 696 0280 00       		.sleb128 0
 697 0281 40       		.byte	0x40
 698 0282 24       		.byte	0x24
 699 0283 40       		.byte	0x40
 700 0284 26       		.byte	0x26
 701 0285 00       		.byte	0
 702 0286 0F       		.uleb128 0xf
 703 0287 E0000000 		.4byte	.LVL17
 704 028b 55040000 		.4byte	0x455
ARM GAS  C:\Users\Michael\AppData\Local\Temp\cchYa3pz.s 			page 15


 705 028f 10       		.uleb128 0x10
 706 0290 01       		.uleb128 0x1
 707 0291 50       		.byte	0x50
 708 0292 03       		.uleb128 0x3
 709 0293 91       		.byte	0x91
 710 0294 B87F     		.sleb128 -72
 711 0296 00       		.byte	0
 712 0297 00       		.byte	0
 713 0298 0E       		.uleb128 0xe
 714 0299 B4000000 		.4byte	.LVL14
 715 029d 16040000 		.4byte	0x416
 716 02a1 00       		.byte	0
 717 02a2 0E       		.uleb128 0xe
 718 02a3 08000000 		.4byte	.LVL9
 719 02a7 71040000 		.4byte	0x471
 720 02ab 00       		.byte	0
 721 02ac 0A       		.uleb128 0xa
 722 02ad 68000000 		.4byte	0x68
 723 02b1 1B       		.uleb128 0x1b
 724 02b2 CB000000 		.4byte	0xcb
 725 02b6 C1020000 		.4byte	0x2c1
 726 02ba 1C       		.uleb128 0x1c
 727 02bb EA000000 		.4byte	0xea
 728 02bf 3F       		.byte	0x3f
 729 02c0 00       		.byte	0
 730 02c1 18       		.uleb128 0x18
 731 02c2 EA000000 		.4byte	.LASF27
 732 02c6 01       		.byte	0x1
 733 02c7 1A       		.byte	0x1a
 734 02c8 D2000000 		.4byte	0xd2
 735 02cc 05       		.uleb128 0x5
 736 02cd 03       		.byte	0x3
 737 02ce 04000000 		.4byte	rc_timer_count
 738 02d2 18       		.uleb128 0x18
 739 02d3 F4010000 		.4byte	.LASF28
 740 02d7 01       		.byte	0x1
 741 02d8 1B       		.byte	0x1b
 742 02d9 81000000 		.4byte	0x81
 743 02dd 05       		.uleb128 0x5
 744 02de 03       		.byte	0x3
 745 02df 00000000 		.4byte	rc_timer_int_flag
 746 02e3 18       		.uleb128 0x18
 747 02e4 8F030000 		.4byte	.LASF29
 748 02e8 01       		.byte	0x1
 749 02e9 21       		.byte	0x21
 750 02ea D2000000 		.4byte	0xd2
 751 02ee 05       		.uleb128 0x5
 752 02ef 03       		.byte	0x3
 753 02f0 14000000 		.4byte	rc_connection_timer_count
 754 02f4 1D       		.uleb128 0x1d
 755 02f5 0A040000 		.4byte	.LASF30
 756 02f9 01       		.byte	0x1
 757 02fa 22       		.byte	0x22
 758 02fb 81000000 		.4byte	0x81
 759 02ff 00       		.byte	0
 760 0300 1E       		.uleb128 0x1e
 761 0301 11030000 		.4byte	.LASF31
ARM GAS  C:\Users\Michael\AppData\Local\Temp\cchYa3pz.s 			page 16


 762 0305 05       		.byte	0x5
 763 0306 9606     		.2byte	0x696
 764 0308 0C030000 		.4byte	0x30c
 765 030c 06       		.uleb128 0x6
 766 030d 76000000 		.4byte	0x76
 767 0311 1F       		.uleb128 0x1f
 768 0312 71030000 		.4byte	.LASF32
 769 0316 06       		.byte	0x6
 770 0317 15       		.byte	0x15
 771 0318 D2000000 		.4byte	0xd2
 772 031c 20       		.uleb128 0x20
 773 031d D5030000 		.4byte	.LASF33
 774 0321 01       		.byte	0x1
 775 0322 10       		.byte	0x10
 776 0323 AC020000 		.4byte	0x2ac
 777 0327 05       		.uleb128 0x5
 778 0328 03       		.byte	0x3
 779 0329 00000000 		.4byte	RC_TIMER_PERIOD
 780 032d 20       		.uleb128 0x20
 781 032e CE000000 		.4byte	.LASF34
 782 0332 01       		.byte	0x1
 783 0333 11       		.byte	0x11
 784 0334 AC020000 		.4byte	0x2ac
 785 0338 05       		.uleb128 0x5
 786 0339 03       		.byte	0x3
 787 033a 00000000 		.4byte	RC_TIMER_MAX_VALUE
 788 033e 20       		.uleb128 0x20
 789 033f 13000000 		.4byte	.LASF35
 790 0343 01       		.byte	0x1
 791 0344 12       		.byte	0x12
 792 0345 AC020000 		.4byte	0x2ac
 793 0349 05       		.uleb128 0x5
 794 034a 03       		.byte	0x3
 795 034b 00000000 		.4byte	RC_TIMER_MID_VALUE
 796 034f 20       		.uleb128 0x20
 797 0350 27040000 		.4byte	.LASF36
 798 0354 01       		.byte	0x1
 799 0355 13       		.byte	0x13
 800 0356 AC020000 		.4byte	0x2ac
 801 035a 05       		.uleb128 0x5
 802 035b 03       		.byte	0x3
 803 035c 00000000 		.4byte	RC_TIMER_MIN_VALUE
 804 0360 20       		.uleb128 0x20
 805 0361 5A030000 		.4byte	.LASF37
 806 0365 01       		.byte	0x1
 807 0366 14       		.byte	0x14
 808 0367 AC020000 		.4byte	0x2ac
 809 036b 05       		.uleb128 0x5
 810 036c 03       		.byte	0x3
 811 036d 00000000 		.4byte	RC_TIMER_MID_TOLERANCE
 812 0371 20       		.uleb128 0x20
 813 0372 B8000000 		.4byte	.LASF38
 814 0376 01       		.byte	0x1
 815 0377 15       		.byte	0x15
 816 0378 AC020000 		.4byte	0x2ac
 817 037c 05       		.uleb128 0x5
 818 037d 03       		.byte	0x3
ARM GAS  C:\Users\Michael\AppData\Local\Temp\cchYa3pz.s 			page 17


 819 037e 00000000 		.4byte	RC_CONNECTION_TIMEOUT
 820 0382 20       		.uleb128 0x20
 821 0383 E7010000 		.4byte	.LASF39
 822 0387 01       		.byte	0x1
 823 0388 17       		.byte	0x17
 824 0389 AC020000 		.4byte	0x2ac
 825 038d 05       		.uleb128 0x5
 826 038e 03       		.byte	0x3
 827 038f 00000000 		.4byte	RC_MAX_VALUE
 828 0393 20       		.uleb128 0x20
 829 0394 8C000000 		.4byte	.LASF40
 830 0398 01       		.byte	0x1
 831 0399 18       		.byte	0x18
 832 039a AC020000 		.4byte	0x2ac
 833 039e 05       		.uleb128 0x5
 834 039f 03       		.byte	0x3
 835 03a0 00000000 		.4byte	RC_MIN_VALUE
 836 03a4 20       		.uleb128 0x20
 837 03a5 26000000 		.4byte	.LASF41
 838 03a9 01       		.byte	0x1
 839 03aa 1C       		.byte	0x1c
 840 03ab 8D000000 		.4byte	0x8d
 841 03af 05       		.uleb128 0x5
 842 03b0 03       		.byte	0x3
 843 03b1 00000000 		.4byte	last_rc_timer_count
 844 03b5 20       		.uleb128 0x20
 845 03b6 13020000 		.4byte	.LASF42
 846 03ba 01       		.byte	0x1
 847 03bb 1E       		.byte	0x1e
 848 03bc 8D000000 		.4byte	0x8d
 849 03c0 05       		.uleb128 0x5
 850 03c1 03       		.byte	0x3
 851 03c2 00000000 		.4byte	last_rc_connection
 852 03c6 20       		.uleb128 0x20
 853 03c7 AF030000 		.4byte	.LASF43
 854 03cb 01       		.byte	0x1
 855 03cc 1F       		.byte	0x1f
 856 03cd 81000000 		.4byte	0x81
 857 03d1 05       		.uleb128 0x5
 858 03d2 03       		.byte	0x3
 859 03d3 00000000 		.4byte	rc_connected
 860 03d7 21       		.uleb128 0x21
 861 03d8 3A030000 		.4byte	.LASF44
 862 03dc 07       		.byte	0x7
 863 03dd 5E       		.byte	0x5e
 864 03de 81000000 		.4byte	0x81
 865 03e2 21       		.uleb128 0x21
 866 03e3 E5030000 		.4byte	.LASF45
 867 03e7 07       		.byte	0x7
 868 03e8 6B       		.byte	0x6b
 869 03e9 8D000000 		.4byte	0x8d
 870 03ed 22       		.uleb128 0x22
 871 03ee FF020000 		.4byte	.LASF48
 872 03f2 07       		.byte	0x7
 873 03f3 5B       		.byte	0x5b
 874 03f4 23       		.uleb128 0x23
 875 03f5 3A040000 		.4byte	.LASF46
ARM GAS  C:\Users\Michael\AppData\Local\Temp\cchYa3pz.s 			page 18


 876 03f9 07       		.byte	0x7
 877 03fa 6A       		.byte	0x6a
 878 03fb 05040000 		.4byte	0x405
 879 03ff 1A       		.uleb128 0x1a
 880 0400 8D000000 		.4byte	0x8d
 881 0404 00       		.byte	0
 882 0405 23       		.uleb128 0x23
 883 0406 3D020000 		.4byte	.LASF47
 884 040a 08       		.byte	0x8
 885 040b 18       		.byte	0x18
 886 040c 16040000 		.4byte	0x416
 887 0410 1A       		.uleb128 0x1a
 888 0411 D7000000 		.4byte	0xd7
 889 0415 00       		.byte	0
 890 0416 22       		.uleb128 0x22
 891 0417 00000000 		.4byte	.LASF49
 892 041b 07       		.byte	0x7
 893 041c 5A       		.byte	0x5a
 894 041d 24       		.uleb128 0x24
 895 041e 3F010000 		.4byte	.LASF50
 896 0422 F1000000 		.4byte	0xf1
 897 0426 3A040000 		.4byte	0x43a
 898 042a 1A       		.uleb128 0x1a
 899 042b F1000000 		.4byte	0xf1
 900 042f 1A       		.uleb128 0x1a
 901 0430 68000000 		.4byte	0x68
 902 0434 1A       		.uleb128 0x1a
 903 0435 EA000000 		.4byte	0xea
 904 0439 00       		.byte	0
 905 043a 19       		.uleb128 0x19
 906 043b EA020000 		.4byte	.LASF51
 907 043f 09       		.byte	0x9
 908 0440 00       		.byte	0
 909 0441 68000000 		.4byte	0x68
 910 0445 55040000 		.4byte	0x455
 911 0449 1A       		.uleb128 0x1a
 912 044a F3000000 		.4byte	0xf3
 913 044e 1A       		.uleb128 0x1a
 914 044f F9000000 		.4byte	0xf9
 915 0453 17       		.uleb128 0x17
 916 0454 00       		.byte	0
 917 0455 23       		.uleb128 0x23
 918 0456 6D000000 		.4byte	.LASF52
 919 045a 0A       		.byte	0xa
 920 045b 24       		.byte	0x24
 921 045c 66040000 		.4byte	0x466
 922 0460 1A       		.uleb128 0x1a
 923 0461 66040000 		.4byte	0x466
 924 0465 00       		.byte	0
 925 0466 07       		.uleb128 0x7
 926 0467 04       		.byte	0x4
 927 0468 6C040000 		.4byte	0x46c
 928 046c 0A       		.uleb128 0xa
 929 046d BF000000 		.4byte	0xbf
 930 0471 21       		.uleb128 0x21
 931 0472 25010000 		.4byte	.LASF53
 932 0476 0B       		.byte	0xb
ARM GAS  C:\Users\Michael\AppData\Local\Temp\cchYa3pz.s 			page 19


 933 0477 29       		.byte	0x29
 934 0478 81000000 		.4byte	0x81
 935 047c 00       		.byte	0
 936              		.section	.debug_abbrev,"",%progbits
 937              	.Ldebug_abbrev0:
 938 0000 01       		.uleb128 0x1
 939 0001 11       		.uleb128 0x11
 940 0002 01       		.byte	0x1
 941 0003 25       		.uleb128 0x25
 942 0004 0E       		.uleb128 0xe
 943 0005 13       		.uleb128 0x13
 944 0006 0B       		.uleb128 0xb
 945 0007 03       		.uleb128 0x3
 946 0008 0E       		.uleb128 0xe
 947 0009 1B       		.uleb128 0x1b
 948 000a 0E       		.uleb128 0xe
 949 000b 55       		.uleb128 0x55
 950 000c 17       		.uleb128 0x17
 951 000d 11       		.uleb128 0x11
 952 000e 01       		.uleb128 0x1
 953 000f 10       		.uleb128 0x10
 954 0010 17       		.uleb128 0x17
 955 0011 00       		.byte	0
 956 0012 00       		.byte	0
 957 0013 02       		.uleb128 0x2
 958 0014 24       		.uleb128 0x24
 959 0015 00       		.byte	0
 960 0016 0B       		.uleb128 0xb
 961 0017 0B       		.uleb128 0xb
 962 0018 3E       		.uleb128 0x3e
 963 0019 0B       		.uleb128 0xb
 964 001a 03       		.uleb128 0x3
 965 001b 0E       		.uleb128 0xe
 966 001c 00       		.byte	0
 967 001d 00       		.byte	0
 968 001e 03       		.uleb128 0x3
 969 001f 16       		.uleb128 0x16
 970 0020 00       		.byte	0
 971 0021 03       		.uleb128 0x3
 972 0022 0E       		.uleb128 0xe
 973 0023 3A       		.uleb128 0x3a
 974 0024 0B       		.uleb128 0xb
 975 0025 3B       		.uleb128 0x3b
 976 0026 0B       		.uleb128 0xb
 977 0027 49       		.uleb128 0x49
 978 0028 13       		.uleb128 0x13
 979 0029 00       		.byte	0
 980 002a 00       		.byte	0
 981 002b 04       		.uleb128 0x4
 982 002c 24       		.uleb128 0x24
 983 002d 00       		.byte	0
 984 002e 0B       		.uleb128 0xb
 985 002f 0B       		.uleb128 0xb
 986 0030 3E       		.uleb128 0x3e
 987 0031 0B       		.uleb128 0xb
 988 0032 03       		.uleb128 0x3
 989 0033 08       		.uleb128 0x8
ARM GAS  C:\Users\Michael\AppData\Local\Temp\cchYa3pz.s 			page 20


 990 0034 00       		.byte	0
 991 0035 00       		.byte	0
 992 0036 05       		.uleb128 0x5
 993 0037 16       		.uleb128 0x16
 994 0038 00       		.byte	0
 995 0039 03       		.uleb128 0x3
 996 003a 0E       		.uleb128 0xe
 997 003b 3A       		.uleb128 0x3a
 998 003c 0B       		.uleb128 0xb
 999 003d 3B       		.uleb128 0x3b
 1000 003e 05       		.uleb128 0x5
 1001 003f 49       		.uleb128 0x49
 1002 0040 13       		.uleb128 0x13
 1003 0041 00       		.byte	0
 1004 0042 00       		.byte	0
 1005 0043 06       		.uleb128 0x6
 1006 0044 35       		.uleb128 0x35
 1007 0045 00       		.byte	0
 1008 0046 49       		.uleb128 0x49
 1009 0047 13       		.uleb128 0x13
 1010 0048 00       		.byte	0
 1011 0049 00       		.byte	0
 1012 004a 07       		.uleb128 0x7
 1013 004b 0F       		.uleb128 0xf
 1014 004c 00       		.byte	0
 1015 004d 0B       		.uleb128 0xb
 1016 004e 0B       		.uleb128 0xb
 1017 004f 49       		.uleb128 0x49
 1018 0050 13       		.uleb128 0x13
 1019 0051 00       		.byte	0
 1020 0052 00       		.byte	0
 1021 0053 08       		.uleb128 0x8
 1022 0054 15       		.uleb128 0x15
 1023 0055 00       		.byte	0
 1024 0056 27       		.uleb128 0x27
 1025 0057 19       		.uleb128 0x19
 1026 0058 00       		.byte	0
 1027 0059 00       		.byte	0
 1028 005a 09       		.uleb128 0x9
 1029 005b 0F       		.uleb128 0xf
 1030 005c 00       		.byte	0
 1031 005d 0B       		.uleb128 0xb
 1032 005e 0B       		.uleb128 0xb
 1033 005f 00       		.byte	0
 1034 0060 00       		.byte	0
 1035 0061 0A       		.uleb128 0xa
 1036 0062 26       		.uleb128 0x26
 1037 0063 00       		.byte	0
 1038 0064 49       		.uleb128 0x49
 1039 0065 13       		.uleb128 0x13
 1040 0066 00       		.byte	0
 1041 0067 00       		.byte	0
 1042 0068 0B       		.uleb128 0xb
 1043 0069 13       		.uleb128 0x13
 1044 006a 00       		.byte	0
 1045 006b 03       		.uleb128 0x3
 1046 006c 08       		.uleb128 0x8
ARM GAS  C:\Users\Michael\AppData\Local\Temp\cchYa3pz.s 			page 21


 1047 006d 0B       		.uleb128 0xb
 1048 006e 0B       		.uleb128 0xb
 1049 006f 3A       		.uleb128 0x3a
 1050 0070 0B       		.uleb128 0xb
 1051 0071 3B       		.uleb128 0x3b
 1052 0072 0B       		.uleb128 0xb
 1053 0073 00       		.byte	0
 1054 0074 00       		.byte	0
 1055 0075 0C       		.uleb128 0xc
 1056 0076 16       		.uleb128 0x16
 1057 0077 00       		.byte	0
 1058 0078 03       		.uleb128 0x3
 1059 0079 08       		.uleb128 0x8
 1060 007a 3A       		.uleb128 0x3a
 1061 007b 0B       		.uleb128 0xb
 1062 007c 3B       		.uleb128 0x3b
 1063 007d 0B       		.uleb128 0xb
 1064 007e 49       		.uleb128 0x49
 1065 007f 13       		.uleb128 0x13
 1066 0080 00       		.byte	0
 1067 0081 00       		.byte	0
 1068 0082 0D       		.uleb128 0xd
 1069 0083 2E       		.uleb128 0x2e
 1070 0084 01       		.byte	0x1
 1071 0085 3F       		.uleb128 0x3f
 1072 0086 19       		.uleb128 0x19
 1073 0087 03       		.uleb128 0x3
 1074 0088 0E       		.uleb128 0xe
 1075 0089 3A       		.uleb128 0x3a
 1076 008a 0B       		.uleb128 0xb
 1077 008b 3B       		.uleb128 0x3b
 1078 008c 0B       		.uleb128 0xb
 1079 008d 27       		.uleb128 0x27
 1080 008e 19       		.uleb128 0x19
 1081 008f 11       		.uleb128 0x11
 1082 0090 01       		.uleb128 0x1
 1083 0091 12       		.uleb128 0x12
 1084 0092 06       		.uleb128 0x6
 1085 0093 40       		.uleb128 0x40
 1086 0094 18       		.uleb128 0x18
 1087 0095 9742     		.uleb128 0x2117
 1088 0097 19       		.uleb128 0x19
 1089 0098 01       		.uleb128 0x1
 1090 0099 13       		.uleb128 0x13
 1091 009a 00       		.byte	0
 1092 009b 00       		.byte	0
 1093 009c 0E       		.uleb128 0xe
 1094 009d 898201   		.uleb128 0x4109
 1095 00a0 00       		.byte	0
 1096 00a1 11       		.uleb128 0x11
 1097 00a2 01       		.uleb128 0x1
 1098 00a3 31       		.uleb128 0x31
 1099 00a4 13       		.uleb128 0x13
 1100 00a5 00       		.byte	0
 1101 00a6 00       		.byte	0
 1102 00a7 0F       		.uleb128 0xf
 1103 00a8 898201   		.uleb128 0x4109
ARM GAS  C:\Users\Michael\AppData\Local\Temp\cchYa3pz.s 			page 22


 1104 00ab 01       		.byte	0x1
 1105 00ac 11       		.uleb128 0x11
 1106 00ad 01       		.uleb128 0x1
 1107 00ae 31       		.uleb128 0x31
 1108 00af 13       		.uleb128 0x13
 1109 00b0 00       		.byte	0
 1110 00b1 00       		.byte	0
 1111 00b2 10       		.uleb128 0x10
 1112 00b3 8A8201   		.uleb128 0x410a
 1113 00b6 00       		.byte	0
 1114 00b7 02       		.uleb128 0x2
 1115 00b8 18       		.uleb128 0x18
 1116 00b9 9142     		.uleb128 0x2111
 1117 00bb 18       		.uleb128 0x18
 1118 00bc 00       		.byte	0
 1119 00bd 00       		.byte	0
 1120 00be 11       		.uleb128 0x11
 1121 00bf 05       		.uleb128 0x5
 1122 00c0 00       		.byte	0
 1123 00c1 03       		.uleb128 0x3
 1124 00c2 08       		.uleb128 0x8
 1125 00c3 3A       		.uleb128 0x3a
 1126 00c4 0B       		.uleb128 0xb
 1127 00c5 3B       		.uleb128 0x3b
 1128 00c6 0B       		.uleb128 0xb
 1129 00c7 49       		.uleb128 0x49
 1130 00c8 13       		.uleb128 0x13
 1131 00c9 02       		.uleb128 0x2
 1132 00ca 17       		.uleb128 0x17
 1133 00cb 00       		.byte	0
 1134 00cc 00       		.byte	0
 1135 00cd 12       		.uleb128 0x12
 1136 00ce 898201   		.uleb128 0x4109
 1137 00d1 01       		.byte	0x1
 1138 00d2 11       		.uleb128 0x11
 1139 00d3 01       		.uleb128 0x1
 1140 00d4 31       		.uleb128 0x31
 1141 00d5 13       		.uleb128 0x13
 1142 00d6 01       		.uleb128 0x1
 1143 00d7 13       		.uleb128 0x13
 1144 00d8 00       		.byte	0
 1145 00d9 00       		.byte	0
 1146 00da 13       		.uleb128 0x13
 1147 00db 2E       		.uleb128 0x2e
 1148 00dc 01       		.byte	0x1
 1149 00dd 3F       		.uleb128 0x3f
 1150 00de 19       		.uleb128 0x19
 1151 00df 03       		.uleb128 0x3
 1152 00e0 0E       		.uleb128 0xe
 1153 00e1 3A       		.uleb128 0x3a
 1154 00e2 0B       		.uleb128 0xb
 1155 00e3 3B       		.uleb128 0x3b
 1156 00e4 0B       		.uleb128 0xb
 1157 00e5 49       		.uleb128 0x49
 1158 00e6 13       		.uleb128 0x13
 1159 00e7 11       		.uleb128 0x11
 1160 00e8 01       		.uleb128 0x1
ARM GAS  C:\Users\Michael\AppData\Local\Temp\cchYa3pz.s 			page 23


 1161 00e9 12       		.uleb128 0x12
 1162 00ea 06       		.uleb128 0x6
 1163 00eb 40       		.uleb128 0x40
 1164 00ec 18       		.uleb128 0x18
 1165 00ed 9742     		.uleb128 0x2117
 1166 00ef 19       		.uleb128 0x19
 1167 00f0 01       		.uleb128 0x1
 1168 00f1 13       		.uleb128 0x13
 1169 00f2 00       		.byte	0
 1170 00f3 00       		.byte	0
 1171 00f4 14       		.uleb128 0x14
 1172 00f5 34       		.uleb128 0x34
 1173 00f6 00       		.byte	0
 1174 00f7 03       		.uleb128 0x3
 1175 00f8 0E       		.uleb128 0xe
 1176 00f9 3A       		.uleb128 0x3a
 1177 00fa 0B       		.uleb128 0xb
 1178 00fb 3B       		.uleb128 0x3b
 1179 00fc 0B       		.uleb128 0xb
 1180 00fd 49       		.uleb128 0x49
 1181 00fe 13       		.uleb128 0x13
 1182 00ff 02       		.uleb128 0x2
 1183 0100 17       		.uleb128 0x17
 1184 0101 00       		.byte	0
 1185 0102 00       		.byte	0
 1186 0103 15       		.uleb128 0x15
 1187 0104 0B       		.uleb128 0xb
 1188 0105 01       		.byte	0x1
 1189 0106 11       		.uleb128 0x11
 1190 0107 01       		.uleb128 0x1
 1191 0108 12       		.uleb128 0x12
 1192 0109 06       		.uleb128 0x6
 1193 010a 01       		.uleb128 0x1
 1194 010b 13       		.uleb128 0x13
 1195 010c 00       		.byte	0
 1196 010d 00       		.byte	0
 1197 010e 16       		.uleb128 0x16
 1198 010f 2E       		.uleb128 0x2e
 1199 0110 01       		.byte	0x1
 1200 0111 3F       		.uleb128 0x3f
 1201 0112 19       		.uleb128 0x19
 1202 0113 03       		.uleb128 0x3
 1203 0114 08       		.uleb128 0x8
 1204 0115 3A       		.uleb128 0x3a
 1205 0116 0B       		.uleb128 0xb
 1206 0117 3B       		.uleb128 0x3b
 1207 0118 0B       		.uleb128 0xb
 1208 0119 49       		.uleb128 0x49
 1209 011a 13       		.uleb128 0x13
 1210 011b 3C       		.uleb128 0x3c
 1211 011c 19       		.uleb128 0x19
 1212 011d 01       		.uleb128 0x1
 1213 011e 13       		.uleb128 0x13
 1214 011f 00       		.byte	0
 1215 0120 00       		.byte	0
 1216 0121 17       		.uleb128 0x17
 1217 0122 18       		.uleb128 0x18
ARM GAS  C:\Users\Michael\AppData\Local\Temp\cchYa3pz.s 			page 24


 1218 0123 00       		.byte	0
 1219 0124 00       		.byte	0
 1220 0125 00       		.byte	0
 1221 0126 18       		.uleb128 0x18
 1222 0127 34       		.uleb128 0x34
 1223 0128 00       		.byte	0
 1224 0129 03       		.uleb128 0x3
 1225 012a 0E       		.uleb128 0xe
 1226 012b 3A       		.uleb128 0x3a
 1227 012c 0B       		.uleb128 0xb
 1228 012d 3B       		.uleb128 0x3b
 1229 012e 0B       		.uleb128 0xb
 1230 012f 49       		.uleb128 0x49
 1231 0130 13       		.uleb128 0x13
 1232 0131 02       		.uleb128 0x2
 1233 0132 18       		.uleb128 0x18
 1234 0133 00       		.byte	0
 1235 0134 00       		.byte	0
 1236 0135 19       		.uleb128 0x19
 1237 0136 2E       		.uleb128 0x2e
 1238 0137 01       		.byte	0x1
 1239 0138 3F       		.uleb128 0x3f
 1240 0139 19       		.uleb128 0x19
 1241 013a 03       		.uleb128 0x3
 1242 013b 0E       		.uleb128 0xe
 1243 013c 3A       		.uleb128 0x3a
 1244 013d 0B       		.uleb128 0xb
 1245 013e 3B       		.uleb128 0x3b
 1246 013f 0B       		.uleb128 0xb
 1247 0140 27       		.uleb128 0x27
 1248 0141 19       		.uleb128 0x19
 1249 0142 49       		.uleb128 0x49
 1250 0143 13       		.uleb128 0x13
 1251 0144 3C       		.uleb128 0x3c
 1252 0145 19       		.uleb128 0x19
 1253 0146 01       		.uleb128 0x1
 1254 0147 13       		.uleb128 0x13
 1255 0148 00       		.byte	0
 1256 0149 00       		.byte	0
 1257 014a 1A       		.uleb128 0x1a
 1258 014b 05       		.uleb128 0x5
 1259 014c 00       		.byte	0
 1260 014d 49       		.uleb128 0x49
 1261 014e 13       		.uleb128 0x13
 1262 014f 00       		.byte	0
 1263 0150 00       		.byte	0
 1264 0151 1B       		.uleb128 0x1b
 1265 0152 01       		.uleb128 0x1
 1266 0153 01       		.byte	0x1
 1267 0154 49       		.uleb128 0x49
 1268 0155 13       		.uleb128 0x13
 1269 0156 01       		.uleb128 0x1
 1270 0157 13       		.uleb128 0x13
 1271 0158 00       		.byte	0
 1272 0159 00       		.byte	0
 1273 015a 1C       		.uleb128 0x1c
 1274 015b 21       		.uleb128 0x21
ARM GAS  C:\Users\Michael\AppData\Local\Temp\cchYa3pz.s 			page 25


 1275 015c 00       		.byte	0
 1276 015d 49       		.uleb128 0x49
 1277 015e 13       		.uleb128 0x13
 1278 015f 2F       		.uleb128 0x2f
 1279 0160 0B       		.uleb128 0xb
 1280 0161 00       		.byte	0
 1281 0162 00       		.byte	0
 1282 0163 1D       		.uleb128 0x1d
 1283 0164 34       		.uleb128 0x34
 1284 0165 00       		.byte	0
 1285 0166 03       		.uleb128 0x3
 1286 0167 0E       		.uleb128 0xe
 1287 0168 3A       		.uleb128 0x3a
 1288 0169 0B       		.uleb128 0xb
 1289 016a 3B       		.uleb128 0x3b
 1290 016b 0B       		.uleb128 0xb
 1291 016c 49       		.uleb128 0x49
 1292 016d 13       		.uleb128 0x13
 1293 016e 1C       		.uleb128 0x1c
 1294 016f 0B       		.uleb128 0xb
 1295 0170 00       		.byte	0
 1296 0171 00       		.byte	0
 1297 0172 1E       		.uleb128 0x1e
 1298 0173 34       		.uleb128 0x34
 1299 0174 00       		.byte	0
 1300 0175 03       		.uleb128 0x3
 1301 0176 0E       		.uleb128 0xe
 1302 0177 3A       		.uleb128 0x3a
 1303 0178 0B       		.uleb128 0xb
 1304 0179 3B       		.uleb128 0x3b
 1305 017a 05       		.uleb128 0x5
 1306 017b 49       		.uleb128 0x49
 1307 017c 13       		.uleb128 0x13
 1308 017d 3F       		.uleb128 0x3f
 1309 017e 19       		.uleb128 0x19
 1310 017f 3C       		.uleb128 0x3c
 1311 0180 19       		.uleb128 0x19
 1312 0181 00       		.byte	0
 1313 0182 00       		.byte	0
 1314 0183 1F       		.uleb128 0x1f
 1315 0184 34       		.uleb128 0x34
 1316 0185 00       		.byte	0
 1317 0186 03       		.uleb128 0x3
 1318 0187 0E       		.uleb128 0xe
 1319 0188 3A       		.uleb128 0x3a
 1320 0189 0B       		.uleb128 0xb
 1321 018a 3B       		.uleb128 0x3b
 1322 018b 0B       		.uleb128 0xb
 1323 018c 49       		.uleb128 0x49
 1324 018d 13       		.uleb128 0x13
 1325 018e 3F       		.uleb128 0x3f
 1326 018f 19       		.uleb128 0x19
 1327 0190 3C       		.uleb128 0x3c
 1328 0191 19       		.uleb128 0x19
 1329 0192 00       		.byte	0
 1330 0193 00       		.byte	0
 1331 0194 20       		.uleb128 0x20
ARM GAS  C:\Users\Michael\AppData\Local\Temp\cchYa3pz.s 			page 26


 1332 0195 34       		.uleb128 0x34
 1333 0196 00       		.byte	0
 1334 0197 03       		.uleb128 0x3
 1335 0198 0E       		.uleb128 0xe
 1336 0199 3A       		.uleb128 0x3a
 1337 019a 0B       		.uleb128 0xb
 1338 019b 3B       		.uleb128 0x3b
 1339 019c 0B       		.uleb128 0xb
 1340 019d 49       		.uleb128 0x49
 1341 019e 13       		.uleb128 0x13
 1342 019f 3F       		.uleb128 0x3f
 1343 01a0 19       		.uleb128 0x19
 1344 01a1 02       		.uleb128 0x2
 1345 01a2 18       		.uleb128 0x18
 1346 01a3 00       		.byte	0
 1347 01a4 00       		.byte	0
 1348 01a5 21       		.uleb128 0x21
 1349 01a6 2E       		.uleb128 0x2e
 1350 01a7 00       		.byte	0
 1351 01a8 3F       		.uleb128 0x3f
 1352 01a9 19       		.uleb128 0x19
 1353 01aa 03       		.uleb128 0x3
 1354 01ab 0E       		.uleb128 0xe
 1355 01ac 3A       		.uleb128 0x3a
 1356 01ad 0B       		.uleb128 0xb
 1357 01ae 3B       		.uleb128 0x3b
 1358 01af 0B       		.uleb128 0xb
 1359 01b0 27       		.uleb128 0x27
 1360 01b1 19       		.uleb128 0x19
 1361 01b2 49       		.uleb128 0x49
 1362 01b3 13       		.uleb128 0x13
 1363 01b4 3C       		.uleb128 0x3c
 1364 01b5 19       		.uleb128 0x19
 1365 01b6 00       		.byte	0
 1366 01b7 00       		.byte	0
 1367 01b8 22       		.uleb128 0x22
 1368 01b9 2E       		.uleb128 0x2e
 1369 01ba 00       		.byte	0
 1370 01bb 3F       		.uleb128 0x3f
 1371 01bc 19       		.uleb128 0x19
 1372 01bd 03       		.uleb128 0x3
 1373 01be 0E       		.uleb128 0xe
 1374 01bf 3A       		.uleb128 0x3a
 1375 01c0 0B       		.uleb128 0xb
 1376 01c1 3B       		.uleb128 0x3b
 1377 01c2 0B       		.uleb128 0xb
 1378 01c3 27       		.uleb128 0x27
 1379 01c4 19       		.uleb128 0x19
 1380 01c5 3C       		.uleb128 0x3c
 1381 01c6 19       		.uleb128 0x19
 1382 01c7 00       		.byte	0
 1383 01c8 00       		.byte	0
 1384 01c9 23       		.uleb128 0x23
 1385 01ca 2E       		.uleb128 0x2e
 1386 01cb 01       		.byte	0x1
 1387 01cc 3F       		.uleb128 0x3f
 1388 01cd 19       		.uleb128 0x19
ARM GAS  C:\Users\Michael\AppData\Local\Temp\cchYa3pz.s 			page 27


 1389 01ce 03       		.uleb128 0x3
 1390 01cf 0E       		.uleb128 0xe
 1391 01d0 3A       		.uleb128 0x3a
 1392 01d1 0B       		.uleb128 0xb
 1393 01d2 3B       		.uleb128 0x3b
 1394 01d3 0B       		.uleb128 0xb
 1395 01d4 27       		.uleb128 0x27
 1396 01d5 19       		.uleb128 0x19
 1397 01d6 3C       		.uleb128 0x3c
 1398 01d7 19       		.uleb128 0x19
 1399 01d8 01       		.uleb128 0x1
 1400 01d9 13       		.uleb128 0x13
 1401 01da 00       		.byte	0
 1402 01db 00       		.byte	0
 1403 01dc 24       		.uleb128 0x24
 1404 01dd 2E       		.uleb128 0x2e
 1405 01de 01       		.byte	0x1
 1406 01df 3F       		.uleb128 0x3f
 1407 01e0 19       		.uleb128 0x19
 1408 01e1 03       		.uleb128 0x3
 1409 01e2 0E       		.uleb128 0xe
 1410 01e3 27       		.uleb128 0x27
 1411 01e4 19       		.uleb128 0x19
 1412 01e5 49       		.uleb128 0x49
 1413 01e6 13       		.uleb128 0x13
 1414 01e7 34       		.uleb128 0x34
 1415 01e8 19       		.uleb128 0x19
 1416 01e9 3C       		.uleb128 0x3c
 1417 01ea 19       		.uleb128 0x19
 1418 01eb 01       		.uleb128 0x1
 1419 01ec 13       		.uleb128 0x13
 1420 01ed 00       		.byte	0
 1421 01ee 00       		.byte	0
 1422 01ef 00       		.byte	0
 1423              		.section	.debug_loc,"",%progbits
 1424              	.Ldebug_loc0:
 1425              	.LLST0:
 1426 0000 00000000 		.4byte	.LVL4
 1427 0004 04000000 		.4byte	.LVL5
 1428 0008 0100     		.2byte	0x1
 1429 000a 50       		.byte	0x50
 1430 000b 04000000 		.4byte	.LVL5
 1431 000f 14000000 		.4byte	.LFE64
 1432 0013 0400     		.2byte	0x4
 1433 0015 F3       		.byte	0xf3
 1434 0016 01       		.uleb128 0x1
 1435 0017 50       		.byte	0x50
 1436 0018 9F       		.byte	0x9f
 1437 0019 00000000 		.4byte	0
 1438 001d 00000000 		.4byte	0
 1439              	.LLST1:
 1440 0021 04000000 		.4byte	.LVL8
 1441 0025 A2000000 		.4byte	.LVL11
 1442 0029 0200     		.2byte	0x2
 1443 002b 30       		.byte	0x30
 1444 002c 9F       		.byte	0x9f
 1445 002d A2000000 		.4byte	.LVL11
ARM GAS  C:\Users\Michael\AppData\Local\Temp\cchYa3pz.s 			page 28


 1446 0031 A4000000 		.4byte	.LVL12
 1447 0035 0100     		.2byte	0x1
 1448 0037 54       		.byte	0x54
 1449 0038 A4000000 		.4byte	.LVL12
 1450 003c A6000000 		.4byte	.LVL13
 1451 0040 0200     		.2byte	0x2
 1452 0042 30       		.byte	0x30
 1453 0043 9F       		.byte	0x9f
 1454 0044 A6000000 		.4byte	.LVL13
 1455 0048 E4000000 		.4byte	.LVL18
 1456 004c 0100     		.2byte	0x1
 1457 004e 54       		.byte	0x54
 1458 004f E4000000 		.4byte	.LVL18
 1459 0053 EA000000 		.4byte	.LVL19
 1460 0057 0200     		.2byte	0x2
 1461 0059 30       		.byte	0x30
 1462 005a 9F       		.byte	0x9f
 1463 005b 00000000 		.4byte	0
 1464 005f 00000000 		.4byte	0
 1465              	.LLST2:
 1466 0063 8C000000 		.4byte	.LVL10
 1467 0067 A2000000 		.4byte	.LVL11
 1468 006b 0100     		.2byte	0x1
 1469 006d 54       		.byte	0x54
 1470 006e 00000000 		.4byte	0
 1471 0072 00000000 		.4byte	0
 1472              		.section	.debug_aranges,"",%progbits
 1473 0000 2C000000 		.4byte	0x2c
 1474 0004 0200     		.2byte	0x2
 1475 0006 00000000 		.4byte	.Ldebug_info0
 1476 000a 04       		.byte	0x4
 1477 000b 00       		.byte	0
 1478 000c 0000     		.2byte	0
 1479 000e 0000     		.2byte	0
 1480 0010 00000000 		.4byte	.LFB63
 1481 0014 44000000 		.4byte	.LFE63-.LFB63
 1482 0018 00000000 		.4byte	.LFB64
 1483 001c 14000000 		.4byte	.LFE64-.LFB64
 1484 0020 00000000 		.4byte	.LFB65
 1485 0024 FC000000 		.4byte	.LFE65-.LFB65
 1486 0028 00000000 		.4byte	0
 1487 002c 00000000 		.4byte	0
 1488              		.section	.debug_ranges,"",%progbits
 1489              	.Ldebug_ranges0:
 1490 0000 00000000 		.4byte	.LFB63
 1491 0004 44000000 		.4byte	.LFE63
 1492 0008 00000000 		.4byte	.LFB64
 1493 000c 14000000 		.4byte	.LFE64
 1494 0010 00000000 		.4byte	.LFB65
 1495 0014 FC000000 		.4byte	.LFE65
 1496 0018 00000000 		.4byte	0
 1497 001c 00000000 		.4byte	0
 1498              		.section	.debug_line,"",%progbits
 1499              	.Ldebug_line0:
 1500 0000 25020000 		.section	.debug_str,"MS",%progbits,1
 1500      0200BE01 
 1500      00000201 
ARM GAS  C:\Users\Michael\AppData\Local\Temp\cchYa3pz.s 			page 29


 1500      FB0E0D00 
 1500      01010101 
 1501              	.LASF49:
 1502 0000 52435F43 		.ascii	"RC_Ch2_Timer_Start\000"
 1502      68325F54 
 1502      696D6572 
 1502      5F537461 
 1502      727400
 1503              	.LASF35:
 1504 0013 52435F54 		.ascii	"RC_TIMER_MID_VALUE\000"
 1504      494D4552 
 1504      5F4D4944 
 1504      5F56414C 
 1504      554500
 1505              	.LASF41:
 1506 0026 6C617374 		.ascii	"last_rc_timer_count\000"
 1506      5F72635F 
 1506      74696D65 
 1506      725F636F 
 1506      756E7400 
 1507              	.LASF22:
 1508 003a 636F6E73 		.ascii	"construct_rc\000"
 1508      74727563 
 1508      745F7263 
 1508      00
 1509              	.LASF9:
 1510 0047 5F5F696E 		.ascii	"__int32_t\000"
 1510      7433325F 
 1510      7400
 1511              	.LASF4:
 1512 0051 6C6F6E67 		.ascii	"long int\000"
 1512      20696E74 
 1512      00
 1513              	.LASF3:
 1514 005a 73686F72 		.ascii	"short unsigned int\000"
 1514      7420756E 
 1514      7369676E 
 1514      65642069 
 1514      6E7400
 1515              	.LASF52:
 1516 006d 55534255 		.ascii	"USBUART_PutString\000"
 1516      4152545F 
 1516      50757453 
 1516      7472696E 
 1516      6700
 1517              	.LASF23:
 1518 007f 6765745F 		.ascii	"get_ch_value\000"
 1518      63685F76 
 1518      616C7565 
 1518      00
 1519              	.LASF40:
 1520 008c 52435F4D 		.ascii	"RC_MIN_VALUE\000"
 1520      494E5F56 
 1520      414C5545 
 1520      00
 1521              	.LASF25:
 1522 0099 52435F54 		.ascii	"RC_TIMER_AMPLITUDE\000"
ARM GAS  C:\Users\Michael\AppData\Local\Temp\cchYa3pz.s 			page 30


 1522      494D4552 
 1522      5F414D50 
 1522      4C495455 
 1522      444500
 1523              	.LASF26:
 1524 00ac 64656275 		.ascii	"debug\000"
 1524      6700
 1525              	.LASF15:
 1526 00b2 666C6F61 		.ascii	"float\000"
 1526      7400
 1527              	.LASF38:
 1528 00b8 52435F43 		.ascii	"RC_CONNECTION_TIMEOUT\000"
 1528      4F4E4E45 
 1528      4354494F 
 1528      4E5F5449 
 1528      4D454F55 
 1529              	.LASF34:
 1530 00ce 52435F54 		.ascii	"RC_TIMER_MAX_VALUE\000"
 1530      494D4552 
 1530      5F4D4158 
 1530      5F56414C 
 1530      554500
 1531              	.LASF24:
 1532 00e1 63685F76 		.ascii	"ch_value\000"
 1532      616C7565 
 1532      00
 1533              	.LASF27:
 1534 00ea 72635F74 		.ascii	"rc_timer_count\000"
 1534      696D6572 
 1534      5F636F75 
 1534      6E7400
 1535              	.LASF17:
 1536 00f9 63686172 		.ascii	"char8\000"
 1536      3800
 1537              	.LASF10:
 1538 00ff 696E7433 		.ascii	"int32_t\000"
 1538      325F7400 
 1539              	.LASF13:
 1540 0107 696E7431 		.ascii	"int16\000"
 1540      3600
 1541              	.LASF5:
 1542 010d 6C6F6E67 		.ascii	"long unsigned int\000"
 1542      20756E73 
 1542      69676E65 
 1542      6420696E 
 1542      7400
 1543              	.LASF14:
 1544 011f 696E7433 		.ascii	"int32\000"
 1544      3200
 1545              	.LASF53:
 1546 0125 52435F43 		.ascii	"RC_Ch2_Read\000"
 1546      68325F52 
 1546      65616400 
 1547              	.LASF1:
 1548 0131 756E7369 		.ascii	"unsigned char\000"
 1548      676E6564 
 1548      20636861 
ARM GAS  C:\Users\Michael\AppData\Local\Temp\cchYa3pz.s 			page 31


 1548      7200
 1549              	.LASF50:
 1550 013f 6D656D73 		.ascii	"memset\000"
 1550      657400
 1551              	.LASF16:
 1552 0146 646F7562 		.ascii	"double\000"
 1552      6C6500
 1553              	.LASF56:
 1554 014d 433A5C55 		.ascii	"C:\\Users\\Michael\\Dropbox (MIT)\\College\\Senior "
 1554      73657273 
 1554      5C4D6963 
 1554      6861656C 
 1554      5C44726F 
 1555 017b 59656172 		.ascii	"Year\\6.115 - Microcomputer Project Laboratory\\6.1"
 1555      5C362E31 
 1555      3135202D 
 1555      204D6963 
 1555      726F636F 
 1556 01ac 3135202D 		.ascii	"15 - Final Project\\Software\\PSoC Creator\\Ball.cy"
 1556      2046696E 
 1556      616C2050 
 1556      726F6A65 
 1556      63745C53 
 1557 01dc 64736E00 		.ascii	"dsn\000"
 1558              	.LASF12:
 1559 01e0 75696E74 		.ascii	"uint32\000"
 1559      333200
 1560              	.LASF39:
 1561 01e7 52435F4D 		.ascii	"RC_MAX_VALUE\000"
 1561      41585F56 
 1561      414C5545 
 1561      00
 1562              	.LASF28:
 1563 01f4 72635F74 		.ascii	"rc_timer_int_flag\000"
 1563      696D6572 
 1563      5F696E74 
 1563      5F666C61 
 1563      6700
 1564              	.LASF8:
 1565 0206 756E7369 		.ascii	"unsigned int\000"
 1565      676E6564 
 1565      20696E74 
 1565      00
 1566              	.LASF42:
 1567 0213 6C617374 		.ascii	"last_rc_connection\000"
 1567      5F72635F 
 1567      636F6E6E 
 1567      65637469 
 1567      6F6E00
 1568              	.LASF7:
 1569 0226 6C6F6E67 		.ascii	"long long unsigned int\000"
 1569      206C6F6E 
 1569      6720756E 
 1569      7369676E 
 1569      65642069 
 1570              	.LASF47:
 1571 023d 52435F43 		.ascii	"RC_Ch2_Timer_Interrupt_StartEx\000"
ARM GAS  C:\Users\Michael\AppData\Local\Temp\cchYa3pz.s 			page 32


 1571      68325F54 
 1571      696D6572 
 1571      5F496E74 
 1571      65727275 
 1572              	.LASF54:
 1573 025c 474E5520 		.ascii	"GNU C 4.9.3 20150303 (release) [ARM/embedded-4_9-br"
 1573      4320342E 
 1573      392E3320 
 1573      32303135 
 1573      30333033 
 1574 028f 616E6368 		.ascii	"anch revision 221220] -mcpu=cortex-m3 -mthumb -g -O"
 1574      20726576 
 1574      6973696F 
 1574      6E203232 
 1574      31323230 
 1575 02c2 67202D66 		.ascii	"g -ffunction-sections -ffat-lto-objects\000"
 1575      66756E63 
 1575      74696F6E 
 1575      2D736563 
 1575      74696F6E 
 1576              	.LASF51:
 1577 02ea 73707269 		.ascii	"sprintf\000"
 1577      6E746600 
 1578              	.LASF19:
 1579 02f2 63796973 		.ascii	"cyisraddress\000"
 1579      72616464 
 1579      72657373 
 1579      00
 1580              	.LASF48:
 1581 02ff 52435F43 		.ascii	"RC_Ch2_Timer_Stop\000"
 1581      68325F54 
 1581      696D6572 
 1581      5F53746F 
 1581      7000
 1582              	.LASF31:
 1583 0311 49544D5F 		.ascii	"ITM_RxBuffer\000"
 1583      52784275 
 1583      66666572 
 1583      00
 1584              	.LASF20:
 1585 031e 73697A65 		.ascii	"sizetype\000"
 1585      74797065 
 1585      00
 1586              	.LASF6:
 1587 0327 6C6F6E67 		.ascii	"long long int\000"
 1587      206C6F6E 
 1587      6720696E 
 1587      7400
 1588              	.LASF18:
 1589 0335 63686172 		.ascii	"char\000"
 1589      00
 1590              	.LASF44:
 1591 033a 52435F43 		.ascii	"RC_Ch2_Timer_ReadStatusRegister\000"
 1591      68325F54 
 1591      696D6572 
 1591      5F526561 
 1591      64537461 
ARM GAS  C:\Users\Michael\AppData\Local\Temp\cchYa3pz.s 			page 33


 1592              	.LASF37:
 1593 035a 52435F54 		.ascii	"RC_TIMER_MID_TOLERANCE\000"
 1593      494D4552 
 1593      5F4D4944 
 1593      5F544F4C 
 1593      4552414E 
 1594              	.LASF32:
 1595 0371 4D494C4C 		.ascii	"MILLISECONDS\000"
 1595      49534543 
 1595      4F4E4453 
 1595      00
 1596              	.LASF2:
 1597 037e 73686F72 		.ascii	"short int\000"
 1597      7420696E 
 1597      7400
 1598              	.LASF55:
 1599 0388 2E5C7263 		.ascii	".\\rc.c\000"
 1599      2E6300
 1600              	.LASF29:
 1601 038f 72635F63 		.ascii	"rc_connection_timer_count\000"
 1601      6F6E6E65 
 1601      6374696F 
 1601      6E5F7469 
 1601      6D65725F 
 1602              	.LASF11:
 1603 03a9 75696E74 		.ascii	"uint8\000"
 1603      3800
 1604              	.LASF43:
 1605 03af 72635F63 		.ascii	"rc_connected\000"
 1605      6F6E6E65 
 1605      63746564 
 1605      00
 1606              	.LASF21:
 1607 03bc 52435F43 		.ascii	"RC_Ch2_Timer_ISR_Handler\000"
 1607      68325F54 
 1607      696D6572 
 1607      5F495352 
 1607      5F48616E 
 1608              	.LASF33:
 1609 03d5 52435F54 		.ascii	"RC_TIMER_PERIOD\000"
 1609      494D4552 
 1609      5F504552 
 1609      494F4400 
 1610              	.LASF45:
 1611 03e5 52435F43 		.ascii	"RC_Ch2_Timer_ReadCapture\000"
 1611      68325F54 
 1611      696D6572 
 1611      5F526561 
 1611      64436170 
 1612              	.LASF0:
 1613 03fe 7369676E 		.ascii	"signed char\000"
 1613      65642063 
 1613      68617200 
 1614              	.LASF30:
 1615 040a 72635F63 		.ascii	"rc_connection_timer_int_flag\000"
 1615      6F6E6E65 
 1615      6374696F 
ARM GAS  C:\Users\Michael\AppData\Local\Temp\cchYa3pz.s 			page 34


 1615      6E5F7469 
 1615      6D65725F 
 1616              	.LASF36:
 1617 0427 52435F54 		.ascii	"RC_TIMER_MIN_VALUE\000"
 1617      494D4552 
 1617      5F4D494E 
 1617      5F56414C 
 1617      554500
 1618              	.LASF46:
 1619 043a 52435F43 		.ascii	"RC_Ch2_Timer_WriteCounter\000"
 1619      68325F54 
 1619      696D6572 
 1619      5F577269 
 1619      7465436F 
 1620              		.ident	"GCC: (GNU Tools for ARM Embedded Processors) 4.9.3 20150303 (release) [ARM/embedded-4_9-br
