--------------- Rebuild Started: 05/07/2023 22:07:33 Project: Ball, Configuration: ARM GCC 4.9-2015-q1-update Debug ---------------
Deleting file ".\CortexM3\ARM_GCC_493\Debug\main.o"
Deleting file ".\CortexM3\ARM_GCC_493\Debug\milliseconds.o"
Deleting file ".\CortexM3\ARM_GCC_493\Debug\rc_ch.o"
Deleting file ".\CortexM3\ARM_GCC_493\Debug\dc_motor.o"
Deleting file ".\CortexM3\ARM_GCC_493\Debug\mpu6050.o"
Deleting file ".\CortexM3\ARM_GCC_493\Debug\i2cFunctions.o"
Deleting file ".\CortexM3\ARM_GCC_493\Debug\imu.o"
Deleting file ".\CortexM3\ARM_GCC_493\Debug\pid.o"
Deleting file ".\CortexM3\ARM_GCC_493\Debug\cyfitter_cfg.o"
Deleting file ".\CortexM3\ARM_GCC_493\Debug\cymetadata.o"
Deleting file ".\CortexM3\ARM_GCC_493\Debug\Cm3Start.o"
Deleting file ".\CortexM3\ARM_GCC_493\Debug\CyBootAsmGnu.o"
Deleting file ".\CortexM3\ARM_GCC_493\Debug\CyDmac.o"
Deleting file ".\CortexM3\ARM_GCC_493\Debug\CyFlash.o"
Deleting file ".\CortexM3\ARM_GCC_493\Debug\CyLib.o"
Deleting file ".\CortexM3\ARM_GCC_493\Debug\cyPm.o"
Deleting file ".\CortexM3\ARM_GCC_493\Debug\CySpc.o"
Deleting file ".\CortexM3\ARM_GCC_493\Debug\cyutils.o"
Deleting file ".\CortexM3\ARM_GCC_493\Debug\USBUART.o"
Deleting file ".\CortexM3\ARM_GCC_493\Debug\USBUART_audio.o"
Deleting file ".\CortexM3\ARM_GCC_493\Debug\USBUART_boot.o"
Deleting file ".\CortexM3\ARM_GCC_493\Debug\USBUART_cdc.o"
Deleting file ".\CortexM3\ARM_GCC_493\Debug\USBUART_cls.o"
Deleting file ".\CortexM3\ARM_GCC_493\Debug\USBUART_descr.o"
Deleting file ".\CortexM3\ARM_GCC_493\Debug\USBUART_drv.o"
Deleting file ".\CortexM3\ARM_GCC_493\Debug\USBUART_episr.o"
Deleting file ".\CortexM3\ARM_GCC_493\Debug\USBUART_hid.o"
Deleting file ".\CortexM3\ARM_GCC_493\Debug\USBUART_pm.o"
Deleting file ".\CortexM3\ARM_GCC_493\Debug\USBUART_std.o"
Deleting file ".\CortexM3\ARM_GCC_493\Debug\USBUART_vnd.o"
Deleting file ".\CortexM3\ARM_GCC_493\Debug\USBUART_midi.o"
Deleting file ".\CortexM3\ARM_GCC_493\Debug\USBUART_msc.o"
Deleting file ".\CortexM3\ARM_GCC_493\Debug\USBUART_Dm.o"
Deleting file ".\CortexM3\ARM_GCC_493\Debug\USBUART_Dp.o"
Deleting file ".\CortexM3\ARM_GCC_493\Debug\RC_Ch2_Timer.o"
Deleting file ".\CortexM3\ARM_GCC_493\Debug\RC_Ch2_Timer_PM.o"
Deleting file ".\CortexM3\ARM_GCC_493\Debug\RC_Ch2_Timer_Interrupt.o"
Deleting file ".\CortexM3\ARM_GCC_493\Debug\Clock.o"
Deleting file ".\CortexM3\ARM_GCC_493\Debug\Clock_Millis_Interrupt.o"
Deleting file ".\CortexM3\ARM_GCC_493\Debug\Clock_Millis.o"
Deleting file ".\CortexM3\ARM_GCC_493\Debug\RC_Ch1.o"
Deleting file ".\CortexM3\ARM_GCC_493\Debug\RC_Ch1_Timer.o"
Deleting file ".\CortexM3\ARM_GCC_493\Debug\RC_Ch1_Timer_PM.o"
Deleting file ".\CortexM3\ARM_GCC_493\Debug\RC_Ch2.o"
Deleting file ".\CortexM3\ARM_GCC_493\Debug\RC_Ch1_Timer_Interrupt.o"
Deleting file ".\CortexM3\ARM_GCC_493\Debug\RC_Ch4_Timer.o"
Deleting file ".\CortexM3\ARM_GCC_493\Debug\RC_Ch4_Timer_PM.o"
Deleting file ".\CortexM3\ARM_GCC_493\Debug\RC_Ch4.o"
Deleting file ".\CortexM3\ARM_GCC_493\Debug\RC_Ch4_Timer_Interrupt.o"
Deleting file ".\CortexM3\ARM_GCC_493\Debug\RC_Ch3_Timer.o"
Deleting file ".\CortexM3\ARM_GCC_493\Debug\RC_Ch3_Timer_PM.o"
Deleting file ".\CortexM3\ARM_GCC_493\Debug\RC_Ch3.o"
Deleting file ".\CortexM3\ARM_GCC_493\Debug\RC_Ch3_Timer_Interrupt.o"
Deleting file ".\CortexM3\ARM_GCC_493\Debug\Drive_DC_Motor_In2.o"
Deleting file ".\CortexM3\ARM_GCC_493\Debug\Drive_DC_Motor_In1.o"
Deleting file ".\CortexM3\ARM_GCC_493\Debug\Drive_DC_Motor_PWM.o"
Deleting file ".\CortexM3\ARM_GCC_493\Debug\Drive_DC_Motor_PWM_PM.o"
Deleting file ".\CortexM3\ARM_GCC_493\Debug\Flywheel_DC_Motor_In1.o"
Deleting file ".\CortexM3\ARM_GCC_493\Debug\Pendulum_DC_Motor_In1.o"
Deleting file ".\CortexM3\ARM_GCC_493\Debug\Pendulum_DC_Motor_In2.o"
Deleting file ".\CortexM3\ARM_GCC_493\Debug\Pendulum_DC_Motor_PWM.o"
Deleting file ".\CortexM3\ARM_GCC_493\Debug\Pendulum_DC_Motor_PWM_PM.o"
Deleting file ".\CortexM3\ARM_GCC_493\Debug\Flywheel_DC_Motor_In2.o"
Deleting file ".\CortexM3\ARM_GCC_493\Debug\Flywheel_DC_Motor_PWM.o"
Deleting file ".\CortexM3\ARM_GCC_493\Debug\Flywheel_DC_Motor_PWM_PM.o"
Deleting file ".\CortexM3\ARM_GCC_493\Debug\MPU6050_SDA.o"
Deleting file ".\CortexM3\ARM_GCC_493\Debug\MPU6050_SCL.o"
Deleting file ".\CortexM3\ARM_GCC_493\Debug\MPU6050_I2C.o"
Deleting file ".\CortexM3\ARM_GCC_493\Debug\MPU6050_I2C_BOOT.o"
Deleting file ".\CortexM3\ARM_GCC_493\Debug\MPU6050_I2C_INT.o"
Deleting file ".\CortexM3\ARM_GCC_493\Debug\MPU6050_I2C_PM.o"
Deleting file ".\CortexM3\ARM_GCC_493\Debug\MPU6050_I2C_SLAVE.o"
Deleting file ".\CortexM3\ARM_GCC_493\Debug\MPU6050_I2C_MASTER.o"
Deleting file ".\CortexM3\ARM_GCC_493\Debug\Drive_DC_Motor_Quad_Dec.o"
Deleting file ".\CortexM3\ARM_GCC_493\Debug\Drive_DC_Motor_Quad_Dec_PM.o"
Deleting file ".\CortexM3\ARM_GCC_493\Debug\Drive_DC_Motor_Enc_A.o"
Deleting file ".\CortexM3\ARM_GCC_493\Debug\Drive_DC_Motor_Enc_B.o"
Deleting file ".\CortexM3\ARM_GCC_493\Debug\Drive_DC_Motor_Quad_Dec_Cnt16.o"
Deleting file ".\CortexM3\ARM_GCC_493\Debug\Drive_DC_Motor_Quad_Dec_Cnt16_PM.o"
Deleting file ".\CortexM3\ARM_GCC_493\Debug\Pendulum_DC_Motor_Quad_Dec.o"
Deleting file ".\CortexM3\ARM_GCC_493\Debug\Pendulum_DC_Motor_Quad_Dec_PM.o"
Deleting file ".\CortexM3\ARM_GCC_493\Debug\Pendulum_DC_Motor_Enc_A.o"
Deleting file ".\CortexM3\ARM_GCC_493\Debug\Pendulum_DC_Motor_Enc_B.o"
Deleting file ".\CortexM3\ARM_GCC_493\Debug\Pendulum_DC_Motor_Quad_Dec_Cnt16.o"
Deleting file ".\CortexM3\ARM_GCC_493\Debug\Pendulum_DC_Motor_Quad_Dec_Cnt16_PM.o"
Deleting file ".\CortexM3\ARM_GCC_493\Debug\Ball.hex"
Deleting file ".\CortexM3\ARM_GCC_493\Debug\Ball.elf"
Deleting file ".\CortexM3\ARM_GCC_493\Debug\Ball.map"
Deleting file ".\Ball.cycdx"
Deleting file ".\Ball.svd"
Deleting file ".\Ball.rpt"
Deleting file ".\Ball_timing.html"
Deleting file ".\CortexM3\ARM_GCC_493\Debug\.deps\C_FILE.P"
Deleting file ".\CortexM3\ARM_GCC_493\Debug\.deps\ARM_C_FILE.P"
Deleting file ".\CortexM3\ARM_GCC_493\Debug\.deps\GNU_ARM_ASM_FILE.P"
cydsfit.exe -.appdatapath "C:\Users\Michael\AppData\Local\Cypress Semiconductor\PSoC Creator\3.3" -.fdsnotice -.fdswarpdepfile=warp_dependencies.txt -.fdselabdepfile=elab_dependencies.txt -.fdsbldfile=generated_files.txt -p "C:\Users\Michael\Dropbox (MIT)\College\Senior Year\6.115 - Microcomputer Project Laboratory\6.115 - Final Project\Software\PSoC Creator\Ball.cydsn\Ball.cyprj" -d CY8C5888LTI-LP097 -s "C:\Users\Michael\Dropbox (MIT)\College\Senior Year\6.115 - Microcomputer Project Laboratory\6.115 - Final Project\Software\PSoC Creator\Ball.cydsn\Generated_Source\PSoC5" -- -yv2 -q10 -ygs -o2 -v3 -.fftcfgtype=LE
Elaborating Design...
ADD: sdb.M0025: error: No input on Instance "Status_LED", terminal "y_0".
 * C:\Users\Michael\Dropbox (MIT)\College\Senior Year\6.115 - Microcomputer Project Laboratory\6.115 - Final Project\Software\PSoC Creator\Ball.cydsn\TopDesign\TopDesign.cysch (Signal: Net_2966)
 * C:\Users\Michael\Dropbox (MIT)\College\Senior Year\6.115 - Microcomputer Project Laboratory\6.115 - Final Project\Software\PSoC Creator\Ball.cydsn\TopDesign\TopDesign.cysch (Shape_406.2)
ADD: sdb.M0050: error: Terminal "y_0" requires connection when it is visible.
 * C:\Users\Michael\Dropbox (MIT)\College\Senior Year\6.115 - Microcomputer Project Laboratory\6.115 - Final Project\Software\PSoC Creator\Ball.cydsn\TopDesign\TopDesign.cysch (Signal: Net_2966)
 * C:\Users\Michael\Dropbox (MIT)\College\Senior Year\6.115 - Microcomputer Project Laboratory\6.115 - Final Project\Software\PSoC Creator\Ball.cydsn\TopDesign\TopDesign.cysch (Shape_406.2)
Error: cdf.M0005: CyDsFit aborted due to errors, please address all errors and rerun CyDsFit. (App=cydsfit)
--------------- Rebuild Failed: 05/07/2023 22:07:35 ---------------
